2023-05-27 19:16:45 INFO     PROCESS:Calling KDS to get key pair
2023-05-27 19:16:45 INFO     PROCESS:Connecting to KDS
2023-05-27 19:16:45 DEBUG    PROCESS: id list: [1, 2, 3, 4, 5, 6, 7, 8, 9, 10, 11, 12, 13, 14, 15, 16, 17, 18, 19, 20],ip list ['10.0.0.1', '10.0.0.2', '10.0.0.3', '10.0.0.4', '10.0.0.5', '10.0.0.6', '10.0.0.7', '10.0.0.8', '10.0.0.9', '10.0.0.10', '10.0.0.11', '10.0.0.12', '10.0.0.13', '10.0.0.14', '10.0.0.15', '10.0.0.16', '10.0.0.17', '10.0.0.18', '10.0.0.19', '10.0.0.20']
2023-05-27 19:16:47 INFO     ----- EVALUATION CHECKPOINT: message receiving, time: 1685207807242.1926 -----
2023-05-27 19:16:47 INFO     AUTH: <10.0.0.1, 1> is the one with this key: {1: b'CcKP\xe7\x04\x81e\xd7j*V\xbfo>\xa4<\xb4\xbf6\x1f\x11\xe6\xad\xe0\x8ev\x80\x9f\xb9\xe0\xfa'}
2023-05-27 19:16:47 INFO     PROCESS:Connecting to KDS
2023-05-27 19:16:47 INFO     PROCESS:Connecting to KDS
2023-05-27 19:16:47 INFO     PROCESS:Connecting to KDS
2023-05-27 19:16:47 INFO     PROCESS:Connecting to KDS
2023-05-27 19:16:47 INFO     PROCESS:Connecting to KDS
2023-05-27 19:16:47 INFO     PROCESS:Connecting to KDS
2023-05-27 19:16:47 INFO     PROCESS:Connecting to KDS
2023-05-27 19:16:47 INFO     PROCESS:Connecting to KDS
2023-05-27 19:16:47 INFO     PROCESS:Connecting to KDS
2023-05-27 19:16:47 INFO     PROCESS:Connecting to KDS
2023-05-27 19:16:47 INFO     PROCESS:Connecting to KDS
2023-05-27 19:16:47 INFO     PROCESS:Connecting to KDS
2023-05-27 19:16:47 INFO     PROCESS:Connecting to KDS
2023-05-27 19:16:47 INFO     PROCESS:Connecting to KDS
2023-05-27 19:16:47 INFO     PROCESS:Connecting to KDS
2023-05-27 19:16:47 INFO     PROCESS:Connecting to KDS
2023-05-27 19:16:47 INFO     PROCESS:Signature check exit:<True>
2023-05-27 19:16:47 INFO     PROCESS:Signature check exit:<True>
2023-05-27 19:16:47 INFO     PROCESS:Connecting to KDS
2023-05-27 19:16:47 INFO     PROCESS:Connecting to KDS
2023-05-27 19:16:48 INFO     PROCESS:Signature check exit:<True>
2023-05-27 19:16:48 INFO     PROCESS:Connecting to KDS
2023-05-27 19:16:48 INFO     PROCESS:Connecting to KDS
2023-05-27 19:16:48 INFO     PROCESS:Signature check exit:<True>
2023-05-27 19:16:48 INFO     PUBLIC KEYS: {'1': {'N': 171420495123085078616090621514255377230968400102249261072517321288626624114722441126533261639545865348879330955307017704132423026407410603382579063961546191358947240670738402425073299076295885028795216027277374216576441274479634858914863564323280638622229081551657061477059425060181138516755802095179007018267, 'E': 65537}, '2': {'N': 118498748419133165782293060727357143003151781172456507315255217527715123901612577059805886699894612096234706445828890923637708909897437529671856151041183422928513779865623862992843366957327130848171596452448912218312193336242492859465958602683431456378867088200403092459916854014646677107110913335013113697917, 'E': 65537}, '3': {'N': 105666471397147789115661723394362607617557193229601710890933938614952926112599192735236204246651285060251905879916864598375345459235858641458220188222535852144679399901935819972528516260388575065539022647719339062589303675659598473804402223642806717780645340846494405598317876631833649694381447517486609820859, 'E': 65537}, '4': {'N': 97820195215259454185770778280053534590736582800426554804682566133432311251214885492727267370827057706884654346869726048108559524541937892777496217171198337962388173416297679188212445877213236533540097159587056673424117439278103471435977381399896160104853425705537924098929122323493812178377937487700011276807, 'E': 65537}, '5': {'N': 94217561934425679637906600600715138489418604508881290894609454889500929334282629699224943721844346664864963497711687288678794810460287017020235199570934303968904887453929663133271367465482784692227935981829749872914813836594226921930166104184674571267700834284612605796021035896784661688526429798338989134993, 'E': 65537}, '6': {'N': 124843640807739429730740854374758802095780336536381491077948757913308059826400598457648161854150216348309680118045936219630611903031356112828184624745791033581104678706616114585570279393434771434258999043443532191760278212383599394320132723655391920180578393299281570468690401811676067381839229529826014033401, 'E': 65537}, '7': {'N': 134722111813858377380170444370030065478894591920798344094189824053151472748919606243917138204585284361379575705196220061117711790566413539363507506502631970844917049090609826987880278602589740213107863729799321461714374665129359027574421444011989525824550905801381193250531716407902349492562371876578285607127, 'E': 65537}, '8': {'N': 138040060614531712706164961322710353191659394419266902166927613102219870146517953723134676000954409732135592334813743709198976215987852465503847625545599664779552505272329673730519527614056914932891119855769187109724862965855466036384480230425454027495012741878346908060799107288003134620030181567589721655313, 'E': 65537}, '9': {'N': 148625838177679671667571312955333668435942824825331960969060646446963853495162270111833100893772158215076839563877634975547762820557072640722727044441710385671733205645826137995916303998655964436780215466251266202271087973826313129867824875169524705023025078227951486341325599882123097311108276232061536226031, 'E': 65537}, '10': {'N': 106186471395225219829720159400401804897495706366776534226826863214605202256513106015459004899731932832076188726031482766092453772156147284094674899349178262547259275791414482023570532049964340778400144151362804517087787953930960541148530821100299978367649439401943995337390979484062432524073480481793806133983, 'E': 65537}, '11': {'N': 141053822954071141074111836133915698880474754421689665121069461117193799044184000190936931996829373042598670849146641621361211509056797416075212106002260914272564376533305824629901085011461161133515915309777505567765479901312831810648336683965426239146610740406092714866636828348904646796091578481709456728993, 'E': 65537}, '12': {'N': 138412672525935184397117735068356778649738695686637415075308445355472437138180200331112006417785431591232718178590690679823344278688728790158188344774911764252500086528145418343017960807258420438844898805892669034833049483490848137506065024759466822906111004147591300888531439191433735650071055443338256129103, 'E': 65537}, '13': {'N': 141090808051743845777167917758173714398471776945180843494095694388106445460778902354439615532965812478188681774073959456957443581525782935934860401469696507857424600063822651320595784563066795050177774721807706373161427620122090220952414927011394670104062416283225625661524982917629982565868973029095618316039, 'E': 65537}, '14': {'N': 129050219203049152801853928257216031413042766458378354059163060801397002969003335289500507955018013324985166444285286615074059384276799964121206202300912725475572539398828990342014004911631072108441886588912305472639033478442179432823606719607459140236804923335338858410208882793928892156373000078756001528271, 'E': 65537}, '15': {'N': 144221588216202899075357609863507054443791943767625098018436651603401400233040790649181670157286510199886752239623564383075382693376824935282550843985115867866168460899450464024971325044022972530545582786062667395860926816617466933304573852019446959405273200008343461014756393268308283697507829171470390284811, 'E': 65537}, '16': {'N': 110560220828432718692524337640936602211790164224511560347071778183163282322993900106561431580800909476284038495171858689127706208487392669726250806202749972808066245068529396431974756354150172013974116964690481214053482543936762395988553235584835884658054769476322738332097009620594219006702585012380089380907, 'E': 65537}, '17': {'N': 132905980929209422039444953275375355100426651100734757357075281584920860330715620017827216740197810178513743080042432710618408150421220958265911803265973631305630982517240376703220123630235559124421263866636165678156848863244073234250534054162005176493598320675091512972509739438248946297439745788279735754153, 'E': 65537}, '18': {'N': 109271280059468980989201934918859261912438191505180091599269748032823750798562088252870171476030618075745717741674684060065426254463099918393090617839272142560043375939849485644748598004238512945008169214224346022233006004331923020626496781661793552512904672423694583558204667263854969932594731116938025395321, 'E': 65537}, '19': {'N': 126696275510977835924360446089872122471919049364507841308013757943138581222185578296547100811437531800594385579198093820917295140182945763460731397662907566670664477577814388452558658843720173023391262541263962574414007477614755666191763641819870721807827380850239625433463384251367922028916719226537761990437, 'E': 65537}, '20': {'N': 126957559199012229676585159483925060079389316253724283891497406152972946428799619290624540933382745807934010722147688442209657239423190980290867560393563513288742715368753915753295333593204093479352930684473577573938044326816538552759286357780806448313073086222191124823533103463647383827604545114147194940881, 'E': 65537}}
2023-05-27 19:16:48 INFO     PROCESS:Signature:<0x8407c177e9a5e9a2a9f489dfa2f5d18becf749e242ece8e1799a8e261ef504c174b0bf177d6d58b3b9640ad9acc885a952f480aa873eaf2fe8b1b0ec140d98b352e525f358d7de34bc1f45cbf8041ef7db2bb95ff596bd62768d50a813b23953bb3751af4a7662c593bcd3f7fd2fbc51e6c55557c61792919647168f7d54325e>
2023-05-27 19:16:48 INFO     PROCESS:Signature check exit:<True>
2023-05-27 19:16:48 INFO     PROCESS:Signature check exit:<True>
2023-05-27 19:16:48 INFO     PROCESS:Signature check exit:<True>
2023-05-27 19:16:48 INFO     PROCESS:Signature check exit:<True>
2023-05-27 19:16:48 INFO     PROCESS:Signature check exit:<True>
2023-05-27 19:16:48 INFO     PROCESS:Signature check exit:<True>
2023-05-27 19:16:48 INFO     PROCESS:Signature check exit:<True>
2023-05-27 19:16:48 INFO     PROCESS:Vote message:{'FLAG': 'VOTE', 'MSG': 'bbcomwqmqdhjaoukyltxdnzywtznfkbotnhrsxleiaxgmeulzvkhtvkimwmwgqwbavkgdcsnabxucqkibieuhhkaxckajovtbboibkwfqxumkmsrbibgfnxghywrgjrtnmhkhehhflberqcclzcfnlocrdxxilnaaialsqamktidzenvozaowsyuhwaayzrdjrxmcdggbmlyysjfsxyekumeacnzudndyewzyiityxuecchaaklfabvhpukicmuvimpzgdylxlddzqnuszwbqmazzidicbdmkrdcbdfigpnmisqilsqstzvmywdpcvogdzkwaiykacborspddlmblfaoeeqrygcsafltabxwyiclcletqujbamoecaqcbfjcxpiqkuxeezhhnkdvmtuzdcgzwljksljmedhekttfquqmlhoeinxtvtdqmgglhvjripptlfgmkytmraqhvejkqemupuxxkojferuzgcohryjicchytexhcghmcuqwsqdg', 'SIGN': 92714826731232888348672502694172800760330256604768582676726714854294530387971582263185214027952611293885357111667213119891345173464365496970780819911596924373839122417168374752273313565165763175712040104449228033643947037228827246345979698699089891178492168712288249849842476873152590736704150932452499796574, 'TYPE': 1, 'FROM': 6},broadcasted successfully
2023-05-27 19:16:48 INFO     PROCESS:Signature check exit:<True>
2023-05-27 19:16:48 INFO     PROCESS:Signature check exit:<True>
2023-05-27 19:16:48 INFO     PROCESS:Signature check exit:<True>
2023-05-27 19:16:48 INFO     PROCESS:Signature check exit:<True>
2023-05-27 19:16:48 INFO     PROCESS:Signature check exit:<True>
2023-05-27 19:16:48 INFO     PROCESS:Signature check exit:<True>
2023-05-27 19:16:48 INFO     PROCESS:Signature check exit:<True>
2023-05-27 19:16:48 INFO     PROCESS:Signature check exit:<True>
2023-05-27 19:16:48 INFO     PROCESS:Signature check exit:<True>
2023-05-27 19:16:48 INFO     PROCESS:Already delivered not re-broadcast all the signed vote messages
2023-05-27 19:16:48 INFO     PROCESS:Already delivered not re-broadcast all the signed vote messages
2023-05-27 19:16:49 INFO     PROCESS:Already delivered not re-broadcast all the signed vote messages
2023-05-27 19:16:49 INFO     PROCESS:Already delivered not re-broadcast all the signed vote messages
2023-05-27 19:16:49 INFO     PROCESS:Already delivered not re-broadcast all the signed vote messages
2023-05-27 19:16:49 INFO     PROCESS:Already delivered not re-broadcast all the signed vote messages
2023-05-27 19:16:49 INFO     PROCESS:Already delivered not re-broadcast all the signed vote messages
2023-05-27 19:16:49 INFO     PROCESS:Already delivered not re-broadcast all the signed vote messages
2023-05-27 19:16:49 INFO     PROCESS:Already delivered not re-broadcast all the signed vote messages
2023-05-27 19:16:49 INFO     ----- MESSAGE DELIVERED, time: 1685207809751.0872, size: 0.8191432952880859
2023-05-27 19:16:49 INFO     BYTES SENT: 395
2023-05-27 19:16:49 INFO     BYTES SENT: 406
2023-05-27 19:16:49 INFO     PROCESS:Already delivered not re-broadcast all the signed vote messages
2023-05-27 19:16:49 INFO     PROCESS:Already delivered not re-broadcast all the signed vote messages
2023-05-27 19:16:49 INFO     PROCESS:Already delivered not re-broadcast all the signed vote messages
2023-05-27 19:16:49 INFO     BYTES SENT: 456
2023-05-27 19:16:50 INFO     PROCESS:Already delivered not re-broadcast all the signed vote messages
2023-05-27 19:16:50 INFO     PROCESS:Already delivered not re-broadcast all the signed vote messages
2023-05-27 19:16:50 INFO     BYTES SENT: 521
2023-05-27 19:16:50 INFO     PROCESS:Already delivered not re-broadcast all the signed vote messages
2023-05-27 19:16:50 INFO     PROCESS:Already delivered not re-broadcast all the signed vote messages
2023-05-27 19:16:50 INFO     BYTES SENT: 533
2023-05-27 19:16:50 INFO     PROCESS:Already delivered not re-broadcast all the signed vote messages
2023-05-27 19:16:50 INFO     PROCESS:Already delivered not re-broadcast all the signed vote messages
2023-05-27 19:16:50 INFO     PROCESS:Already delivered not re-broadcast all the signed vote messages
2023-05-27 19:16:50 INFO     PROCESS:Already delivered not re-broadcast all the signed vote messages
2023-05-27 19:16:50 INFO     PROCESS:Already delivered not re-broadcast all the signed vote messages
2023-05-27 19:16:50 INFO     PROCESS:Already delivered not re-broadcast all the signed vote messages
2023-05-27 19:16:50 INFO     PROCESS:Already delivered not re-broadcast all the signed vote messages
2023-05-27 19:16:50 INFO     PROCESS:Already delivered not re-broadcast all the signed vote messages
2023-05-27 19:16:50 INFO     PROCESS:Already delivered not re-broadcast all the signed vote messages
2023-05-27 19:16:50 INFO     PROCESS:Already delivered not re-broadcast all the signed vote messages
2023-05-27 19:16:50 INFO     PROCESS:Already delivered not re-broadcast all the signed vote messages
2023-05-27 19:16:50 INFO     PROCESS:Already delivered not re-broadcast all the signed vote messages
2023-05-27 19:16:50 INFO     PROCESS:Already delivered not re-broadcast all the signed vote messages
2023-05-27 19:16:50 INFO     PROCESS:Already delivered not re-broadcast all the signed vote messages
2023-05-27 19:16:51 INFO     PROCESS:Already delivered not re-broadcast all the signed vote messages
2023-05-27 19:16:51 INFO     BYTES SENT: 789
2023-05-27 19:16:51 INFO     PROCESS:Already delivered not re-broadcast all the signed vote messages
2023-05-27 19:16:51 INFO     BYTES SENT: 842
2023-05-27 19:16:51 INFO     BYTES SENT: 885
2023-05-27 19:16:52 INFO     BYTES SENT: 914
2023-05-27 19:16:52 INFO     PROCESS:Already delivered not re-broadcast all the signed vote messages
2023-05-27 19:16:52 INFO     BYTES SENT: 926
2023-05-27 19:16:52 INFO     PROCESS:Already delivered not re-broadcast all the signed vote messages
2023-05-27 19:16:52 INFO     PROCESS:Already delivered not re-broadcast all the signed vote messages
2023-05-27 19:16:52 INFO     PROCESS:Already delivered not re-broadcast all the signed vote messages
2023-05-27 19:16:52 INFO     PROCESS:Already delivered not re-broadcast all the signed vote messages
2023-05-27 19:16:52 INFO     BYTES SENT: 938
2023-05-27 19:16:52 INFO     BYTES SENT: 950
2023-05-27 19:16:52 INFO     PROCESS:Already delivered not re-broadcast all the signed vote messages
2023-05-27 19:16:52 INFO     PROCESS:Already delivered not re-broadcast all the signed vote messages
2023-05-27 19:16:52 INFO     BYTES SENT: 974
2023-05-27 19:16:52 INFO     PROCESS:Already delivered not re-broadcast all the signed vote messages
2023-05-27 19:16:52 INFO     PROCESS:Already delivered not re-broadcast all the signed vote messages
2023-05-27 19:16:52 INFO     PROCESS:Already delivered not re-broadcast all the signed vote messages
2023-05-27 19:16:52 INFO     BYTES SENT: 1014
2023-05-27 19:16:52 INFO     PROCESS:Already delivered not re-broadcast all the signed vote messages
2023-05-27 19:16:52 INFO     PROCESS:Already delivered not re-broadcast all the signed vote messages
2023-05-27 19:16:52 INFO     PROCESS:Already delivered not re-broadcast all the signed vote messages
2023-05-27 19:16:52 INFO     BYTES SENT: 1026
2023-05-27 19:16:52 INFO     PROCESS:Already delivered not re-broadcast all the signed vote messages
2023-05-27 19:16:52 INFO     BYTES SENT: 1086
2023-05-27 19:16:52 INFO     PROCESS:Already delivered not re-broadcast all the signed vote messages
2023-05-27 19:16:52 INFO     PROCESS:Already delivered not re-broadcast all the signed vote messages
2023-05-27 19:16:52 INFO     PROCESS:Already delivered not re-broadcast all the signed vote messages
2023-05-27 19:16:52 INFO     PROCESS:Already delivered not re-broadcast all the signed vote messages
2023-05-27 19:16:52 INFO     PROCESS:Already delivered not re-broadcast all the signed vote messages
2023-05-27 19:16:52 INFO     PROCESS:Already delivered not re-broadcast all the signed vote messages
2023-05-27 19:16:52 INFO     PROCESS:Already delivered not re-broadcast all the signed vote messages
2023-05-27 19:16:52 INFO     PROCESS:Already delivered not re-broadcast all the signed vote messages
2023-05-27 19:16:52 INFO     PROCESS:Already delivered not re-broadcast all the signed vote messages
2023-05-27 19:16:52 INFO     PROCESS:Already delivered not re-broadcast all the signed vote messages
2023-05-27 19:16:52 INFO     PROCESS:Already delivered not re-broadcast all the signed vote messages
2023-05-27 19:16:52 INFO     PROCESS:Already delivered not re-broadcast all the signed vote messages
2023-05-27 19:16:52 INFO     PROCESS:Already delivered not re-broadcast all the signed vote messages
2023-05-27 19:16:52 INFO     PROCESS:Already delivered not re-broadcast all the signed vote messages
2023-05-27 19:16:52 INFO     PROCESS:Already delivered not re-broadcast all the signed vote messages
2023-05-27 19:16:52 INFO     PROCESS:Already delivered not re-broadcast all the signed vote messages
2023-05-27 19:16:53 INFO     PROCESS:Already delivered not re-broadcast all the signed vote messages
2023-05-27 19:16:53 INFO     PROCESS:Already delivered not re-broadcast all the signed vote messages
2023-05-27 19:16:53 INFO     PROCESS:Already delivered not re-broadcast all the signed vote messages
2023-05-27 19:16:53 INFO     PROCESS:Already delivered not re-broadcast all the signed vote messages
2023-05-27 19:16:54 INFO     PROCESS:Already delivered not re-broadcast all the signed vote messages
2023-05-27 19:16:54 INFO     PROCESS:Already delivered not re-broadcast all the signed vote messages
2023-05-27 19:16:54 INFO     BYTES SENT: 1319
2023-05-27 19:16:54 INFO     BYTES SENT: 1376
2023-05-27 19:16:54 INFO     BYTES SENT: 1388
2023-05-27 19:16:54 INFO     PROCESS:Already delivered not re-broadcast all the signed vote messages
2023-05-27 19:16:55 INFO     BYTES SENT: 1415
2023-05-27 19:16:55 INFO     BYTES SENT: 1427
2023-05-27 19:16:55 INFO     PROCESS:Already delivered not re-broadcast all the signed vote messages
2023-05-27 19:16:55 INFO     BYTES SENT: 1456
2023-05-27 19:16:55 INFO     PROCESS:Already delivered not re-broadcast all the signed vote messages
2023-05-27 19:16:55 INFO     PROCESS:Already delivered not re-broadcast all the signed vote messages
2023-05-27 19:16:55 INFO     PROCESS:Already delivered not re-broadcast all the signed vote messages
2023-05-27 19:16:55 INFO     PROCESS:Already delivered not re-broadcast all the signed vote messages
2023-05-27 19:16:55 INFO     PROCESS:Already delivered not re-broadcast all the signed vote messages
2023-05-27 19:16:55 INFO     PROCESS:Already delivered not re-broadcast all the signed vote messages
2023-05-27 19:16:55 INFO     PROCESS:Already delivered not re-broadcast all the signed vote messages
2023-05-27 19:16:55 INFO     BYTES SENT: 1496
2023-05-27 19:16:55 INFO     PROCESS:Already delivered not re-broadcast all the signed vote messages
2023-05-27 19:16:55 INFO     PROCESS:Already delivered not re-broadcast all the signed vote messages
2023-05-27 19:16:55 INFO     PROCESS:Already delivered not re-broadcast all the signed vote messages
2023-05-27 19:16:55 INFO     BYTES SENT: 1508
2023-05-27 19:16:55 INFO     PROCESS:Already delivered not re-broadcast all the signed vote messages
2023-05-27 19:16:55 INFO     PROCESS:Already delivered not re-broadcast all the signed vote messages
2023-05-27 19:16:55 INFO     PROCESS:Already delivered not re-broadcast all the signed vote messages
2023-05-27 19:16:55 INFO     PROCESS:Already delivered not re-broadcast all the signed vote messages
2023-05-27 19:16:55 INFO     PROCESS:Already delivered not re-broadcast all the signed vote messages
2023-05-27 19:16:55 INFO     PROCESS:Already delivered not re-broadcast all the signed vote messages
2023-05-27 19:16:56 INFO     BYTES SENT: 1552
2023-05-27 19:16:56 INFO     BYTES SENT: 1564
2023-05-27 19:16:56 INFO     BYTES SENT: 1576
2023-05-27 19:16:56 INFO     PROCESS:Already delivered not re-broadcast all the signed vote messages
2023-05-27 19:16:56 INFO     PROCESS:Already delivered not re-broadcast all the signed vote messages
2023-05-27 19:16:56 INFO     PROCESS:Already delivered not re-broadcast all the signed vote messages
2023-05-27 19:16:56 INFO     BYTES SENT: 1588
2023-05-27 19:16:56 INFO     PROCESS:Already delivered not re-broadcast all the signed vote messages
2023-05-27 19:16:56 INFO     PROCESS:Already delivered not re-broadcast all the signed vote messages
2023-05-27 19:16:56 INFO     PROCESS:Already delivered not re-broadcast all the signed vote messages
2023-05-27 19:16:56 INFO     PROCESS:Already delivered not re-broadcast all the signed vote messages
2023-05-27 19:16:56 INFO     PROCESS:Already delivered not re-broadcast all the signed vote messages
2023-05-27 19:16:56 INFO     PROCESS:Already delivered not re-broadcast all the signed vote messages
2023-05-27 19:16:56 INFO     BYTES SENT: 1628
2023-05-27 19:16:56 INFO     PROCESS:Already delivered not re-broadcast all the signed vote messages
2023-05-27 19:16:56 INFO     PROCESS:Already delivered not re-broadcast all the signed vote messages
2023-05-27 19:16:56 INFO     BYTES SENT: 1640
2023-05-27 19:16:56 INFO     PROCESS:Already delivered not re-broadcast all the signed vote messages
2023-05-27 19:16:56 INFO     PROCESS:Already delivered not re-broadcast all the signed vote messages
2023-05-27 19:16:56 INFO     PROCESS:Already delivered not re-broadcast all the signed vote messages
2023-05-27 19:16:56 INFO     PROCESS:Already delivered not re-broadcast all the signed vote messages
2023-05-27 19:16:56 INFO     PROCESS:Already delivered not re-broadcast all the signed vote messages
2023-05-27 19:16:56 INFO     PROCESS:Already delivered not re-broadcast all the signed vote messages
2023-05-27 19:16:56 INFO     PROCESS:Already delivered not re-broadcast all the signed vote messages
2023-05-27 19:16:56 INFO     PROCESS:Already delivered not re-broadcast all the signed vote messages
2023-05-27 19:16:56 INFO     PROCESS:Already delivered not re-broadcast all the signed vote messages
2023-05-27 19:16:56 INFO     PROCESS:Already delivered not re-broadcast all the signed vote messages
2023-05-27 19:16:56 INFO     PROCESS:Already delivered not re-broadcast all the signed vote messages
2023-05-27 19:16:56 INFO     PROCESS:Already delivered not re-broadcast all the signed vote messages
2023-05-27 19:16:56 INFO     PROCESS:Already delivered not re-broadcast all the signed vote messages
2023-05-27 19:16:56 INFO     BYTES SENT: 1680
2023-05-27 19:16:56 INFO     BYTES SENT: 1680
2023-05-27 19:16:56 INFO     PROCESS:Already delivered not re-broadcast all the signed vote messages
2023-05-27 19:16:56 INFO     BYTES SENT: 1692
2023-05-27 19:16:56 INFO     BYTES SENT: 1732
2023-05-27 19:16:56 INFO     PROCESS:Already delivered not re-broadcast all the signed vote messages
2023-05-27 19:16:56 INFO     BYTES SENT: 1744
2023-05-27 19:16:56 INFO     PROCESS:Already delivered not re-broadcast all the signed vote messages
2023-05-27 19:16:56 INFO     PROCESS:Already delivered not re-broadcast all the signed vote messages
2023-05-27 19:16:56 INFO     PROCESS:Already delivered not re-broadcast all the signed vote messages
2023-05-27 19:16:56 INFO     BYTES SENT: 1773
2023-05-27 19:16:56 INFO     BYTES SENT: 1785
2023-05-27 19:16:56 INFO     PROCESS:Already delivered not re-broadcast all the signed vote messages
2023-05-27 19:16:56 INFO     BYTES SENT: 1797
2023-05-27 19:16:56 INFO     BYTES SENT: 1837
2023-05-27 19:16:56 INFO     PROCESS:Already delivered not re-broadcast all the signed vote messages
2023-05-27 19:16:56 INFO     BYTES SENT: 1849
2023-05-27 19:16:56 INFO     PROCESS:Already delivered not re-broadcast all the signed vote messages
2023-05-27 19:16:56 INFO     BYTES SENT: 1861
2023-05-27 19:16:56 INFO     PROCESS:Already delivered not re-broadcast all the signed vote messages
2023-05-27 19:16:56 INFO     PROCESS:Already delivered not re-broadcast all the signed vote messages
2023-05-27 19:16:56 INFO     BYTES SENT: 1873
2023-05-27 19:16:57 INFO     BYTES SENT: 1900
2023-05-27 19:16:57 INFO     BYTES SENT: 1940
2023-05-27 19:16:57 INFO     BYTES SENT: 1968
2023-05-27 19:16:57 INFO     BYTES SENT: 1980
2023-05-27 19:16:57 INFO     PROCESS:Already delivered not re-broadcast all the signed vote messages
2023-05-27 19:16:57 INFO     BYTES SENT: 1992
2023-05-27 19:16:57 INFO     PROCESS:Already delivered not re-broadcast all the signed vote messages
2023-05-27 19:16:57 INFO     PROCESS:Already delivered not re-broadcast all the signed vote messages
2023-05-27 19:16:57 INFO     BYTES SENT: 2004
2023-05-27 19:16:57 INFO     BYTES SENT: 2016
2023-05-27 19:16:57 INFO     BYTES SENT: 2028
2023-05-27 19:16:57 INFO     PROCESS:Already delivered not re-broadcast all the signed vote messages
2023-05-27 19:16:57 INFO     BYTES SENT: 2057
2023-05-27 19:16:57 INFO     PROCESS:Already delivered not re-broadcast all the signed vote messages
2023-05-27 19:16:57 INFO     PROCESS:Already delivered not re-broadcast all the signed vote messages
2023-05-27 19:16:57 INFO     BYTES SENT: 2069
2023-05-27 19:16:57 INFO     PROCESS:Already delivered not re-broadcast all the signed vote messages
2023-05-27 19:16:57 INFO     PROCESS:Already delivered not re-broadcast all the signed vote messages
2023-05-27 19:16:57 INFO     BYTES SENT: 2109
2023-05-27 19:16:57 INFO     BYTES SENT: 2136
2023-05-27 19:16:57 INFO     BYTES SENT: 2148
2023-05-27 19:16:57 INFO     BYTES SENT: 2160
2023-05-27 19:16:58 INFO     BYTES SENT: 2172
2023-05-27 19:16:58 INFO     BYTES SENT: 2200
2023-05-27 19:16:58 INFO     BYTES SENT: 2212
2023-05-27 19:16:58 INFO     BYTES SENT: 2241
