2023-05-28 10:58:09 INFO     PROCESS:Calling KDS to get key pair
2023-05-28 10:58:09 INFO     PROCESS:Connecting to KDS
2023-05-28 10:58:10 DEBUG    PROCESS: id list: [1, 2, 3, 4],ip list ['10.0.0.1', '10.0.0.2', '10.0.0.3', '10.0.0.4']
2023-05-28 10:58:15 INFO     ----- EVALUATION CHECKPOINT: message receiving, time: 1685264295680.3447 -----
2023-05-28 10:58:15 INFO     AUTH: <10.0.0.1, 1> is the one with this key: {1: b"\x0c\xd1T\x99^v\xafK\xcdr\xd0]\xa5\r\xa7\xbdK\x8f^\x17\xed'\xa3\xfa\xa5\xb0\x9c\xfb\x1e\xf0\x92Y"}
2023-05-28 10:58:15 INFO     PROCESS:Connecting to KDS
2023-05-28 10:58:15 INFO     PROCESS:Connecting to KDS
2023-05-28 10:58:15 INFO     PROCESS:Connecting to KDS
2023-05-28 10:58:15 INFO     PROCESS:Connecting to KDS
2023-05-28 10:58:15 INFO     PUBLIC KEYS: {'1': {'N': 110075168469495716490090232307769149973963243920651788565561466308830385553338646213991463848574960699522336140677185864606621165636560835804349960940507203588911077471323125622439880121730021278327688279528782432447936116898444179890566809570654569411306695719198852310389677957267166317412276156037169334827, 'E': 65537}, '2': {'N': 142031892346208121419266834718812388400812009742871355649841265132537301208525366373428627489864078777582434534373664667625697259400564137714598113963453759176080777744702836889236939891988971692601884892405605859509874750355988003464180296236140595840456236636065786888923402948286471746083803406299591673943, 'E': 65537}, '3': {'N': 144000538871142176829705020245574093357662787195065999817265762250210441884144756929513257847620806108993939065127678519094480232033291861925439957935333092181029971345389197831132036455444336457667137844140596545274377388608492593535564556502727335839492341916632577952497104788470244704819373208119906855981, 'E': 65537}, '4': {'N': 143127866189702006397356365453164763501790141951249821309308033188996157889473482806289388003577684785930469050899208139797197015237121512536928184419193624565792940304739115097207102529292928752726737130625381536406878933195162869560212183112049341959662826138694605825697372536247830729108370319969622272001, 'E': 65537}}
2023-05-28 10:58:15 INFO     PROCESS:Signature:<0x7970ccfa1fa78ad028a7fccb37ee4c76b31037016ceb4b7775fc0573330cf8365b62e3089dcc0946a72c8abe1ebb629146374a162a49b6b7205321c0ed13b088d654abe570baf86678c26122013fcd3e3cf67f64c7d244239423703198b2b2f02207f44cae202be75d166d739759486678e3702ad12c9a22080c32abe5209d9a>
2023-05-28 10:58:15 INFO     PROCESS:Signature check exit:<True>
2023-05-28 10:58:15 INFO     PROCESS:Signature check exit:<True>
2023-05-28 10:58:15 INFO     PROCESS:Vote message:{'FLAG': 'VOTE', 'MSG': 'hello', 'SIGN': 85278508872014479331294355541701320327050603543930635207598391837029858655797693283269221607748001403435025737310691938578777768276138723143437838860725140865691775620112019252702952005081644852242337302081923832071127473909462951910844571097568828036965279314380219759059019631514940375444853708200142216602, 'TYPE': 1, 'FROM': 1},broadcasted successfully
2023-05-28 10:58:15 INFO     PROCESS:Message:hello,broadcasted successfully
2023-05-28 10:58:15 INFO     PROCESS:Signature check exit:<True>
2023-05-28 10:58:15 INFO     ----- MESSAGE DELIVERED, time: 1685264295813.8472, size: 0.09491634368896484
2023-05-28 10:58:15 INFO     BYTES SENT: 6
2023-05-28 10:58:15 INFO     PROCESS:Already delivered not re-broadcast all the signed vote messages
2023-05-28 10:58:15 INFO     ----- MESSAGE DELIVERED, time: 1685264295815.0356, size: 0.0
2023-05-28 10:58:15 INFO     BYTES SENT: 6
2023-05-28 10:58:15 INFO     PROCESS:Already delivered not re-broadcast all the signed vote messages
2023-05-28 10:58:15 INFO     BYTES SENT: 7
2023-05-28 10:58:15 INFO     PROCESS:Already delivered not re-broadcast all the signed vote messages
2023-05-28 10:58:15 INFO     BYTES SENT: 8
2023-05-28 10:58:15 INFO     PROCESS:Already delivered not re-broadcast all the signed vote messages
2023-05-28 10:58:15 INFO     BYTES SENT: 10
2023-05-28 10:58:15 INFO     BYTES SENT: 11
2023-05-28 10:58:15 INFO     PROCESS:Already delivered not re-broadcast all the signed vote messages
2023-05-28 10:58:15 INFO     PROCESS:Already delivered not re-broadcast all the signed vote messages
2023-05-28 10:58:15 INFO     BYTES SENT: 14
2023-05-28 10:58:15 INFO     BYTES SENT: 15
2023-05-28 10:58:15 INFO     PROCESS:Already delivered not re-broadcast all the signed vote messages
2023-05-28 10:58:15 INFO     PROCESS:Already delivered not re-broadcast all the signed vote messages
2023-05-28 10:58:16 INFO     PROCESS:Already delivered not re-broadcast all the signed vote messages
2023-05-28 10:58:16 INFO     PROCESS:Already delivered not re-broadcast all the signed vote messages
2023-05-28 10:58:16 INFO     PROCESS:Already delivered not re-broadcast all the signed vote messages
2023-05-28 10:58:16 INFO     PROCESS:Already delivered not re-broadcast all the signed vote messages
2023-05-28 10:58:16 INFO     PROCESS:Already delivered not re-broadcast all the signed vote messages
2023-05-28 10:58:16 INFO     PROCESS:Already delivered not re-broadcast all the signed vote messages
2023-05-28 10:58:16 INFO     PROCESS:Already delivered not re-broadcast all the signed vote messages
2023-05-28 10:58:16 INFO     PROCESS:Already delivered not re-broadcast all the signed vote messages
2023-05-28 10:58:16 INFO     PROCESS:Signature check exit:<True>
2023-05-28 10:58:16 INFO     PROCESS:Already delivered not re-broadcast all the signed vote messages
2023-05-28 10:58:16 INFO     PROCESS:Already delivered not re-broadcast all the signed vote messages
2023-05-28 10:58:16 INFO     PROCESS:Already delivered not re-broadcast all the signed vote messages
2023-05-28 10:58:16 INFO     PROCESS:Already delivered not re-broadcast all the signed vote messages
