2023-05-28 10:58:12 INFO     PROCESS:Calling KDS to get key pair
2023-05-28 10:58:12 INFO     PROCESS:Connecting to KDS
2023-05-28 10:58:13 DEBUG    PROCESS: id list: [1, 2, 3, 4],ip list ['10.0.0.1', '10.0.0.2', '10.0.0.3', '10.0.0.4']
2023-05-28 10:58:15 INFO     ----- EVALUATION CHECKPOINT: message receiving, time: 1685264295737.6296 -----
2023-05-28 10:58:15 INFO     AUTH: <10.0.0.1, 1> is the one with this key: {1: b'\xcdi4v\xfdN\xcfR\xa3\x16\x9e\xa5\x19\xacRW4\x94\xf5\x13\xbemr\xa2\x98\xf1SJK\x9e\xaaG'}
2023-05-28 10:58:15 INFO     PROCESS:Connecting to KDS
2023-05-28 10:58:15 INFO     PROCESS:Signature check exit:<True>
2023-05-28 10:58:15 INFO     PROCESS:Connecting to KDS
2023-05-28 10:58:15 INFO     PROCESS:Signature check exit:<True>
2023-05-28 10:58:15 INFO     PROCESS:Connecting to KDS
2023-05-28 10:58:15 INFO     PROCESS:Connecting to KDS
2023-05-28 10:58:15 INFO     PUBLIC KEYS: {'1': {'N': 110075168469495716490090232307769149973963243920651788565561466308830385553338646213991463848574960699522336140677185864606621165636560835804349960940507203588911077471323125622439880121730021278327688279528782432447936116898444179890566809570654569411306695719198852310389677957267166317412276156037169334827, 'E': 65537}, '2': {'N': 142031892346208121419266834718812388400812009742871355649841265132537301208525366373428627489864078777582434534373664667625697259400564137714598113963453759176080777744702836889236939891988971692601884892405605859509874750355988003464180296236140595840456236636065786888923402948286471746083803406299591673943, 'E': 65537}, '3': {'N': 144000538871142176829705020245574093357662787195065999817265762250210441884144756929513257847620806108993939065127678519094480232033291861925439957935333092181029971345389197831132036455444336457667137844140596545274377388608492593535564556502727335839492341916632577952497104788470244704819373208119906855981, 'E': 65537}, '4': {'N': 143127866189702006397356365453164763501790141951249821309308033188996157889473482806289388003577684785930469050899208139797197015237121512536928184419193624565792940304739115097207102529292928752726737130625381536406878933195162869560212183112049341959662826138694605825697372536247830729108370319969622272001, 'E': 65537}}
2023-05-28 10:58:15 INFO     PROCESS:Signature:<0xb8dfcd06c6fc95f0c4b25841b825516300ec7b31f270f01178957adbe35276ecf8ea00e1d1f8aa30e49f2fce9b78d0799d4b8ba35bf96f10c34dca2260844c040f4f8b8a222fdeadbd8137c07acd2c881333de1be445a52082f1d0340ff2ec7f5555d83b33fc2978cca2a6432e681b5da28a35335d69b37f72357890b36d069c>
2023-05-28 10:58:15 INFO     PROCESS:Signature check exit:<True>
2023-05-28 10:58:15 INFO     PROCESS:Vote message:{'FLAG': 'VOTE', 'MSG': 'hello', 'SIGN': 129823093778213181602800545588292022846310058460981561046592667445517288789722130336469920892104867648494180232521905985814515432260628279707804509193516545754953131285812243557205889907537456465429374375227033693967683824771854866723739543365695923374056037375915328216820191104377925093068562510999035119260, 'TYPE': 1, 'FROM': 3},broadcasted successfully
2023-05-28 10:58:15 INFO     ----- MESSAGE DELIVERED, time: 1685264295821.3044, size: 0.11465263366699219
2023-05-28 10:58:15 INFO     BYTES SENT: 6
2023-05-28 10:58:15 INFO     ----- MESSAGE DELIVERED, time: 1685264295821.9375, size: 0.0
2023-05-28 10:58:15 INFO     PROCESS:Already delivered not re-broadcast all the signed vote messages
2023-05-28 10:58:15 INFO     BYTES SENT: 8
2023-05-28 10:58:15 INFO     PROCESS:Already delivered not re-broadcast all the signed vote messages
2023-05-28 10:58:15 INFO     PROCESS:Already delivered not re-broadcast all the signed vote messages
2023-05-28 10:58:15 INFO     BYTES SENT: 9
2023-05-28 10:58:15 INFO     BYTES SENT: 10
2023-05-28 10:58:15 INFO     PROCESS:Already delivered not re-broadcast all the signed vote messages
2023-05-28 10:58:15 INFO     PROCESS:Already delivered not re-broadcast all the signed vote messages
2023-05-28 10:58:15 INFO     BYTES SENT: 11
2023-05-28 10:58:15 INFO     BYTES SENT: 12
2023-05-28 10:58:15 INFO     PROCESS:Already delivered not re-broadcast all the signed vote messages
2023-05-28 10:58:15 INFO     PROCESS:Already delivered not re-broadcast all the signed vote messages
2023-05-28 10:58:15 INFO     BYTES SENT: 13
2023-05-28 10:58:15 INFO     PROCESS:Already delivered not re-broadcast all the signed vote messages
2023-05-28 10:58:15 INFO     BYTES SENT: 14
2023-05-28 10:58:16 INFO     PROCESS:Already delivered not re-broadcast all the signed vote messages
2023-05-28 10:58:16 INFO     PROCESS:Already delivered not re-broadcast all the signed vote messages
2023-05-28 10:58:16 INFO     PROCESS:Already delivered not re-broadcast all the signed vote messages
2023-05-28 10:58:16 INFO     PROCESS:Already delivered not re-broadcast all the signed vote messages
2023-05-28 10:58:16 INFO     PROCESS:Already delivered not re-broadcast all the signed vote messages
2023-05-28 10:58:16 INFO     PROCESS:Signature check exit:<True>
2023-05-28 10:58:16 INFO     PROCESS:Already delivered not re-broadcast all the signed vote messages
2023-05-28 10:58:16 INFO     PROCESS:Already delivered not re-broadcast all the signed vote messages
2023-05-28 10:58:16 INFO     PROCESS:Already delivered not re-broadcast all the signed vote messages
2023-05-28 10:58:16 INFO     PROCESS:Already delivered not re-broadcast all the signed vote messages
2023-05-28 10:58:16 INFO     PROCESS:Already delivered not re-broadcast all the signed vote messages
2023-05-28 10:58:16 INFO     PROCESS:Already delivered not re-broadcast all the signed vote messages
2023-05-28 10:58:16 INFO     PROCESS:Already delivered not re-broadcast all the signed vote messages
