2023-05-27 19:17:50 INFO     PROCESS:Calling KDS to get key pair
2023-05-27 19:17:50 INFO     PROCESS:Connecting to KDS
2023-05-27 19:17:51 DEBUG    PROCESS: id list: [1, 2, 3, 4, 5, 6, 7, 8, 9, 10, 11, 12, 13, 14, 15, 16, 17, 18, 19, 20],ip list ['10.0.0.1', '10.0.0.2', '10.0.0.3', '10.0.0.4', '10.0.0.5', '10.0.0.6', '10.0.0.7', '10.0.0.8', '10.0.0.9', '10.0.0.10', '10.0.0.11', '10.0.0.12', '10.0.0.13', '10.0.0.14', '10.0.0.15', '10.0.0.16', '10.0.0.17', '10.0.0.18', '10.0.0.19', '10.0.0.20']
2023-05-27 19:17:52 INFO     ----- EVALUATION CHECKPOINT: message receiving, time: 1685207872489.4888 -----
2023-05-27 19:17:52 INFO     AUTH: <10.0.0.1, 1> is the one with this key: {1: b'\r\x1a6["\x7f\x994(\xe2\xcfL\xad\xdb\xf0\\\xed\x10\x81\x93H`\xd9\x91\xd2\xc9r\xa28\x92\x10\xec'}
2023-05-27 19:17:52 INFO     PROCESS:Connecting to KDS
2023-05-27 19:17:52 INFO     PROCESS:Connecting to KDS
2023-05-27 19:17:52 INFO     PROCESS:Connecting to KDS
2023-05-27 19:17:52 INFO     PROCESS:Connecting to KDS
2023-05-27 19:17:52 INFO     PROCESS:Connecting to KDS
2023-05-27 19:17:52 INFO     PROCESS:Connecting to KDS
2023-05-27 19:17:52 INFO     PROCESS:Connecting to KDS
2023-05-27 19:17:52 INFO     PROCESS:Connecting to KDS
2023-05-27 19:17:52 INFO     PROCESS:Connecting to KDS
2023-05-27 19:17:52 INFO     PROCESS:Connecting to KDS
2023-05-27 19:17:52 INFO     PROCESS:Connecting to KDS
2023-05-27 19:17:52 INFO     PROCESS:Connecting to KDS
2023-05-27 19:17:53 INFO     PROCESS:Connecting to KDS
2023-05-27 19:17:53 INFO     PROCESS:Connecting to KDS
2023-05-27 19:17:53 INFO     PROCESS:Connecting to KDS
2023-05-27 19:17:53 INFO     PROCESS:Connecting to KDS
2023-05-27 19:17:53 INFO     PROCESS:Signature check exit:<True>
2023-05-27 19:17:53 INFO     PROCESS:Connecting to KDS
2023-05-27 19:17:53 INFO     PROCESS:Signature check exit:<True>
2023-05-27 19:17:53 INFO     PROCESS:Connecting to KDS
2023-05-27 19:17:53 INFO     PROCESS:Connecting to KDS
2023-05-27 19:17:53 INFO     PROCESS:Signature check exit:<True>
2023-05-27 19:17:53 INFO     PROCESS:Connecting to KDS
2023-05-27 19:17:53 INFO     PROCESS:Signature check exit:<True>
2023-05-27 19:17:53 INFO     PUBLIC KEYS: {'1': {'N': 134679801852092071593951506437625047025755666281573229354381371349262805548803450711140156444241811680787432083632131257677672587777114799579956132222314913383862683457176253981465332785682317410007458272873876585319036543772478341084547141629894910603495985584547057073376984583429572766473714124394032781989, 'E': 65537}, '2': {'N': 163322630693771523527545219515776623927221373701793266391866340001916202970221993422252864923622383738713365121721282037905090971654562012107715247923367245343672272171353071241840523131098170915361069376945462396987103303716909265145548058309431046830640884630557670158185791193577244899190978560395462975949, 'E': 65537}, '3': {'N': 170918239544424031450251007887443820177099156606986397681726762906517817564760881447941214162015188344618935028360389324031945796576805159717506298128050530457772746999193717715216319263421997687278364814249758093072106198804530428591403704195764454281902878220507351748331031232765979407835207745647995592557, 'E': 65537}, '4': {'N': 124941555490398265125565676626826700077882046448761211182477107319924589709848826239965120665009067078101820115410261433688006403865710752914883991549055982700480338543298991219577500966519181522009533647869001783809034469821339398450291941637034517927598517824141290151236456103839359207369343469010733353593, 'E': 65537}, '5': {'N': 102153973945366561399247931879109848238346569524723917605727462156716500206420954051813718709193464598768176771458069247051410890486849593712136393022827019017769470681156099351657672256747881873670119687776843799218312379663858843162459299178249210479609299787665673820318723671545232461813766998386570327109, 'E': 65537}, '6': {'N': 109515521566997956825610976890250443783459061613178590547343313392902591027204374756084926472000770495233383624186742105202103990072122469437992407005475169180762113577527278988583407329447812881840494042610437620749678380907909753763356340775234877709024070827641995831945579065754551796756245307702589519979, 'E': 65537}, '7': {'N': 142741134207498949816549552343063217179487452899134867762856772135064811742559303176813274256345598300330469497861078341454326949947956313697974399262941461707062625505122757514004887928352637847574376825219443022064778315642317342500726187635681542133503059988585674777698407362741229710901352868444546700739, 'E': 65537}, '8': {'N': 110663978628030677320908658175556869848039967246921725970189769573603302093124868683260265002639677337485506665645567577505768110082561203816358393605863080095287041039445894625819049012707135085582686768257744378228648622878388348945993932494959839708146937691308444772252367114794770528009484118767521555747, 'E': 65537}, '9': {'N': 160818115952890678610405034259605376857553156797820208201534892277982806308997383408756017412957104276851272569759522441084999489034557367808317560785593271398282064286405486357544874933280612178280183778877401666768452211000534594563226857961053337578612247943757904194038762014231482987464782188385924425237, 'E': 65537}, '10': {'N': 114003900681285156040068105985847590980514434640387633483365279418641764071662903953489574783982435378482672518895955930913998559547211629051918601571232142988556744683498812958728285824808542785624555072310517330661381384690117550388339172342464527920626364784276595228901804036050757485125652619285015640307, 'E': 65537}, '11': {'N': 116422631687465801737319676630060984233693692225609991412337522306765217057163168249899140855834737040627217022268261968044330748135969688646247255056308911563023671332499313005635854262793007943724592303689634094978933085064391399051041325462805873893039776349313575649266955992730430014224150483261704692049, 'E': 65537}, '12': {'N': 137708839326298493248287638307639400034816227264360472151484070757090440174117485031244374278810121445953919714223478728063187749308981805270359500920284987678664788848904239103032112664158585119181349206007633433601029697774792674008346476825879108611462615195593101885193646166251926615941966011219199406293, 'E': 65537}, '13': {'N': 127735631068157692353625261372957747198556373931257062279349077063323206011933164477972790838612360723423317957699257576766908198864045583126377940775648226020579820669827359564557882512033120892699553135086602357989115569593463296098625665352169709124342917505745054220240834081390977081296527731536051444721, 'E': 65537}, '14': {'N': 128811698503054043596295210032790115094952675248184577272556042483951516811363413218234707147238906856915268405906787017590399176886643828795772901221247015890537789508642564303741832421825384872636894968033428545237390566279125545932854473885850159061889551109051960667175783198018787696251504025288791493021, 'E': 65537}, '15': {'N': 98101159160802045973758194541819593993063542275532435983176668077827934617074336034729798412028684267394755893755536091694366132024310102400195279787798340673581889733017218629005378356556877704637778250249222268203009449481048658231494270013504436775623689985901957823298978892210656787357938661133353842163, 'E': 65537}, '16': {'N': 121629749015199241810994326722185339032598799864160966050163047711722859083296674613035599557429392437879460266809164576903210887913853758077598725866939499746526557127401858037971132947872909892056300254436919213288050206269409542830665361556492968188933372700985864625198226444614728157608669165893768840117, 'E': 65537}, '17': {'N': 109789373354264115755670748032767927833124890319018310805433115228051294097395836714909337761450641390888680823371254730499033657287267198336996195870249572988317981203397192897950633627422778807970747900821986258637731508201248754620889843543152245718992999311041247299659698016827082285812854382864914722173, 'E': 65537}, '18': {'N': 145711171987823755415669877102662117790026118446794514423279941097320755198824616092360206002539996036090256655739812228863333757523662343486774950607028298394459357443482918963555890631392246851734428329029285501322774988554086172138957086435235181274863063987741637557336483537892850809607105140289215338279, 'E': 65537}, '19': {'N': 127974676882908543703405127211757048771222335786241735819884803643107202172773791484081702344902081526452867135010585699369975941084275324212699629159941324635320444951503833263924563624641415500093613974621714360920957261774956652153395161314329377494622449144408255819469448135801779666508009224115670209427, 'E': 65537}, '20': {'N': 140947032768461586718877180434071467602450590805841927235032849958805681222285907260690693357891976301481317825178589941067846043285077989607579234916832545560504177856112771429944865224017788285677666944773337313623452290624813666099349224822451761058936595287136326857367961561392409571927930140844699015727, 'E': 65537}}
2023-05-27 19:17:53 INFO     PROCESS:Signature check exit:<True>
2023-05-27 19:17:53 INFO     PROCESS:Signature:<0x8aca83373acabd59824e2b0cea1771dff388cb6a6fdfd4e9013aeb13cc18d59a83f5e0572af987c2d51ec3e57b1707937e83cd9c2d824aa4b510c3abdbe595f03139d9dd88d7a241bf7c4cf56449e39e3702dd24bc0ac766758ebc3567c2c0f251e3e151e0240c4be988a4155e888c38a431c380413e30fc6136597796d625e2>
2023-05-27 19:17:53 INFO     PROCESS:Signature check exit:<True>
2023-05-27 19:17:53 INFO     PROCESS:Signature check exit:<True>
2023-05-27 19:17:53 INFO     PROCESS:Signature check exit:<True>
2023-05-27 19:17:53 INFO     PROCESS:Signature check exit:<True>
2023-05-27 19:17:53 INFO     PROCESS:Signature check exit:<True>
2023-05-27 19:17:53 INFO     PROCESS:Vote message:{'FLAG': 'VOTE', 'MSG': 'xjvwygbbkgaelvnhwnyyfkucskfhwfbqorefzfdrjprwkmxeaofzuebyhtjvlhxtixuhxrkheqpalbxknnissirduvfmiiszwfzexulxzklmiwibzczknjlawbiwnyrwsuseblchwpmemhfkatwxsjomkexzapnwdmlymbnnkmyjccxcutsmsitpvopxuwtpynekbxiklxlsyzusaqiifbogkururoytjmfrnnxbdpbbsbcfkmpwdolcxavkwngs', 'SIGN': 97462400070077006040264048504219738311533365365924516622063873449679454147496358979224635389101020742372046432114895442250404048803681854014967967358831644642695318192007764879132085810735448595081913638961321061061640821990096978283387087979442985997297317488150398391074972929690631910438831742812675253730, 'TYPE': 1, 'FROM': 6},broadcasted successfully
2023-05-27 19:17:53 INFO     PROCESS:Signature check exit:<True>
2023-05-27 19:17:53 INFO     PROCESS:Signature check exit:<True>
2023-05-27 19:17:53 INFO     PROCESS:Signature check exit:<True>
2023-05-27 19:17:53 INFO     PROCESS:Signature check exit:<True>
2023-05-27 19:17:53 INFO     PROCESS:Signature check exit:<True>
2023-05-27 19:17:53 INFO     PROCESS:Signature check exit:<True>
2023-05-27 19:17:53 INFO     PROCESS:Signature check exit:<True>
2023-05-27 19:17:53 INFO     PROCESS:Signature check exit:<True>
2023-05-27 19:17:53 INFO     PROCESS:Signature check exit:<True>
2023-05-27 19:17:53 INFO     PROCESS:Signature check exit:<True>
2023-05-27 19:17:53 INFO     PROCESS:Already delivered not re-broadcast all the signed vote messages
2023-05-27 19:17:53 INFO     PROCESS:Already delivered not re-broadcast all the signed vote messages
2023-05-27 19:17:54 INFO     PROCESS:Already delivered not re-broadcast all the signed vote messages
2023-05-27 19:17:54 INFO     PROCESS:Already delivered not re-broadcast all the signed vote messages
2023-05-27 19:17:54 INFO     PROCESS:Already delivered not re-broadcast all the signed vote messages
2023-05-27 19:17:54 INFO     PROCESS:Already delivered not re-broadcast all the signed vote messages
2023-05-27 19:17:54 INFO     ----- MESSAGE DELIVERED, time: 1685207874488.9985, size: 0.5140504837036133
2023-05-27 19:17:54 INFO     BYTES SENT: 293
2023-05-27 19:17:54 INFO     BYTES SENT: 301
2023-05-27 19:17:54 INFO     PROCESS:Already delivered not re-broadcast all the signed vote messages
2023-05-27 19:17:54 INFO     PROCESS:Already delivered not re-broadcast all the signed vote messages
2023-05-27 19:17:54 INFO     PROCESS:Already delivered not re-broadcast all the signed vote messages
2023-05-27 19:17:54 INFO     PROCESS:Already delivered not re-broadcast all the signed vote messages
2023-05-27 19:17:54 INFO     PROCESS:Already delivered not re-broadcast all the signed vote messages
2023-05-27 19:17:55 INFO     BYTES SENT: 327
2023-05-27 19:17:55 INFO     BYTES SENT: 344
2023-05-27 19:17:55 INFO     BYTES SENT: 373
2023-05-27 19:17:55 INFO     PROCESS:Already delivered not re-broadcast all the signed vote messages
2023-05-27 19:17:55 INFO     BYTES SENT: 412
2023-05-27 19:17:55 INFO     PROCESS:Already delivered not re-broadcast all the signed vote messages
2023-05-27 19:17:55 INFO     PROCESS:Already delivered not re-broadcast all the signed vote messages
2023-05-27 19:17:55 INFO     PROCESS:Already delivered not re-broadcast all the signed vote messages
2023-05-27 19:17:55 INFO     PROCESS:Already delivered not re-broadcast all the signed vote messages
2023-05-27 19:17:55 INFO     PROCESS:Already delivered not re-broadcast all the signed vote messages
2023-05-27 19:17:55 INFO     BYTES SENT: 432
2023-05-27 19:17:55 INFO     PROCESS:Already delivered not re-broadcast all the signed vote messages
2023-05-27 19:17:55 INFO     BYTES SENT: 441
2023-05-27 19:17:55 INFO     PROCESS:Already delivered not re-broadcast all the signed vote messages
2023-05-27 19:17:55 INFO     PROCESS:Already delivered not re-broadcast all the signed vote messages
2023-05-27 19:17:55 INFO     PROCESS:Already delivered not re-broadcast all the signed vote messages
2023-05-27 19:17:55 INFO     PROCESS:Already delivered not re-broadcast all the signed vote messages
2023-05-27 19:17:55 INFO     PROCESS:Already delivered not re-broadcast all the signed vote messages
2023-05-27 19:17:55 INFO     PROCESS:Already delivered not re-broadcast all the signed vote messages
2023-05-27 19:17:55 INFO     PROCESS:Already delivered not re-broadcast all the signed vote messages
2023-05-27 19:17:55 INFO     PROCESS:Already delivered not re-broadcast all the signed vote messages
2023-05-27 19:17:55 INFO     PROCESS:Already delivered not re-broadcast all the signed vote messages
2023-05-27 19:17:55 INFO     PROCESS:Already delivered not re-broadcast all the signed vote messages
2023-05-27 19:17:55 INFO     BYTES SENT: 548
2023-05-27 19:17:55 INFO     PROCESS:Already delivered not re-broadcast all the signed vote messages
2023-05-27 19:17:55 INFO     BYTES SENT: 575
2023-05-27 19:17:55 INFO     BYTES SENT: 621
2023-05-27 19:17:56 INFO     PROCESS:Already delivered not re-broadcast all the signed vote messages
2023-05-27 19:17:56 INFO     PROCESS:Already delivered not re-broadcast all the signed vote messages
2023-05-27 19:17:56 INFO     PROCESS:Already delivered not re-broadcast all the signed vote messages
2023-05-27 19:17:56 INFO     PROCESS:Already delivered not re-broadcast all the signed vote messages
2023-05-27 19:17:56 INFO     PROCESS:Already delivered not re-broadcast all the signed vote messages
2023-05-27 19:17:56 INFO     PROCESS:Already delivered not re-broadcast all the signed vote messages
2023-05-27 19:17:56 INFO     PROCESS:Already delivered not re-broadcast all the signed vote messages
2023-05-27 19:17:56 INFO     BYTES SENT: 751
2023-05-27 19:17:56 INFO     PROCESS:Already delivered not re-broadcast all the signed vote messages
2023-05-27 19:17:56 INFO     PROCESS:Already delivered not re-broadcast all the signed vote messages
2023-05-27 19:17:56 INFO     PROCESS:Already delivered not re-broadcast all the signed vote messages
2023-05-27 19:17:56 INFO     PROCESS:Already delivered not re-broadcast all the signed vote messages
2023-05-27 19:17:56 INFO     PROCESS:Already delivered not re-broadcast all the signed vote messages
2023-05-27 19:17:56 INFO     BYTES SENT: 768
2023-05-27 19:17:56 INFO     BYTES SENT: 768
2023-05-27 19:17:56 INFO     PROCESS:Already delivered not re-broadcast all the signed vote messages
2023-05-27 19:17:56 INFO     PROCESS:Already delivered not re-broadcast all the signed vote messages
2023-05-27 19:17:56 INFO     BYTES SENT: 787
2023-05-27 19:17:56 INFO     PROCESS:Already delivered not re-broadcast all the signed vote messages
2023-05-27 19:17:57 INFO     PROCESS:Already delivered not re-broadcast all the signed vote messages
2023-05-27 19:17:57 INFO     PROCESS:Already delivered not re-broadcast all the signed vote messages
2023-05-27 19:17:57 INFO     PROCESS:Already delivered not re-broadcast all the signed vote messages
2023-05-27 19:17:57 INFO     PROCESS:Already delivered not re-broadcast all the signed vote messages
2023-05-27 19:17:57 INFO     PROCESS:Already delivered not re-broadcast all the signed vote messages
2023-05-27 19:17:57 INFO     PROCESS:Already delivered not re-broadcast all the signed vote messages
2023-05-27 19:17:57 INFO     PROCESS:Already delivered not re-broadcast all the signed vote messages
2023-05-27 19:17:57 INFO     PROCESS:Already delivered not re-broadcast all the signed vote messages
2023-05-27 19:17:57 INFO     BYTES SENT: 816
2023-05-27 19:17:57 INFO     PROCESS:Already delivered not re-broadcast all the signed vote messages
2023-05-27 19:17:57 INFO     PROCESS:Already delivered not re-broadcast all the signed vote messages
2023-05-27 19:17:57 INFO     PROCESS:Already delivered not re-broadcast all the signed vote messages
2023-05-27 19:17:57 INFO     PROCESS:Already delivered not re-broadcast all the signed vote messages
2023-05-27 19:17:58 INFO     PROCESS:Already delivered not re-broadcast all the signed vote messages
2023-05-27 19:17:58 INFO     PROCESS:Already delivered not re-broadcast all the signed vote messages
2023-05-27 19:17:58 INFO     PROCESS:Already delivered not re-broadcast all the signed vote messages
2023-05-27 19:17:58 INFO     BYTES SENT: 835
2023-05-27 19:17:58 INFO     PROCESS:Already delivered not re-broadcast all the signed vote messages
2023-05-27 19:17:58 INFO     PROCESS:Already delivered not re-broadcast all the signed vote messages
2023-05-27 19:17:58 INFO     PROCESS:Already delivered not re-broadcast all the signed vote messages
2023-05-27 19:17:58 INFO     PROCESS:Already delivered not re-broadcast all the signed vote messages
2023-05-27 19:17:58 INFO     PROCESS:Already delivered not re-broadcast all the signed vote messages
2023-05-27 19:17:58 INFO     PROCESS:Already delivered not re-broadcast all the signed vote messages
2023-05-27 19:17:58 INFO     PROCESS:Already delivered not re-broadcast all the signed vote messages
2023-05-27 19:17:58 INFO     PROCESS:Already delivered not re-broadcast all the signed vote messages
2023-05-27 19:17:58 INFO     BYTES SENT: 910
2023-05-27 19:17:58 INFO     PROCESS:Already delivered not re-broadcast all the signed vote messages
2023-05-27 19:17:59 INFO     PROCESS:Already delivered not re-broadcast all the signed vote messages
2023-05-27 19:17:59 INFO     BYTES SENT: 929
2023-05-27 19:17:59 INFO     PROCESS:Already delivered not re-broadcast all the signed vote messages
2023-05-27 19:17:59 INFO     BYTES SENT: 938
2023-05-27 19:17:59 INFO     PROCESS:Already delivered not re-broadcast all the signed vote messages
2023-05-27 19:17:59 INFO     PROCESS:Already delivered not re-broadcast all the signed vote messages
2023-05-27 19:17:59 INFO     PROCESS:Already delivered not re-broadcast all the signed vote messages
2023-05-27 19:17:59 INFO     PROCESS:Already delivered not re-broadcast all the signed vote messages
2023-05-27 19:17:59 INFO     PROCESS:Already delivered not re-broadcast all the signed vote messages
2023-05-27 19:17:59 INFO     BYTES SENT: 946
2023-05-27 19:17:59 INFO     PROCESS:Already delivered not re-broadcast all the signed vote messages
2023-05-27 19:17:59 INFO     PROCESS:Already delivered not re-broadcast all the signed vote messages
2023-05-27 19:17:59 INFO     PROCESS:Already delivered not re-broadcast all the signed vote messages
2023-05-27 19:17:59 INFO     PROCESS:Already delivered not re-broadcast all the signed vote messages
2023-05-27 19:17:59 INFO     PROCESS:Already delivered not re-broadcast all the signed vote messages
2023-05-27 19:17:59 INFO     PROCESS:Already delivered not re-broadcast all the signed vote messages
2023-05-27 19:17:59 INFO     PROCESS:Already delivered not re-broadcast all the signed vote messages
2023-05-27 19:17:59 INFO     PROCESS:Already delivered not re-broadcast all the signed vote messages
2023-05-27 19:17:59 INFO     PROCESS:Already delivered not re-broadcast all the signed vote messages
2023-05-27 19:17:59 INFO     PROCESS:Already delivered not re-broadcast all the signed vote messages
2023-05-27 19:17:59 INFO     PROCESS:Already delivered not re-broadcast all the signed vote messages
2023-05-27 19:17:59 INFO     PROCESS:Already delivered not re-broadcast all the signed vote messages
2023-05-27 19:17:59 INFO     PROCESS:Already delivered not re-broadcast all the signed vote messages
2023-05-27 19:17:59 INFO     PROCESS:Already delivered not re-broadcast all the signed vote messages
2023-05-27 19:17:59 INFO     PROCESS:Already delivered not re-broadcast all the signed vote messages
2023-05-27 19:17:59 INFO     PROCESS:Already delivered not re-broadcast all the signed vote messages
2023-05-27 19:17:59 INFO     PROCESS:Already delivered not re-broadcast all the signed vote messages
2023-05-27 19:17:59 INFO     PROCESS:Already delivered not re-broadcast all the signed vote messages
2023-05-27 19:17:59 INFO     PROCESS:Already delivered not re-broadcast all the signed vote messages
2023-05-27 19:17:59 INFO     BYTES SENT: 975
2023-05-27 19:17:59 INFO     PROCESS:Already delivered not re-broadcast all the signed vote messages
2023-05-27 19:17:59 INFO     PROCESS:Already delivered not re-broadcast all the signed vote messages
2023-05-27 19:17:59 INFO     PROCESS:Already delivered not re-broadcast all the signed vote messages
2023-05-27 19:17:59 INFO     BYTES SENT: 983
2023-05-27 19:17:59 INFO     PROCESS:Already delivered not re-broadcast all the signed vote messages
2023-05-27 19:17:59 INFO     BYTES SENT: 1004
2023-05-27 19:17:59 INFO     PROCESS:Already delivered not re-broadcast all the signed vote messages
2023-05-27 19:17:59 INFO     PROCESS:Already delivered not re-broadcast all the signed vote messages
2023-05-27 19:17:59 INFO     PROCESS:Already delivered not re-broadcast all the signed vote messages
2023-05-27 19:17:59 INFO     BYTES SENT: 1034
2023-05-27 19:17:59 INFO     PROCESS:Already delivered not re-broadcast all the signed vote messages
2023-05-27 19:17:59 INFO     PROCESS:Already delivered not re-broadcast all the signed vote messages
2023-05-27 19:17:59 INFO     BYTES SENT: 1043
2023-05-27 19:17:59 INFO     PROCESS:Already delivered not re-broadcast all the signed vote messages
2023-05-27 19:17:59 INFO     PROCESS:Already delivered not re-broadcast all the signed vote messages
2023-05-27 19:17:59 INFO     BYTES SENT: 1051
2023-05-27 19:17:59 INFO     PROCESS:Already delivered not re-broadcast all the signed vote messages
2023-05-27 19:17:59 INFO     PROCESS:Already delivered not re-broadcast all the signed vote messages
2023-05-27 19:17:59 INFO     PROCESS:Already delivered not re-broadcast all the signed vote messages
2023-05-27 19:17:59 INFO     PROCESS:Already delivered not re-broadcast all the signed vote messages
2023-05-27 19:17:59 INFO     PROCESS:Already delivered not re-broadcast all the signed vote messages
2023-05-27 19:17:59 INFO     BYTES SENT: 1102
2023-05-27 19:17:59 INFO     PROCESS:Already delivered not re-broadcast all the signed vote messages
2023-05-27 19:17:59 INFO     PROCESS:Already delivered not re-broadcast all the signed vote messages
2023-05-27 19:18:00 INFO     BYTES SENT: 1122
2023-05-27 19:18:00 INFO     PROCESS:Already delivered not re-broadcast all the signed vote messages
2023-05-27 19:18:00 INFO     PROCESS:Already delivered not re-broadcast all the signed vote messages
2023-05-27 19:18:00 INFO     PROCESS:Already delivered not re-broadcast all the signed vote messages
2023-05-27 19:18:00 INFO     PROCESS:Already delivered not re-broadcast all the signed vote messages
2023-05-27 19:18:00 INFO     PROCESS:Already delivered not re-broadcast all the signed vote messages
2023-05-27 19:18:00 INFO     PROCESS:Already delivered not re-broadcast all the signed vote messages
2023-05-27 19:18:00 INFO     PROCESS:Already delivered not re-broadcast all the signed vote messages
2023-05-27 19:18:00 INFO     PROCESS:Already delivered not re-broadcast all the signed vote messages
2023-05-27 19:18:00 INFO     PROCESS:Already delivered not re-broadcast all the signed vote messages
2023-05-27 19:18:00 INFO     PROCESS:Already delivered not re-broadcast all the signed vote messages
2023-05-27 19:18:00 INFO     BYTES SENT: 1161
2023-05-27 19:18:00 INFO     PROCESS:Already delivered not re-broadcast all the signed vote messages
2023-05-27 19:18:00 INFO     BYTES SENT: 1170
2023-05-27 19:18:00 INFO     PROCESS:Already delivered not re-broadcast all the signed vote messages
2023-05-27 19:18:00 INFO     PROCESS:Already delivered not re-broadcast all the signed vote messages
2023-05-27 19:18:00 INFO     PROCESS:Already delivered not re-broadcast all the signed vote messages
2023-05-27 19:18:00 INFO     BYTES SENT: 1222
2023-05-27 19:18:00 INFO     PROCESS:Already delivered not re-broadcast all the signed vote messages
2023-05-27 19:18:00 INFO     BYTES SENT: 1241
2023-05-27 19:18:00 INFO     PROCESS:Already delivered not re-broadcast all the signed vote messages
2023-05-27 19:18:00 INFO     BYTES SENT: 1249
2023-05-27 19:18:00 INFO     PROCESS:Already delivered not re-broadcast all the signed vote messages
2023-05-27 19:18:00 INFO     BYTES SENT: 1258
2023-05-27 19:18:00 INFO     BYTES SENT: 1278
2023-05-27 19:18:00 INFO     PROCESS:Already delivered not re-broadcast all the signed vote messages
2023-05-27 19:18:00 INFO     PROCESS:Already delivered not re-broadcast all the signed vote messages
2023-05-27 19:18:00 INFO     PROCESS:Already delivered not re-broadcast all the signed vote messages
2023-05-27 19:18:00 INFO     PROCESS:Already delivered not re-broadcast all the signed vote messages
2023-05-27 19:18:00 INFO     BYTES SENT: 1329
2023-05-27 19:18:01 INFO     BYTES SENT: 1337
2023-05-27 19:18:01 INFO     BYTES SENT: 1346
2023-05-27 19:18:01 INFO     PROCESS:Already delivered not re-broadcast all the signed vote messages
2023-05-27 19:18:01 INFO     BYTES SENT: 1354
2023-05-27 19:18:01 INFO     BYTES SENT: 1363
2023-05-27 19:18:01 INFO     PROCESS:Already delivered not re-broadcast all the signed vote messages
2023-05-27 19:18:01 INFO     PROCESS:Already delivered not re-broadcast all the signed vote messages
2023-05-27 19:18:01 INFO     PROCESS:Already delivered not re-broadcast all the signed vote messages
2023-05-27 19:18:01 INFO     PROCESS:Already delivered not re-broadcast all the signed vote messages
2023-05-27 19:18:01 INFO     PROCESS:Already delivered not re-broadcast all the signed vote messages
2023-05-27 19:18:01 INFO     PROCESS:Already delivered not re-broadcast all the signed vote messages
2023-05-27 19:18:01 INFO     PROCESS:Already delivered not re-broadcast all the signed vote messages
2023-05-27 19:18:01 INFO     BYTES SENT: 1404
2023-05-27 19:18:01 INFO     PROCESS:Already delivered not re-broadcast all the signed vote messages
2023-05-27 19:18:01 INFO     PROCESS:Already delivered not re-broadcast all the signed vote messages
2023-05-27 19:18:01 INFO     PROCESS:Already delivered not re-broadcast all the signed vote messages
2023-05-27 19:18:01 INFO     BYTES SENT: 1434
2023-05-27 19:18:01 INFO     BYTES SENT: 1442
2023-05-27 19:18:01 INFO     PROCESS:Already delivered not re-broadcast all the signed vote messages
2023-05-27 19:18:01 INFO     BYTES SENT: 1451
2023-05-27 19:18:01 INFO     PROCESS:Already delivered not re-broadcast all the signed vote messages
2023-05-27 19:18:01 INFO     BYTES SENT: 1459
2023-05-27 19:18:01 INFO     BYTES SENT: 1467
2023-05-27 19:18:01 INFO     BYTES SENT: 1476
2023-05-27 19:18:01 INFO     BYTES SENT: 1528
2023-05-27 19:18:01 INFO     BYTES SENT: 1537
2023-05-27 19:18:01 INFO     PROCESS:Already delivered not re-broadcast all the signed vote messages
2023-05-27 19:18:01 INFO     BYTES SENT: 1555
2023-05-27 19:18:01 INFO     PROCESS:Already delivered not re-broadcast all the signed vote messages
2023-05-27 19:18:01 INFO     PROCESS:Already delivered not re-broadcast all the signed vote messages
2023-05-27 19:18:01 INFO     PROCESS:Already delivered not re-broadcast all the signed vote messages
2023-05-27 19:18:01 INFO     PROCESS:Already delivered not re-broadcast all the signed vote messages
2023-05-27 19:18:01 INFO     PROCESS:Already delivered not re-broadcast all the signed vote messages
2023-05-27 19:18:01 INFO     BYTES SENT: 1564
2023-05-27 19:18:01 INFO     BYTES SENT: 1584
2023-05-27 19:18:01 INFO     BYTES SENT: 1593
2023-05-27 19:18:01 INFO     BYTES SENT: 1611
2023-05-27 19:18:01 INFO     PROCESS:Already delivered not re-broadcast all the signed vote messages
2023-05-27 19:18:01 INFO     BYTES SENT: 1619
2023-05-27 19:18:01 INFO     PROCESS:Already delivered not re-broadcast all the signed vote messages
2023-05-27 19:18:01 INFO     PROCESS:Already delivered not re-broadcast all the signed vote messages
2023-05-27 19:18:01 INFO     PROCESS:Already delivered not re-broadcast all the signed vote messages
2023-05-27 19:18:01 INFO     BYTES SENT: 1650
2023-05-27 19:18:01 INFO     PROCESS:Already delivered not re-broadcast all the signed vote messages
2023-05-27 19:18:01 INFO     BYTES SENT: 1669
2023-05-27 19:18:01 INFO     BYTES SENT: 1677
2023-05-27 19:18:02 INFO     PROCESS:Already delivered not re-broadcast all the signed vote messages
2023-05-27 19:18:02 INFO     PROCESS:Already delivered not re-broadcast all the signed vote messages
2023-05-27 19:18:02 INFO     PROCESS:Already delivered not re-broadcast all the signed vote messages
2023-05-27 19:18:02 INFO     PROCESS:Already delivered not re-broadcast all the signed vote messages
2023-05-27 19:18:02 INFO     BYTES SENT: 1698
2023-05-27 19:18:02 INFO     PROCESS:Already delivered not re-broadcast all the signed vote messages
2023-05-27 19:18:02 INFO     PROCESS:Already delivered not re-broadcast all the signed vote messages
2023-05-27 19:18:02 INFO     BYTES SENT: 1716
2023-05-27 19:18:02 INFO     PROCESS:Already delivered not re-broadcast all the signed vote messages
2023-05-27 19:18:02 INFO     PROCESS:Already delivered not re-broadcast all the signed vote messages
2023-05-27 19:18:02 INFO     PROCESS:Already delivered not re-broadcast all the signed vote messages
2023-05-27 19:18:02 INFO     PROCESS:Already delivered not re-broadcast all the signed vote messages
2023-05-27 19:18:02 INFO     PROCESS:Already delivered not re-broadcast all the signed vote messages
2023-05-27 19:18:02 INFO     BYTES SENT: 1757
2023-05-27 19:18:02 INFO     PROCESS:Already delivered not re-broadcast all the signed vote messages
2023-05-27 19:18:02 INFO     BYTES SENT: 1765
2023-05-27 19:18:02 INFO     BYTES SENT: 1774
2023-05-27 19:18:02 INFO     PROCESS:Already delivered not re-broadcast all the signed vote messages
2023-05-27 19:18:02 INFO     PROCESS:Already delivered not re-broadcast all the signed vote messages
2023-05-27 19:18:02 INFO     BYTES SENT: 1782
2023-05-27 19:18:02 INFO     BYTES SENT: 1791
2023-05-27 19:18:02 INFO     BYTES SENT: 1799
2023-05-27 19:18:02 INFO     PROCESS:Already delivered not re-broadcast all the signed vote messages
2023-05-27 19:18:02 INFO     PROCESS:Already delivered not re-broadcast all the signed vote messages
2023-05-27 19:18:02 INFO     PROCESS:Already delivered not re-broadcast all the signed vote messages
2023-05-27 19:18:02 INFO     BYTES SENT: 1820
2023-05-27 19:18:02 INFO     PROCESS:Already delivered not re-broadcast all the signed vote messages
2023-05-27 19:18:02 INFO     PROCESS:Already delivered not re-broadcast all the signed vote messages
2023-05-27 19:18:02 INFO     PROCESS:Already delivered not re-broadcast all the signed vote messages
2023-05-27 19:18:02 INFO     BYTES SENT: 1848
2023-05-27 19:18:02 INFO     BYTES SENT: 1857
2023-05-27 19:18:02 INFO     PROCESS:Already delivered not re-broadcast all the signed vote messages
2023-05-27 19:18:02 INFO     PROCESS:Already delivered not re-broadcast all the signed vote messages
2023-05-27 19:18:02 INFO     PROCESS:Already delivered not re-broadcast all the signed vote messages
2023-05-27 19:18:02 INFO     PROCESS:Already delivered not re-broadcast all the signed vote messages
2023-05-27 19:18:03 INFO     BYTES SENT: 1877
2023-05-27 19:18:03 INFO     PROCESS:Already delivered not re-broadcast all the signed vote messages
2023-05-27 19:18:03 INFO     BYTES SENT: 1895
2023-05-27 19:18:03 INFO     PROCESS:Already delivered not re-broadcast all the signed vote messages
2023-05-27 19:18:03 INFO     PROCESS:Already delivered not re-broadcast all the signed vote messages
2023-05-27 19:18:03 INFO     PROCESS:Already delivered not re-broadcast all the signed vote messages
2023-05-27 19:18:03 INFO     PROCESS:Already delivered not re-broadcast all the signed vote messages
2023-05-27 19:18:03 INFO     PROCESS:Already delivered not re-broadcast all the signed vote messages
2023-05-27 19:18:03 INFO     PROCESS:Already delivered not re-broadcast all the signed vote messages
2023-05-27 19:18:03 INFO     PROCESS:Already delivered not re-broadcast all the signed vote messages
2023-05-27 19:18:03 INFO     PROCESS:Already delivered not re-broadcast all the signed vote messages
2023-05-27 19:18:03 INFO     PROCESS:Already delivered not re-broadcast all the signed vote messages
2023-05-27 19:18:03 INFO     PROCESS:Already delivered not re-broadcast all the signed vote messages
2023-05-27 19:18:03 INFO     PROCESS:Already delivered not re-broadcast all the signed vote messages
2023-05-27 19:18:03 INFO     PROCESS:Already delivered not re-broadcast all the signed vote messages
2023-05-27 19:18:03 INFO     BYTES SENT: 1926
2023-05-27 19:18:03 INFO     BYTES SENT: 1934
2023-05-27 19:18:03 INFO     PROCESS:Already delivered not re-broadcast all the signed vote messages
2023-05-27 19:18:03 INFO     BYTES SENT: 1953
2023-05-27 19:18:03 INFO     BYTES SENT: 1962
2023-05-27 19:18:03 INFO     BYTES SENT: 1970
2023-05-27 19:18:03 INFO     PROCESS:Already delivered not re-broadcast all the signed vote messages
2023-05-27 19:18:03 INFO     PROCESS:Already delivered not re-broadcast all the signed vote messages
2023-05-27 19:18:03 INFO     BYTES SENT: 1990
2023-05-27 19:18:03 INFO     BYTES SENT: 1999
2023-05-27 19:18:03 INFO     PROCESS:Already delivered not re-broadcast all the signed vote messages
2023-05-27 19:18:03 INFO     PROCESS:Already delivered not re-broadcast all the signed vote messages
2023-05-27 19:18:03 INFO     PROCESS:Already delivered not re-broadcast all the signed vote messages
2023-05-27 19:18:03 INFO     PROCESS:Already delivered not re-broadcast all the signed vote messages
2023-05-27 19:18:03 INFO     BYTES SENT: 2029
2023-05-27 19:18:03 INFO     BYTES SENT: 2037
2023-05-27 19:18:03 INFO     PROCESS:Already delivered not re-broadcast all the signed vote messages
2023-05-27 19:18:03 INFO     PROCESS:Already delivered not re-broadcast all the signed vote messages
2023-05-27 19:18:03 INFO     PROCESS:Already delivered not re-broadcast all the signed vote messages
2023-05-27 19:18:04 INFO     PROCESS:Already delivered not re-broadcast all the signed vote messages
2023-05-27 19:18:04 INFO     PROCESS:Already delivered not re-broadcast all the signed vote messages
2023-05-27 19:18:04 INFO     BYTES SENT: 2056
2023-05-27 19:18:04 INFO     PROCESS:Already delivered not re-broadcast all the signed vote messages
2023-05-27 19:18:04 INFO     PROCESS:Already delivered not re-broadcast all the signed vote messages
2023-05-27 19:18:04 INFO     BYTES SENT: 2076
2023-05-27 19:18:04 INFO     PROCESS:Already delivered not re-broadcast all the signed vote messages
2023-05-27 19:18:04 INFO     BYTES SENT: 2085
