2023-05-27 19:17:50 INFO     PROCESS:Calling KDS to get key pair
2023-05-27 19:17:50 INFO     PROCESS:Connecting to KDS
2023-05-27 19:17:51 DEBUG    PROCESS: id list: [1, 2, 3, 4, 5, 6, 7, 8, 9, 10, 11, 12, 13, 14, 15, 16, 17, 18, 19, 20],ip list ['10.0.0.1', '10.0.0.2', '10.0.0.3', '10.0.0.4', '10.0.0.5', '10.0.0.6', '10.0.0.7', '10.0.0.8', '10.0.0.9', '10.0.0.10', '10.0.0.11', '10.0.0.12', '10.0.0.13', '10.0.0.14', '10.0.0.15', '10.0.0.16', '10.0.0.17', '10.0.0.18', '10.0.0.19', '10.0.0.20']
2023-05-27 19:17:52 INFO     ----- EVALUATION CHECKPOINT: message receiving, time: 1685207872537.7466 -----
2023-05-27 19:17:52 INFO     AUTH: <10.0.0.1, 1> is the one with this key: {1: b'7\xb9\xdb\xbd\xac}\x91k\xd9,_\xad\x1cB\x17#\xc6\xe2\x88\x99\xd4#p\x14A\xa7q\xb2F\x0b)\x9a'}
2023-05-27 19:17:52 INFO     PROCESS:Connecting to KDS
2023-05-27 19:17:52 INFO     PROCESS:Connecting to KDS
2023-05-27 19:17:52 INFO     PROCESS:Connecting to KDS
2023-05-27 19:17:52 INFO     PROCESS:Connecting to KDS
2023-05-27 19:17:52 INFO     PROCESS:Connecting to KDS
2023-05-27 19:17:52 INFO     PROCESS:Connecting to KDS
2023-05-27 19:17:52 INFO     PROCESS:Connecting to KDS
2023-05-27 19:17:52 INFO     PROCESS:Connecting to KDS
2023-05-27 19:17:52 INFO     PROCESS:Connecting to KDS
2023-05-27 19:17:52 INFO     PROCESS:Connecting to KDS
2023-05-27 19:17:53 INFO     PROCESS:Connecting to KDS
2023-05-27 19:17:53 INFO     PROCESS:Connecting to KDS
2023-05-27 19:17:53 INFO     PROCESS:Connecting to KDS
2023-05-27 19:17:53 INFO     PROCESS:Connecting to KDS
2023-05-27 19:17:53 INFO     PROCESS:Signature check exit:<True>
2023-05-27 19:17:53 INFO     PROCESS:Connecting to KDS
2023-05-27 19:17:53 INFO     PROCESS:Signature check exit:<True>
2023-05-27 19:17:53 INFO     PROCESS:Connecting to KDS
2023-05-27 19:17:53 INFO     PROCESS:Connecting to KDS
2023-05-27 19:17:53 INFO     PROCESS:Signature check exit:<True>
2023-05-27 19:17:53 INFO     PROCESS:Connecting to KDS
2023-05-27 19:17:53 INFO     PROCESS:Signature check exit:<True>
2023-05-27 19:17:53 INFO     PROCESS:Connecting to KDS
2023-05-27 19:17:53 INFO     PROCESS:Signature check exit:<True>
2023-05-27 19:17:53 INFO     PROCESS:Connecting to KDS
2023-05-27 19:17:53 INFO     PROCESS:Signature check exit:<True>
2023-05-27 19:17:53 INFO     PUBLIC KEYS: {'1': {'N': 134679801852092071593951506437625047025755666281573229354381371349262805548803450711140156444241811680787432083632131257677672587777114799579956132222314913383862683457176253981465332785682317410007458272873876585319036543772478341084547141629894910603495985584547057073376984583429572766473714124394032781989, 'E': 65537}, '2': {'N': 163322630693771523527545219515776623927221373701793266391866340001916202970221993422252864923622383738713365121721282037905090971654562012107715247923367245343672272171353071241840523131098170915361069376945462396987103303716909265145548058309431046830640884630557670158185791193577244899190978560395462975949, 'E': 65537}, '3': {'N': 170918239544424031450251007887443820177099156606986397681726762906517817564760881447941214162015188344618935028360389324031945796576805159717506298128050530457772746999193717715216319263421997687278364814249758093072106198804530428591403704195764454281902878220507351748331031232765979407835207745647995592557, 'E': 65537}, '4': {'N': 124941555490398265125565676626826700077882046448761211182477107319924589709848826239965120665009067078101820115410261433688006403865710752914883991549055982700480338543298991219577500966519181522009533647869001783809034469821339398450291941637034517927598517824141290151236456103839359207369343469010733353593, 'E': 65537}, '5': {'N': 102153973945366561399247931879109848238346569524723917605727462156716500206420954051813718709193464598768176771458069247051410890486849593712136393022827019017769470681156099351657672256747881873670119687776843799218312379663858843162459299178249210479609299787665673820318723671545232461813766998386570327109, 'E': 65537}, '6': {'N': 109515521566997956825610976890250443783459061613178590547343313392902591027204374756084926472000770495233383624186742105202103990072122469437992407005475169180762113577527278988583407329447812881840494042610437620749678380907909753763356340775234877709024070827641995831945579065754551796756245307702589519979, 'E': 65537}, '7': {'N': 142741134207498949816549552343063217179487452899134867762856772135064811742559303176813274256345598300330469497861078341454326949947956313697974399262941461707062625505122757514004887928352637847574376825219443022064778315642317342500726187635681542133503059988585674777698407362741229710901352868444546700739, 'E': 65537}, '8': {'N': 110663978628030677320908658175556869848039967246921725970189769573603302093124868683260265002639677337485506665645567577505768110082561203816358393605863080095287041039445894625819049012707135085582686768257744378228648622878388348945993932494959839708146937691308444772252367114794770528009484118767521555747, 'E': 65537}, '9': {'N': 160818115952890678610405034259605376857553156797820208201534892277982806308997383408756017412957104276851272569759522441084999489034557367808317560785593271398282064286405486357544874933280612178280183778877401666768452211000534594563226857961053337578612247943757904194038762014231482987464782188385924425237, 'E': 65537}, '10': {'N': 114003900681285156040068105985847590980514434640387633483365279418641764071662903953489574783982435378482672518895955930913998559547211629051918601571232142988556744683498812958728285824808542785624555072310517330661381384690117550388339172342464527920626364784276595228901804036050757485125652619285015640307, 'E': 65537}, '11': {'N': 116422631687465801737319676630060984233693692225609991412337522306765217057163168249899140855834737040627217022268261968044330748135969688646247255056308911563023671332499313005635854262793007943724592303689634094978933085064391399051041325462805873893039776349313575649266955992730430014224150483261704692049, 'E': 65537}, '12': {'N': 137708839326298493248287638307639400034816227264360472151484070757090440174117485031244374278810121445953919714223478728063187749308981805270359500920284987678664788848904239103032112664158585119181349206007633433601029697774792674008346476825879108611462615195593101885193646166251926615941966011219199406293, 'E': 65537}, '13': {'N': 127735631068157692353625261372957747198556373931257062279349077063323206011933164477972790838612360723423317957699257576766908198864045583126377940775648226020579820669827359564557882512033120892699553135086602357989115569593463296098625665352169709124342917505745054220240834081390977081296527731536051444721, 'E': 65537}, '14': {'N': 128811698503054043596295210032790115094952675248184577272556042483951516811363413218234707147238906856915268405906787017590399176886643828795772901221247015890537789508642564303741832421825384872636894968033428545237390566279125545932854473885850159061889551109051960667175783198018787696251504025288791493021, 'E': 65537}, '15': {'N': 98101159160802045973758194541819593993063542275532435983176668077827934617074336034729798412028684267394755893755536091694366132024310102400195279787798340673581889733017218629005378356556877704637778250249222268203009449481048658231494270013504436775623689985901957823298978892210656787357938661133353842163, 'E': 65537}, '16': {'N': 121629749015199241810994326722185339032598799864160966050163047711722859083296674613035599557429392437879460266809164576903210887913853758077598725866939499746526557127401858037971132947872909892056300254436919213288050206269409542830665361556492968188933372700985864625198226444614728157608669165893768840117, 'E': 65537}, '17': {'N': 109789373354264115755670748032767927833124890319018310805433115228051294097395836714909337761450641390888680823371254730499033657287267198336996195870249572988317981203397192897950633627422778807970747900821986258637731508201248754620889843543152245718992999311041247299659698016827082285812854382864914722173, 'E': 65537}, '18': {'N': 145711171987823755415669877102662117790026118446794514423279941097320755198824616092360206002539996036090256655739812228863333757523662343486774950607028298394459357443482918963555890631392246851734428329029285501322774988554086172138957086435235181274863063987741637557336483537892850809607105140289215338279, 'E': 65537}, '19': {'N': 127974676882908543703405127211757048771222335786241735819884803643107202172773791484081702344902081526452867135010585699369975941084275324212699629159941324635320444951503833263924563624641415500093613974621714360920957261774956652153395161314329377494622449144408255819469448135801779666508009224115670209427, 'E': 65537}, '20': {'N': 140947032768461586718877180434071467602450590805841927235032849958805681222285907260690693357891976301481317825178589941067846043285077989607579234916832545560504177856112771429944865224017788285677666944773337313623452290624813666099349224822451761058936595287136326857367961561392409571927930140844699015727, 'E': 65537}}
2023-05-27 19:17:53 INFO     PROCESS:Signature:<0x54892e444dc5e2e2c5ecae57cb4c3ed6e48738e120fe747c3ba3a117d2f5f9f2d4b72a5489dd1d834cfb5b818dff4960f04d4861948272371e6d5d7c8c555da2e48d612437fb9186f0566ada1a87318f22a7ec965af687800ea15d7af665ea722a2bca68e50db973e37b148c2f8852a2b94e550097c214ce605deabc6bc04a25>
2023-05-27 19:17:53 INFO     PROCESS:Signature check exit:<True>
2023-05-27 19:17:53 INFO     PROCESS:Signature check exit:<True>
2023-05-27 19:17:53 INFO     PROCESS:Signature check exit:<True>
2023-05-27 19:17:53 INFO     PROCESS:Signature check exit:<True>
2023-05-27 19:17:53 INFO     PROCESS:Signature check exit:<True>
2023-05-27 19:17:53 INFO     PROCESS:Signature check exit:<True>
2023-05-27 19:17:53 INFO     PROCESS:Signature check exit:<True>
2023-05-27 19:17:53 INFO     PROCESS:Signature check exit:<True>
2023-05-27 19:17:53 INFO     PROCESS:Signature check exit:<True>
2023-05-27 19:17:53 INFO     PROCESS:Signature check exit:<True>
2023-05-27 19:17:53 INFO     PROCESS:Signature check exit:<True>
2023-05-27 19:17:53 INFO     PROCESS:Vote message:{'FLAG': 'VOTE', 'MSG': 'xjvwygbbkgaelvnhwnyyfkucskfhwfbqorefzfdrjprwkmxeaofzuebyhtjvlhxtixuhxrkheqpalbxknnissirduvfmiiszwfzexulxzklmiwibzczknjlawbiwnyrwsuseblchwpmemhfkatwxsjomkexzapnwdmlymbnnkmyjccxcutsmsitpvopxuwtpynekbxiklxlsyzusaqiifbogkururoytjmfrnnxbdpbbsbcfkmpwdolcxavkwngs', 'SIGN': 59363101239251977064732550180941033138928684237857975858305042641928746285351539333854017857489697715962915680117037286000802295258296882834552159479400249674177755389079666581292983999278454361378853791267957699300154553140119086921683874432205566699006303213679687903023829171341798607413507259779065596453, 'TYPE': 1, 'FROM': 17},broadcasted successfully
2023-05-27 19:17:53 INFO     PROCESS:Signature check exit:<True>
2023-05-27 19:17:53 INFO     PROCESS:Signature check exit:<True>
2023-05-27 19:17:53 INFO     PROCESS:Signature check exit:<True>
2023-05-27 19:17:55 INFO     PROCESS:Already delivered not re-broadcast all the signed vote messages
2023-05-27 19:17:55 INFO     PROCESS:Already delivered not re-broadcast all the signed vote messages
2023-05-27 19:17:55 INFO     PROCESS:Already delivered not re-broadcast all the signed vote messages
2023-05-27 19:17:56 INFO     PROCESS:Already delivered not re-broadcast all the signed vote messages
2023-05-27 19:17:56 INFO     PROCESS:Already delivered not re-broadcast all the signed vote messages
2023-05-27 19:17:56 INFO     PROCESS:Already delivered not re-broadcast all the signed vote messages
2023-05-27 19:17:56 INFO     PROCESS:Already delivered not re-broadcast all the signed vote messages
2023-05-27 19:17:56 INFO     PROCESS:Already delivered not re-broadcast all the signed vote messages
2023-05-27 19:17:56 INFO     PROCESS:Already delivered not re-broadcast all the signed vote messages
2023-05-27 19:17:56 INFO     ----- MESSAGE DELIVERED, time: 1685207876527.5544, size: 0.7244272232055664
2023-05-27 19:17:56 INFO     BYTES SENT: 626
2023-05-27 19:17:56 INFO     PROCESS:Already delivered not re-broadcast all the signed vote messages
2023-05-27 19:17:56 INFO     PROCESS:Already delivered not re-broadcast all the signed vote messages
2023-05-27 19:17:56 INFO     PROCESS:Already delivered not re-broadcast all the signed vote messages
2023-05-27 19:17:57 INFO     PROCESS:Already delivered not re-broadcast all the signed vote messages
2023-05-27 19:17:57 INFO     PROCESS:Already delivered not re-broadcast all the signed vote messages
2023-05-27 19:17:57 INFO     BYTES SENT: 824
2023-05-27 19:17:57 INFO     PROCESS:Already delivered not re-broadcast all the signed vote messages
2023-05-27 19:17:57 INFO     PROCESS:Already delivered not re-broadcast all the signed vote messages
2023-05-27 19:17:57 INFO     PROCESS:Already delivered not re-broadcast all the signed vote messages
2023-05-27 19:17:57 INFO     PROCESS:Already delivered not re-broadcast all the signed vote messages
2023-05-27 19:17:58 INFO     PROCESS:Already delivered not re-broadcast all the signed vote messages
2023-05-27 19:17:58 INFO     PROCESS:Already delivered not re-broadcast all the signed vote messages
2023-05-27 19:17:58 INFO     PROCESS:Already delivered not re-broadcast all the signed vote messages
2023-05-27 19:17:58 INFO     PROCESS:Already delivered not re-broadcast all the signed vote messages
2023-05-27 19:17:58 INFO     PROCESS:Already delivered not re-broadcast all the signed vote messages
2023-05-27 19:17:58 INFO     PROCESS:Already delivered not re-broadcast all the signed vote messages
2023-05-27 19:17:58 INFO     PROCESS:Already delivered not re-broadcast all the signed vote messages
2023-05-27 19:17:58 INFO     PROCESS:Already delivered not re-broadcast all the signed vote messages
2023-05-27 19:17:58 INFO     PROCESS:Already delivered not re-broadcast all the signed vote messages
2023-05-27 19:17:58 INFO     PROCESS:Already delivered not re-broadcast all the signed vote messages
2023-05-27 19:17:58 INFO     PROCESS:Already delivered not re-broadcast all the signed vote messages
2023-05-27 19:17:58 INFO     PROCESS:Already delivered not re-broadcast all the signed vote messages
2023-05-27 19:17:58 INFO     PROCESS:Already delivered not re-broadcast all the signed vote messages
2023-05-27 19:17:58 INFO     PROCESS:Already delivered not re-broadcast all the signed vote messages
2023-05-27 19:17:58 INFO     PROCESS:Already delivered not re-broadcast all the signed vote messages
2023-05-27 19:17:58 INFO     BYTES SENT: 1136
2023-05-27 19:17:58 INFO     PROCESS:Already delivered not re-broadcast all the signed vote messages
2023-05-27 19:17:59 INFO     BYTES SENT: 1144
2023-05-27 19:17:59 INFO     PROCESS:Already delivered not re-broadcast all the signed vote messages
2023-05-27 19:17:59 INFO     PROCESS:Already delivered not re-broadcast all the signed vote messages
2023-05-27 19:17:59 INFO     BYTES SENT: 1217
2023-05-27 19:17:59 INFO     PROCESS:Already delivered not re-broadcast all the signed vote messages
2023-05-27 19:17:59 INFO     PROCESS:Already delivered not re-broadcast all the signed vote messages
2023-05-27 19:17:59 INFO     PROCESS:Already delivered not re-broadcast all the signed vote messages
2023-05-27 19:17:59 INFO     BYTES SENT: 1279
2023-05-27 19:17:59 INFO     BYTES SENT: 1297
2023-05-27 19:17:59 INFO     PROCESS:Already delivered not re-broadcast all the signed vote messages
2023-05-27 19:17:59 INFO     BYTES SENT: 1306
2023-05-27 19:17:59 INFO     PROCESS:Already delivered not re-broadcast all the signed vote messages
2023-05-27 19:17:59 INFO     BYTES SENT: 1314
2023-05-27 19:17:59 INFO     PROCESS:Already delivered not re-broadcast all the signed vote messages
2023-05-27 19:17:59 INFO     BYTES SENT: 1323
2023-05-27 19:17:59 INFO     PROCESS:Already delivered not re-broadcast all the signed vote messages
2023-05-27 19:17:59 INFO     PROCESS:Already delivered not re-broadcast all the signed vote messages
2023-05-27 19:17:59 INFO     PROCESS:Already delivered not re-broadcast all the signed vote messages
2023-05-27 19:17:59 INFO     PROCESS:Already delivered not re-broadcast all the signed vote messages
2023-05-27 19:17:59 INFO     PROCESS:Already delivered not re-broadcast all the signed vote messages
2023-05-27 19:18:00 INFO     PROCESS:Already delivered not re-broadcast all the signed vote messages
2023-05-27 19:18:00 INFO     PROCESS:Already delivered not re-broadcast all the signed vote messages
2023-05-27 19:18:00 INFO     PROCESS:Already delivered not re-broadcast all the signed vote messages
2023-05-27 19:18:00 INFO     PROCESS:Already delivered not re-broadcast all the signed vote messages
2023-05-27 19:18:00 INFO     PROCESS:Already delivered not re-broadcast all the signed vote messages
2023-05-27 19:18:00 INFO     BYTES SENT: 1398
2023-05-27 19:18:00 INFO     BYTES SENT: 1406
2023-05-27 19:18:00 INFO     PROCESS:Already delivered not re-broadcast all the signed vote messages
2023-05-27 19:18:00 INFO     PROCESS:Already delivered not re-broadcast all the signed vote messages
2023-05-27 19:18:00 INFO     PROCESS:Already delivered not re-broadcast all the signed vote messages
2023-05-27 19:18:00 INFO     BYTES SENT: 1438
2023-05-27 19:18:00 INFO     PROCESS:Already delivered not re-broadcast all the signed vote messages
2023-05-27 19:18:00 INFO     PROCESS:Already delivered not re-broadcast all the signed vote messages
2023-05-27 19:18:00 INFO     PROCESS:Already delivered not re-broadcast all the signed vote messages
2023-05-27 19:18:00 INFO     PROCESS:Already delivered not re-broadcast all the signed vote messages
2023-05-27 19:18:00 INFO     PROCESS:Already delivered not re-broadcast all the signed vote messages
2023-05-27 19:18:00 INFO     PROCESS:Already delivered not re-broadcast all the signed vote messages
2023-05-27 19:18:00 INFO     PROCESS:Already delivered not re-broadcast all the signed vote messages
2023-05-27 19:18:00 INFO     PROCESS:Already delivered not re-broadcast all the signed vote messages
2023-05-27 19:18:00 INFO     PROCESS:Already delivered not re-broadcast all the signed vote messages
2023-05-27 19:18:00 INFO     PROCESS:Already delivered not re-broadcast all the signed vote messages
2023-05-27 19:18:00 INFO     PROCESS:Already delivered not re-broadcast all the signed vote messages
2023-05-27 19:18:01 INFO     BYTES SENT: 1517
2023-05-27 19:18:01 INFO     PROCESS:Already delivered not re-broadcast all the signed vote messages
2023-05-27 19:18:01 INFO     PROCESS:Already delivered not re-broadcast all the signed vote messages
2023-05-27 19:18:01 INFO     PROCESS:Already delivered not re-broadcast all the signed vote messages
2023-05-27 19:18:01 INFO     PROCESS:Already delivered not re-broadcast all the signed vote messages
2023-05-27 19:18:01 INFO     PROCESS:Already delivered not re-broadcast all the signed vote messages
2023-05-27 19:18:01 INFO     PROCESS:Already delivered not re-broadcast all the signed vote messages
2023-05-27 19:18:01 INFO     PROCESS:Already delivered not re-broadcast all the signed vote messages
2023-05-27 19:18:01 INFO     PROCESS:Already delivered not re-broadcast all the signed vote messages
2023-05-27 19:18:01 INFO     BYTES SENT: 1573
2023-05-27 19:18:01 INFO     PROCESS:Already delivered not re-broadcast all the signed vote messages
2023-05-27 19:18:01 INFO     BYTES SENT: 1581
2023-05-27 19:18:01 INFO     BYTES SENT: 1590
2023-05-27 19:18:01 INFO     PROCESS:Already delivered not re-broadcast all the signed vote messages
2023-05-27 19:18:01 INFO     PROCESS:Already delivered not re-broadcast all the signed vote messages
2023-05-27 19:18:01 INFO     BYTES SENT: 1598
2023-05-27 19:18:01 INFO     PROCESS:Already delivered not re-broadcast all the signed vote messages
2023-05-27 19:18:01 INFO     PROCESS:Already delivered not re-broadcast all the signed vote messages
2023-05-27 19:18:01 INFO     BYTES SENT: 1607
2023-05-27 19:18:01 INFO     BYTES SENT: 1615
2023-05-27 19:18:01 INFO     BYTES SENT: 1623
2023-05-27 19:18:01 INFO     BYTES SENT: 1632
2023-05-27 19:18:01 INFO     BYTES SENT: 1640
2023-05-27 19:18:01 INFO     BYTES SENT: 1649
2023-05-27 19:18:01 INFO     BYTES SENT: 1657
2023-05-27 19:18:01 INFO     PROCESS:Already delivered not re-broadcast all the signed vote messages
2023-05-27 19:18:01 INFO     PROCESS:Already delivered not re-broadcast all the signed vote messages
2023-05-27 19:18:02 INFO     BYTES SENT: 1674
2023-05-27 19:18:02 INFO     BYTES SENT: 1674
2023-05-27 19:18:02 INFO     PROCESS:Already delivered not re-broadcast all the signed vote messages
2023-05-27 19:18:02 INFO     PROCESS:Already delivered not re-broadcast all the signed vote messages
2023-05-27 19:18:02 INFO     BYTES SENT: 1683
2023-05-27 19:18:02 INFO     PROCESS:Already delivered not re-broadcast all the signed vote messages
2023-05-27 19:18:02 INFO     BYTES SENT: 1691
2023-05-27 19:18:02 INFO     PROCESS:Already delivered not re-broadcast all the signed vote messages
2023-05-27 19:18:02 INFO     PROCESS:Already delivered not re-broadcast all the signed vote messages
2023-05-27 19:18:02 INFO     BYTES SENT: 1699
2023-05-27 19:18:02 INFO     PROCESS:Already delivered not re-broadcast all the signed vote messages
2023-05-27 19:18:02 INFO     BYTES SENT: 1708
2023-05-27 19:18:02 INFO     PROCESS:Already delivered not re-broadcast all the signed vote messages
2023-05-27 19:18:02 INFO     BYTES SENT: 1716
2023-05-27 19:18:02 INFO     PROCESS:Already delivered not re-broadcast all the signed vote messages
2023-05-27 19:18:02 INFO     PROCESS:Already delivered not re-broadcast all the signed vote messages
2023-05-27 19:18:02 INFO     PROCESS:Already delivered not re-broadcast all the signed vote messages
2023-05-27 19:18:02 INFO     BYTES SENT: 1725
2023-05-27 19:18:02 INFO     BYTES SENT: 1733
2023-05-27 19:18:02 INFO     BYTES SENT: 1742
2023-05-27 19:18:02 INFO     BYTES SENT: 1759
2023-05-27 19:18:02 INFO     BYTES SENT: 1759
2023-05-27 19:18:02 INFO     PROCESS:Already delivered not re-broadcast all the signed vote messages
2023-05-27 19:18:02 INFO     BYTES SENT: 1767
2023-05-27 19:18:02 INFO     BYTES SENT: 1784
2023-05-27 19:18:02 INFO     BYTES SENT: 1784
2023-05-27 19:18:02 INFO     BYTES SENT: 1792
2023-05-27 19:18:02 INFO     BYTES SENT: 1801
2023-05-27 19:18:02 INFO     BYTES SENT: 1818
2023-05-27 19:18:02 INFO     BYTES SENT: 1818
2023-05-27 19:18:02 INFO     PROCESS:Already delivered not re-broadcast all the signed vote messages
2023-05-27 19:18:03 INFO     BYTES SENT: 1826
2023-05-27 19:18:03 INFO     PROCESS:Already delivered not re-broadcast all the signed vote messages
2023-05-27 19:18:03 INFO     PROCESS:Already delivered not re-broadcast all the signed vote messages
2023-05-27 19:18:03 INFO     BYTES SENT: 1835
2023-05-27 19:18:03 INFO     BYTES SENT: 1843
2023-05-27 19:18:03 INFO     PROCESS:Already delivered not re-broadcast all the signed vote messages
2023-05-27 19:18:03 INFO     BYTES SENT: 1851
2023-05-27 19:18:03 INFO     BYTES SENT: 1868
2023-05-27 19:18:03 INFO     BYTES SENT: 1868
2023-05-27 19:18:03 INFO     PROCESS:Already delivered not re-broadcast all the signed vote messages
2023-05-27 19:18:03 INFO     BYTES SENT: 1877
2023-05-27 19:18:03 INFO     PROCESS:Already delivered not re-broadcast all the signed vote messages
2023-05-27 19:18:03 INFO     BYTES SENT: 1885
2023-05-27 19:18:03 INFO     BYTES SENT: 1894
2023-05-27 19:18:03 INFO     BYTES SENT: 1902
2023-05-27 19:18:03 INFO     BYTES SENT: 1911
2023-05-27 19:18:03 INFO     PROCESS:Already delivered not re-broadcast all the signed vote messages
2023-05-27 19:18:03 INFO     PROCESS:Already delivered not re-broadcast all the signed vote messages
2023-05-27 19:18:03 INFO     PROCESS:Already delivered not re-broadcast all the signed vote messages
2023-05-27 19:18:03 INFO     BYTES SENT: 1919
2023-05-27 19:18:03 INFO     BYTES SENT: 1936
2023-05-27 19:18:03 INFO     BYTES SENT: 1936
2023-05-27 19:18:03 INFO     PROCESS:Already delivered not re-broadcast all the signed vote messages
2023-05-27 19:18:03 INFO     BYTES SENT: 1944
2023-05-27 19:18:03 INFO     BYTES SENT: 1953
2023-05-27 19:18:03 INFO     PROCESS:Already delivered not re-broadcast all the signed vote messages
2023-05-27 19:18:03 INFO     BYTES SENT: 1961
2023-05-27 19:18:03 INFO     BYTES SENT: 1970
2023-05-27 19:18:03 INFO     PROCESS:Already delivered not re-broadcast all the signed vote messages
2023-05-27 19:18:03 INFO     PROCESS:Already delivered not re-broadcast all the signed vote messages
2023-05-27 19:18:03 INFO     PROCESS:Already delivered not re-broadcast all the signed vote messages
2023-05-27 19:18:03 INFO     BYTES SENT: 1978
2023-05-27 19:18:03 INFO     BYTES SENT: 1987
2023-05-27 19:18:03 INFO     PROCESS:Already delivered not re-broadcast all the signed vote messages
2023-05-27 19:18:03 INFO     PROCESS:Already delivered not re-broadcast all the signed vote messages
2023-05-27 19:18:03 INFO     PROCESS:Already delivered not re-broadcast all the signed vote messages
2023-05-27 19:18:03 INFO     PROCESS:Already delivered not re-broadcast all the signed vote messages
2023-05-27 19:18:04 INFO     BYTES SENT: 1995
2023-05-27 19:18:04 INFO     BYTES SENT: 2003
2023-05-27 19:18:04 INFO     BYTES SENT: 2012
2023-05-27 19:18:04 INFO     BYTES SENT: 2020
2023-05-27 19:18:04 INFO     BYTES SENT: 2029
2023-05-27 19:18:04 INFO     BYTES SENT: 2037
2023-05-27 19:18:04 INFO     BYTES SENT: 2046
2023-05-27 19:18:04 INFO     BYTES SENT: 2054
2023-05-27 19:18:04 INFO     BYTES SENT: 2063
