2023-05-27 19:16:25 INFO     PROCESS:Calling KDS to get key pair
2023-05-27 19:16:25 INFO     PROCESS:Connecting to KDS
2023-05-27 19:16:25 DEBUG    PROCESS: id list: [1, 2, 3, 4, 5, 6, 7, 8, 9, 10, 11, 12, 13, 14, 15, 16, 17, 18, 19, 20],ip list ['10.0.0.1', '10.0.0.2', '10.0.0.3', '10.0.0.4', '10.0.0.5', '10.0.0.6', '10.0.0.7', '10.0.0.8', '10.0.0.9', '10.0.0.10', '10.0.0.11', '10.0.0.12', '10.0.0.13', '10.0.0.14', '10.0.0.15', '10.0.0.16', '10.0.0.17', '10.0.0.18', '10.0.0.19', '10.0.0.20']
2023-05-27 19:16:27 INFO     ----- EVALUATION CHECKPOINT: message receiving, time: 1685207787341.1125 -----
2023-05-27 19:16:27 INFO     AUTH: <10.0.0.1, 1> is the one with this key: {1: b'\x1d\xb6\xf1D\xe6\xdd\x1a\xc5r}\xae\x17\x8dr\x988\x04\xf4\x88\xb9\xfb9\xb8<\x1a\x0em\xd8\xe2)\xcd\xe6'}
2023-05-27 19:16:27 INFO     PROCESS:Connecting to KDS
2023-05-27 19:16:27 INFO     PROCESS:Connecting to KDS
2023-05-27 19:16:27 INFO     PROCESS:Connecting to KDS
2023-05-27 19:16:27 INFO     PROCESS:Connecting to KDS
2023-05-27 19:16:27 INFO     PROCESS:Connecting to KDS
2023-05-27 19:16:27 INFO     PROCESS:Connecting to KDS
2023-05-27 19:16:27 INFO     PROCESS:Connecting to KDS
2023-05-27 19:16:27 INFO     PROCESS:Connecting to KDS
2023-05-27 19:16:27 INFO     PROCESS:Connecting to KDS
2023-05-27 19:16:27 INFO     PROCESS:Connecting to KDS
2023-05-27 19:16:27 INFO     PROCESS:Connecting to KDS
2023-05-27 19:16:27 INFO     PROCESS:Connecting to KDS
2023-05-27 19:16:27 INFO     PROCESS:Connecting to KDS
2023-05-27 19:16:27 INFO     PROCESS:Connecting to KDS
2023-05-27 19:16:27 INFO     PROCESS:Signature check exit:<True>
2023-05-27 19:16:27 INFO     PROCESS:Connecting to KDS
2023-05-27 19:16:28 INFO     PROCESS:Connecting to KDS
2023-05-27 19:16:28 INFO     PROCESS:Signature check exit:<True>
2023-05-27 19:16:28 INFO     PROCESS:Signature check exit:<True>
2023-05-27 19:16:28 INFO     PROCESS:Connecting to KDS
2023-05-27 19:16:28 INFO     PROCESS:Connecting to KDS
2023-05-27 19:16:28 INFO     PROCESS:Signature check exit:<True>
2023-05-27 19:16:28 INFO     PROCESS:Connecting to KDS
2023-05-27 19:16:28 INFO     PROCESS:Signature check exit:<True>
2023-05-27 19:16:28 INFO     PROCESS:Connecting to KDS
2023-05-27 19:16:28 INFO     PROCESS:Signature check exit:<True>
2023-05-27 19:16:28 INFO     PUBLIC KEYS: {'1': {'N': 111419397356218889407548579625880487760692469510174628433234147055860822108831422115883591185995130319886133006205488647249815074288384168397635446161140201798205571091157674549819292310726354714568943039109337477137000556801638193610806818982489041600572673429052196199527190230460358683775070913598352531961, 'E': 65537}, '2': {'N': 104295384747961243256127023649921565815889196665617272153183507939078887009434500807043118744180588032925267818359417114305753480299529953218776764786946729201840504293308106806732896573553185670722800735123061922466607386646024625386073154272188795471720453748352667545917337067968034059640485872222230609963, 'E': 65537}, '3': {'N': 124921808202170322811318782370585731452900376013456200149508761893448396614267548666355669178565811035339621681196429987555748597845670563071355691054383010514030569781766467733307857912727864203551521513873830990259832924611229905962664474725672079362649802012233416650008229695309304218603993784695842150037, 'E': 65537}, '4': {'N': 113295597935949706184765432187057954286862135747042937849398373341594031960212042833972779498649285432974299733035368754254071435516117672099357119299863101879270993616575536011199288544235996408689139301383312581536690006912389732708320708807591464973878455180410092902236634115778218073167469641085954600411, 'E': 65537}, '5': {'N': 165595934580043469254949267450870681776586837650673019686640443669041333287332505035967346354613130611315066988642036309779397575403668620578018187426061724491531669565515654599224258550181104029140782747940217823687638495716891279440899084474354796870552518079796626118001422572166557470908808548933299290871, 'E': 65537}, '6': {'N': 132056307326761500771353661439860245395921932932747104856746250950983806817674828425951344879970672458773887306812673808608014332168439222549783812826742609990911553324290284060486302913153930447871865830114370751146338666865525662700628810865523525210604189200421228999571218977939312916384005021115656608103, 'E': 65537}, '7': {'N': 106236895311498497012677616319103583558795388133197122476374946172226939126447964564520569211564900155968373414610287801731601609553002527480339140207507527273292251151976817678959754378972502037028469581857821805922811334343458189078467609637205976795679876863585391067178789231237488942290503718690596459911, 'E': 65537}, '8': {'N': 107211895322426296904607619452780320208443651452486000787026599583704482645795453561137634741797495112866252670663478926192133694086642894055620850186524062343833214930636491749383915786174114901633349973373662745225343140320771453069051958661519889858284650019949070297082431752187980111118227122398733749511, 'E': 65537}, '9': {'N': 126715167722785939911102789976526351512340191547564228327011159313097027888836340383499885939145087057718010929548174230993562371029218485670416571752157399721673638156440248632154313937054714859713779357854728366774942823825199795780947108493870782961493108787283362024998325990026656264855928575391375915917, 'E': 65537}, '10': {'N': 148535334708764735593383635677335328861042229815143536638654306468067116190975015859947308155149555524596975484751350455533641594517791596862574783815545900416921694869745950103684847269796095927269210007202976746615814775504487374694165125309340704310136079444331524946650163957826867489368131136457539135759, 'E': 65537}, '11': {'N': 127216460046993445053193298902066828824065216134557138158989042653437769870674630716945624180312173265120017568305173403033470789748818871346577326739529528704915934187268245075544559855581114280341543638891774328516854989505247176310369622061410840678836636245578777219499758954429573592517921857592768545903, 'E': 65537}, '12': {'N': 124862991783605444047816978780710711673499572325063806045022627107083828987748253542529340710910092031945567142616486877778299468299967564021304264154507716775419749610588033951733652954226496512083920281585579539757696634318142189960682562013633402918440357903909757401049704513573082050967337585046157657383, 'E': 65537}, '13': {'N': 116855297149854812780105077024957530907817365542193410018247068835120833148200633720437928999503283415883221450832862806589592044228078302306024748327209598667862959373001495163531480005984849500807054623598078911345531680360470060371084286651311287552880647379736613296578388648701420887517168325778387485149, 'E': 65537}, '14': {'N': 147641088997750310304541518876120949033047677205918533365318995723040405899279156267109229518923854762076547623864468051288312607332462006995576439751149321359707028123943382635604795005623223124029757397129848533709252716935190895931170313191329283602147879977226889021238006149351369791429026940881525087261, 'E': 65537}, '15': {'N': 135685478533005052336113966870574403945396311588834987142642362985465608869649122657647142696001368163516069162223219990672356076876882957569333121271890813656566926778944004053359987884603673187822362682229243211508290417554249815222904400147468177782039826089536340595429674404491678592185956550197462149767, 'E': 65537}, '16': {'N': 152761685991178117218153880651514993839020399823658397989186282513793587027358906304224466339878649550648166381910308548599642695345539395873232761426388508484121097678383222990440563268125069573236466185099309604827829675789813202141942115541993856822003592997782789673455417293996646911177823461958055344899, 'E': 65537}, '17': {'N': 102321151802009313200917038403096711696265692698239600436082217800723357263173281795710094972628114345851346661313108541105949005623084958377313556827685723989213229617799145840270164615743008743027729044824581605727963434905443354771732880508411784406925493544583486167451536337468275966207502582559843859747, 'E': 65537}, '18': {'N': 128759143678780953430226143960432383814831356438689978586609993259527114631402262141210065452446135167109499306737483983145271287207001721114377683183012576293523054601731068644657565318360671366700639953717248957281174385460463739036036597604763053346870976996953165865667458947726727390225162012091571799953, 'E': 65537}, '19': {'N': 112868929924751263224934727433873493579495598671711348639306065424807696372949039705877555421407637970670568413336707548923103842808682108916932303535596254176528824034279782151275230731559971478350342354384461194027532767362835683578972720011815315558355785563085581482886053238231905019142781424614143555997, 'E': 65537}, '20': {'N': 108937289737416797634431043543321562749858054378601988878136314939840404249664664990218700691690337492232741129190986556099174586250894575479472552422632147441613457642524781545317807063857467472579973938014421264897784283549720319144853426385447627169536899058986567978169436093293177289938739431569367935387, 'E': 65537}}
2023-05-27 19:16:28 INFO     PROCESS:Signature:<0x24e14d40087ca8752cc3c84bd62905fb3e2b8db0d7e8d757affa7961c8614aa858d9668633a7530875e00b6264a0c55f37723398c8ef8c3912db2dc2b9af3070f7cda340892c3401d70f639012a6b3a9bbac22fc872e3c92882b9372dc2fcf5aec0d9f7f4ea7ff1343920f6452ff32046caabd93715d6a8481043104b94bd922>
2023-05-27 19:16:28 INFO     PROCESS:Signature check exit:<True>
2023-05-27 19:16:28 INFO     PROCESS:Signature check exit:<True>
2023-05-27 19:16:28 INFO     PROCESS:Signature check exit:<True>
2023-05-27 19:16:28 INFO     PROCESS:Signature check exit:<True>
2023-05-27 19:16:28 INFO     PROCESS:Signature check exit:<True>
2023-05-27 19:16:28 INFO     PROCESS:Signature check exit:<True>
2023-05-27 19:16:28 INFO     PROCESS:Signature check exit:<True>
2023-05-27 19:16:28 INFO     PROCESS:Signature check exit:<True>
2023-05-27 19:16:28 INFO     PROCESS:Signature check exit:<True>
2023-05-27 19:16:28 INFO     PROCESS:Signature check exit:<True>
2023-05-27 19:16:28 INFO     PROCESS:Vote message:{'FLAG': 'VOTE', 'MSG': 'westukxcbsftnjpqvyowcdeykbfdgxjrvzdadpjiehfyisqkozldajjgdtzjxvwcarqihhhvimcrqcjqntpgdhpxypephxofjrpronptbvmpyxkiddukasvkuutyckpdutezfmaggdevzhicgvjhotuamjugcwicbgymekaokdeafzvdmmbcrqsexkdlhxccaytvjqvsnelsrmasggtmmhcurtmxtdprlghbvsjpxzlfbqwtifhzukqdcoqovdhcjqtgozixopedrkxlanyzuiftsrjhijcmbizveeihhugbjffqimayarpjmitetrmvexvcafoyoeojfbkrybmltubtvsgjgnuhnbxnsstxjktidqxfglqpqgeftkgqgodbvbgczetlitfryzidgyikdfzqybphciisqnpltvasqybhxflwrqckeqejpjeegskaalruxinxlbxshmixeigqgcdenvyefxhtqozgplqjtnyehxshnyyroytwuzcekeus', 'SIGN': 25898076408527267937924922035628021196798127894913694327229498943366826578368579651924493380602040808098026574287117503380262748472282409290162933789060781028148666710285676468853648823834049372767554345484253510438260579535672719791725681864733744133236554622037201889863652631957501718973256123760455178530, 'TYPE': 1, 'FROM': 10},broadcasted successfully
2023-05-27 19:16:28 INFO     PROCESS:Signature check exit:<True>
2023-05-27 19:16:28 INFO     PROCESS:Signature check exit:<True>
2023-05-27 19:16:28 INFO     PROCESS:Signature check exit:<True>
2023-05-27 19:16:28 INFO     PROCESS:Signature check exit:<True>
2023-05-27 19:16:29 INFO     PROCESS:Already delivered not re-broadcast all the signed vote messages
2023-05-27 19:16:29 INFO     PROCESS:Already delivered not re-broadcast all the signed vote messages
2023-05-27 19:16:30 INFO     PROCESS:Already delivered not re-broadcast all the signed vote messages
2023-05-27 19:16:30 INFO     PROCESS:Already delivered not re-broadcast all the signed vote messages
2023-05-27 19:16:30 INFO     PROCESS:Already delivered not re-broadcast all the signed vote messages
2023-05-27 19:16:30 INFO     PROCESS:Already delivered not re-broadcast all the signed vote messages
2023-05-27 19:16:30 INFO     ----- MESSAGE DELIVERED, time: 1685207790491.7146, size: 0.6364555358886719
2023-05-27 19:16:30 INFO     BYTES SENT: 516
2023-05-27 19:16:30 INFO     PROCESS:Already delivered not re-broadcast all the signed vote messages
2023-05-27 19:16:30 INFO     PROCESS:Already delivered not re-broadcast all the signed vote messages
2023-05-27 19:16:30 INFO     PROCESS:Already delivered not re-broadcast all the signed vote messages
2023-05-27 19:16:30 INFO     PROCESS:Already delivered not re-broadcast all the signed vote messages
2023-05-27 19:16:30 INFO     PROCESS:Already delivered not re-broadcast all the signed vote messages
2023-05-27 19:16:30 INFO     PROCESS:Already delivered not re-broadcast all the signed vote messages
2023-05-27 19:16:30 INFO     PROCESS:Already delivered not re-broadcast all the signed vote messages
2023-05-27 19:16:30 INFO     PROCESS:Already delivered not re-broadcast all the signed vote messages
2023-05-27 19:16:30 INFO     PROCESS:Already delivered not re-broadcast all the signed vote messages
2023-05-27 19:16:31 INFO     PROCESS:Already delivered not re-broadcast all the signed vote messages
2023-05-27 19:16:31 INFO     PROCESS:Already delivered not re-broadcast all the signed vote messages
2023-05-27 19:16:31 INFO     PROCESS:Already delivered not re-broadcast all the signed vote messages
2023-05-27 19:16:31 INFO     PROCESS:Already delivered not re-broadcast all the signed vote messages
2023-05-27 19:16:31 INFO     PROCESS:Already delivered not re-broadcast all the signed vote messages
2023-05-27 19:16:31 INFO     PROCESS:Already delivered not re-broadcast all the signed vote messages
2023-05-27 19:16:31 INFO     PROCESS:Already delivered not re-broadcast all the signed vote messages
2023-05-27 19:16:31 INFO     PROCESS:Already delivered not re-broadcast all the signed vote messages
2023-05-27 19:16:31 INFO     PROCESS:Already delivered not re-broadcast all the signed vote messages
2023-05-27 19:16:31 INFO     BYTES SENT: 792
2023-05-27 19:16:31 INFO     PROCESS:Already delivered not re-broadcast all the signed vote messages
2023-05-27 19:16:31 INFO     PROCESS:Already delivered not re-broadcast all the signed vote messages
2023-05-27 19:16:31 INFO     PROCESS:Already delivered not re-broadcast all the signed vote messages
2023-05-27 19:16:31 INFO     PROCESS:Already delivered not re-broadcast all the signed vote messages
2023-05-27 19:16:31 INFO     PROCESS:Already delivered not re-broadcast all the signed vote messages
2023-05-27 19:16:31 INFO     PROCESS:Already delivered not re-broadcast all the signed vote messages
2023-05-27 19:16:31 INFO     BYTES SENT: 818
2023-05-27 19:16:31 INFO     PROCESS:Already delivered not re-broadcast all the signed vote messages
2023-05-27 19:16:31 INFO     PROCESS:Already delivered not re-broadcast all the signed vote messages
2023-05-27 19:16:32 INFO     PROCESS:Already delivered not re-broadcast all the signed vote messages
2023-05-27 19:16:32 INFO     PROCESS:Already delivered not re-broadcast all the signed vote messages
2023-05-27 19:16:32 INFO     PROCESS:Already delivered not re-broadcast all the signed vote messages
2023-05-27 19:16:32 INFO     PROCESS:Already delivered not re-broadcast all the signed vote messages
2023-05-27 19:16:32 INFO     BYTES SENT: 1006
2023-05-27 19:16:32 INFO     PROCESS:Already delivered not re-broadcast all the signed vote messages
2023-05-27 19:16:32 INFO     PROCESS:Already delivered not re-broadcast all the signed vote messages
2023-05-27 19:16:32 INFO     PROCESS:Already delivered not re-broadcast all the signed vote messages
2023-05-27 19:16:32 INFO     PROCESS:Already delivered not re-broadcast all the signed vote messages
2023-05-27 19:16:32 INFO     PROCESS:Already delivered not re-broadcast all the signed vote messages
2023-05-27 19:16:32 INFO     PROCESS:Already delivered not re-broadcast all the signed vote messages
2023-05-27 19:16:32 INFO     BYTES SENT: 1108
2023-05-27 19:16:32 INFO     PROCESS:Already delivered not re-broadcast all the signed vote messages
2023-05-27 19:16:32 INFO     PROCESS:Already delivered not re-broadcast all the signed vote messages
2023-05-27 19:16:33 INFO     PROCESS:Already delivered not re-broadcast all the signed vote messages
2023-05-27 19:16:33 INFO     PROCESS:Already delivered not re-broadcast all the signed vote messages
2023-05-27 19:16:33 INFO     BYTES SENT: 1266
2023-05-27 19:16:33 INFO     PROCESS:Already delivered not re-broadcast all the signed vote messages
2023-05-27 19:16:33 INFO     PROCESS:Already delivered not re-broadcast all the signed vote messages
2023-05-27 19:16:33 INFO     BYTES SENT: 1295
2023-05-27 19:16:33 INFO     BYTES SENT: 1319
2023-05-27 19:16:33 INFO     PROCESS:Already delivered not re-broadcast all the signed vote messages
2023-05-27 19:16:33 INFO     PROCESS:Already delivered not re-broadcast all the signed vote messages
2023-05-27 19:16:33 INFO     PROCESS:Already delivered not re-broadcast all the signed vote messages
2023-05-27 19:16:33 INFO     PROCESS:Already delivered not re-broadcast all the signed vote messages
2023-05-27 19:16:33 INFO     PROCESS:Already delivered not re-broadcast all the signed vote messages
2023-05-27 19:16:34 INFO     BYTES SENT: 1404
2023-05-27 19:16:34 INFO     PROCESS:Already delivered not re-broadcast all the signed vote messages
2023-05-27 19:16:34 INFO     PROCESS:Already delivered not re-broadcast all the signed vote messages
2023-05-27 19:16:34 INFO     BYTES SENT: 1479
2023-05-27 19:16:34 INFO     PROCESS:Already delivered not re-broadcast all the signed vote messages
2023-05-27 19:16:34 INFO     PROCESS:Already delivered not re-broadcast all the signed vote messages
2023-05-27 19:16:35 INFO     PROCESS:Already delivered not re-broadcast all the signed vote messages
2023-05-27 19:16:35 INFO     PROCESS:Already delivered not re-broadcast all the signed vote messages
2023-05-27 19:16:35 INFO     PROCESS:Already delivered not re-broadcast all the signed vote messages
2023-05-27 19:16:35 INFO     PROCESS:Already delivered not re-broadcast all the signed vote messages
2023-05-27 19:16:35 INFO     PROCESS:Already delivered not re-broadcast all the signed vote messages
2023-05-27 19:16:35 INFO     PROCESS:Already delivered not re-broadcast all the signed vote messages
2023-05-27 19:16:35 INFO     BYTES SENT: 1585
2023-05-27 19:16:35 INFO     PROCESS:Already delivered not re-broadcast all the signed vote messages
2023-05-27 19:16:35 INFO     PROCESS:Already delivered not re-broadcast all the signed vote messages
2023-05-27 19:16:35 INFO     BYTES SENT: 1659
2023-05-27 19:16:35 INFO     PROCESS:Already delivered not re-broadcast all the signed vote messages
2023-05-27 19:16:35 INFO     PROCESS:Already delivered not re-broadcast all the signed vote messages
2023-05-27 19:16:35 INFO     PROCESS:Already delivered not re-broadcast all the signed vote messages
2023-05-27 19:16:35 INFO     PROCESS:Already delivered not re-broadcast all the signed vote messages
2023-05-27 19:16:35 INFO     PROCESS:Already delivered not re-broadcast all the signed vote messages
2023-05-27 19:16:35 INFO     PROCESS:Already delivered not re-broadcast all the signed vote messages
2023-05-27 19:16:35 INFO     PROCESS:Already delivered not re-broadcast all the signed vote messages
2023-05-27 19:16:35 INFO     PROCESS:Already delivered not re-broadcast all the signed vote messages
2023-05-27 19:16:35 INFO     PROCESS:Already delivered not re-broadcast all the signed vote messages
2023-05-27 19:16:35 INFO     PROCESS:Already delivered not re-broadcast all the signed vote messages
2023-05-27 19:16:35 INFO     PROCESS:Already delivered not re-broadcast all the signed vote messages
2023-05-27 19:16:35 INFO     PROCESS:Already delivered not re-broadcast all the signed vote messages
2023-05-27 19:16:35 INFO     PROCESS:Already delivered not re-broadcast all the signed vote messages
2023-05-27 19:16:35 INFO     PROCESS:Already delivered not re-broadcast all the signed vote messages
2023-05-27 19:16:36 INFO     PROCESS:Already delivered not re-broadcast all the signed vote messages
2023-05-27 19:16:36 INFO     PROCESS:Already delivered not re-broadcast all the signed vote messages
2023-05-27 19:16:36 INFO     BYTES SENT: 1798
2023-05-27 19:16:36 INFO     BYTES SENT: 1827
2023-05-27 19:16:36 INFO     PROCESS:Already delivered not re-broadcast all the signed vote messages
2023-05-27 19:16:36 INFO     PROCESS:Already delivered not re-broadcast all the signed vote messages
2023-05-27 19:16:36 INFO     BYTES SENT: 1855
2023-05-27 19:16:36 INFO     PROCESS:Already delivered not re-broadcast all the signed vote messages
2023-05-27 19:16:36 INFO     PROCESS:Already delivered not re-broadcast all the signed vote messages
2023-05-27 19:16:36 INFO     PROCESS:Already delivered not re-broadcast all the signed vote messages
2023-05-27 19:16:36 INFO     BYTES SENT: 1867
2023-05-27 19:16:36 INFO     PROCESS:Already delivered not re-broadcast all the signed vote messages
2023-05-27 19:16:36 INFO     BYTES SENT: 1879
2023-05-27 19:16:36 INFO     PROCESS:Already delivered not re-broadcast all the signed vote messages
2023-05-27 19:16:37 INFO     PROCESS:Already delivered not re-broadcast all the signed vote messages
2023-05-27 19:16:37 INFO     PROCESS:Already delivered not re-broadcast all the signed vote messages
2023-05-27 19:16:37 INFO     PROCESS:Already delivered not re-broadcast all the signed vote messages
2023-05-27 19:16:37 INFO     PROCESS:Already delivered not re-broadcast all the signed vote messages
2023-05-27 19:16:37 INFO     BYTES SENT: 1954
2023-05-27 19:16:37 INFO     PROCESS:Already delivered not re-broadcast all the signed vote messages
2023-05-27 19:16:37 INFO     PROCESS:Already delivered not re-broadcast all the signed vote messages
2023-05-27 19:16:37 INFO     BYTES SENT: 1980
2023-05-27 19:16:37 INFO     PROCESS:Already delivered not re-broadcast all the signed vote messages
2023-05-27 19:16:37 INFO     PROCESS:Already delivered not re-broadcast all the signed vote messages
2023-05-27 19:16:37 INFO     PROCESS:Already delivered not re-broadcast all the signed vote messages
2023-05-27 19:16:37 INFO     PROCESS:Already delivered not re-broadcast all the signed vote messages
2023-05-27 19:16:37 INFO     PROCESS:Already delivered not re-broadcast all the signed vote messages
2023-05-27 19:16:37 INFO     PROCESS:Already delivered not re-broadcast all the signed vote messages
2023-05-27 19:16:37 INFO     PROCESS:Already delivered not re-broadcast all the signed vote messages
2023-05-27 19:16:37 INFO     BYTES SENT: 2041
2023-05-27 19:16:37 INFO     PROCESS:Already delivered not re-broadcast all the signed vote messages
2023-05-27 19:16:37 INFO     PROCESS:Already delivered not re-broadcast all the signed vote messages
2023-05-27 19:16:37 INFO     PROCESS:Already delivered not re-broadcast all the signed vote messages
2023-05-27 19:16:37 INFO     PROCESS:Already delivered not re-broadcast all the signed vote messages
2023-05-27 19:16:37 INFO     BYTES SENT: 2116
2023-05-27 19:16:37 INFO     PROCESS:Already delivered not re-broadcast all the signed vote messages
2023-05-27 19:16:37 INFO     BYTES SENT: 2128
2023-05-27 19:16:37 INFO     PROCESS:Already delivered not re-broadcast all the signed vote messages
2023-05-27 19:16:37 INFO     PROCESS:Already delivered not re-broadcast all the signed vote messages
2023-05-27 19:16:38 INFO     BYTES SENT: 2188
2023-05-27 19:16:38 INFO     BYTES SENT: 2200
2023-05-27 19:16:38 INFO     BYTES SENT: 2212
2023-05-27 19:16:38 INFO     PROCESS:Already delivered not re-broadcast all the signed vote messages
2023-05-27 19:16:38 INFO     PROCESS:Already delivered not re-broadcast all the signed vote messages
2023-05-27 19:16:38 INFO     PROCESS:Already delivered not re-broadcast all the signed vote messages
2023-05-27 19:16:38 INFO     BYTES SENT: 2224
2023-05-27 19:16:38 INFO     BYTES SENT: 2253
2023-05-27 19:16:38 INFO     BYTES SENT: 2265
