2023-05-27 19:15:45 INFO     PROCESS:Calling KDS to get key pair
2023-05-27 19:15:45 INFO     PROCESS:Connecting to KDS
2023-05-27 19:15:46 DEBUG    PROCESS: id list: [1, 2, 3, 4, 5, 6, 7, 8, 9, 10, 11, 12, 13, 14, 15, 16, 17, 18, 19, 20],ip list ['10.0.0.1', '10.0.0.2', '10.0.0.3', '10.0.0.4', '10.0.0.5', '10.0.0.6', '10.0.0.7', '10.0.0.8', '10.0.0.9', '10.0.0.10', '10.0.0.11', '10.0.0.12', '10.0.0.13', '10.0.0.14', '10.0.0.15', '10.0.0.16', '10.0.0.17', '10.0.0.18', '10.0.0.19', '10.0.0.20']
2023-05-27 19:15:47 INFO     ----- EVALUATION CHECKPOINT: message receiving, time: 1685207747578.96 -----
2023-05-27 19:15:47 INFO     AUTH: <10.0.0.1, 1> is the one with this key: {1: b'y\xd0\xe66\xa7a8&\xdf\x1e\xe4Y\xea\xa7p\x07\x89\x06"\x0e\x88r\r=\x7f\xf1\x1c3O\xdb\xad\xda'}
2023-05-27 19:15:47 INFO     PROCESS:Connecting to KDS
2023-05-27 19:15:47 INFO     PROCESS:Connecting to KDS
2023-05-27 19:15:47 INFO     PROCESS:Connecting to KDS
2023-05-27 19:15:47 INFO     PROCESS:Connecting to KDS
2023-05-27 19:15:47 INFO     PROCESS:Connecting to KDS
2023-05-27 19:15:47 INFO     PROCESS:Connecting to KDS
2023-05-27 19:15:47 INFO     PROCESS:Connecting to KDS
2023-05-27 19:15:47 INFO     PROCESS:Connecting to KDS
2023-05-27 19:15:47 INFO     PROCESS:Connecting to KDS
2023-05-27 19:15:47 INFO     PROCESS:Connecting to KDS
2023-05-27 19:15:47 INFO     PROCESS:Connecting to KDS
2023-05-27 19:15:47 INFO     PROCESS:Connecting to KDS
2023-05-27 19:15:47 INFO     PROCESS:Connecting to KDS
2023-05-27 19:15:48 INFO     PROCESS:Connecting to KDS
2023-05-27 19:15:48 INFO     PROCESS:Connecting to KDS
2023-05-27 19:15:48 INFO     PROCESS:Connecting to KDS
2023-05-27 19:15:48 INFO     PROCESS:Connecting to KDS
2023-05-27 19:15:48 INFO     PROCESS:Connecting to KDS
2023-05-27 19:15:48 INFO     PROCESS:Signature check exit:<True>
2023-05-27 19:15:48 INFO     PROCESS:Connecting to KDS
2023-05-27 19:15:48 INFO     PROCESS:Signature check exit:<True>
2023-05-27 19:15:48 INFO     PROCESS:Connecting to KDS
2023-05-27 19:15:48 INFO     PUBLIC KEYS: {'1': {'N': 130264392727846956197795735796330753259051600949092723258773424244656388712185265057000273683985860843761252168427320851232609381291900057175636907197021777830396222577931992952739610459790807451159216612937563149655551556983695424377465325843925632598087004398000603308403185218343495211979664807397968508279, 'E': 65537}, '2': {'N': 99786261351913079877099743088961264925089900300541293369796012495233037608328845911938932926109491432153347412583942103272345882383105552565466299075782254048888087637956950718504167706409851781584421111480161193493532704327586681745426479089516730445329071577319063274048589108706715174202699827354982024027, 'E': 65537}, '3': {'N': 158739582103620858157044121967514920384302564841602493920055935349092877891018754116029142056863300725198997847323297606338333181812643259554777550663565890247058404181229422655534551701937953850708797347952487969038641347828166119749299552683865720288158046487144814589968446720199102813142562557613606653801, 'E': 65537}, '4': {'N': 123698169778534027604867132416387792881083282533728105878031708369510536820495401829503433829570468548522379838266500965691816100578131429859488619026070333155249431773688330302866472550857557504985167392170157414339783995407383702136122115252190947830321088512356625670829847482794001650582570951335724713361, 'E': 65537}, '5': {'N': 139958592544839754478860957652653351971024655058340651276734352645713179191548845356887568788732781476351187984672749260764001273242548798271282245281692708815593546173417729403962495235707293493418778580993712294128966901326797444158615529399808602243226602271991044375134109641967125829815178173307643356079, 'E': 65537}, '6': {'N': 123770668582715206040765556704677343033232694705584084942104403684105335586440917470715979376403600325457021510169037281420953694819578945908843937766553325456302760220990381502495240569868094175312179550595963121311032475935951003823119051754709314975706949448641358598128424775072117750477297439911186704281, 'E': 65537}, '7': {'N': 154483391153650894606998872510116335834981229884674854007437982876084030689308753304813420965800703878083161945969809622786875372262263670149982036105213252783376623038320923012697018091427825961594245540396685978181229327632512480979581362798517513846285536269160821718740493701039920755836182816248445967987, 'E': 65537}, '8': {'N': 149879118545532056993061938042990701052432153136840688162484941288874850235282366714472056696524043174545239190291477132096490340960910410477514201820599526132067484039849441875877631350040775442767817623979947698125965350567770327936990956424997785478276703380784311781487027941032555529156523859360520384351, 'E': 65537}, '9': {'N': 143148350869512919084870801791069685410783648604990199721204469114976553042110320619237236926383970522050320867119052214795467071927429248630030570566496541814532566997090122144482733178790281414445933193480300007977791584755940321108354480433529644263281798163323431769223474605564085851449531802173578211533, 'E': 65537}, '10': {'N': 109775194823090737348175560439831339433442522920288728316481342461461933037690333511594823127520677471820086789018561012506260272576747857669669485542998630069212261741061138420010496504199634027858444989578815348695088526760054886821900582098199967347045348979106602512310550086830917964649879253658267031149, 'E': 65537}, '11': {'N': 104834657411674838244658897875986426492266779525969111167899621873792276266789662871287244443638698782396207038624140534731095432284116491227932351487397648935712330787963312025687477138250790398273658735557728237550699298792479471506646524740588981820630632982733097895061568774918745297153932120654516378299, 'E': 65537}, '12': {'N': 146231741406655947762181489059130946730441674089065980050512238340392142340281465605379810909746646573406350241087310206234284216964588676026475519725730931619172293089596520301029253283217328961573848506620671363393260819433719035977354452698051990814528397237398817982988157457869266803061755973780172304747, 'E': 65537}, '13': {'N': 123670924306020792522946525660786792142823360659495988859349066997380390249475555367109510922767090590232892910999955505304488663435112942102410614050525925585417967761883115274592298742936127438474757347014011988548066471114869230711943248152711456504248771528854494894773415459052472796657070285213751404987, 'E': 65537}, '14': {'N': 114198233814671620499811859857934051092344161575227762401591636912020770126503958214616661377081254741547600679257762964215220011857896573145890743654967715212948825463419206697148144294834718176382673097459103030835674187249742114306748702964201517306693969192783737924174187475018295708234410034545144380767, 'E': 65537}, '15': {'N': 126236413822032535286492406412330404963171760281902175221675287140939120400156911899294198250872310112687520806473659392798023891287619918537941962434431810804586809301294237534654018899941778395444144650289081242154030824820978616802033006493454079047470620948988639182358918683388621407191825346163389783589, 'E': 65537}, '16': {'N': 128235834248137051713876576257142872487145719809750042493703964774415519751714887252717878568402314011662545331784443029363936223972850175948962853231498324661019197362201550973766891446124925202582117039888610895226281186800521795017399937213526942842801290449953442488107918925930422242135820354041924350507, 'E': 65537}, '17': {'N': 106335802922404202011969257378476002694667484816785015836675441588942911397658395296904260169517100309192153128408639907421726540041536425208324858462829938266850520928428351617104184182030226221332324067848645832630497987292209395936725046784262942966486292714962546372930537109881447333172110557646456153873, 'E': 65537}, '18': {'N': 117731906529316655643542004551709263668962474419044651982073047729873964473691876619229880832036577306204160704756386282730186586430098935180585191073725545364453081567698823987876006982953956587044340587834127904570129228504517078651565530114007072659942007790583954331141565188664250145795613691697380429811, 'E': 65537}, '19': {'N': 110974605887393338606156662856810209538793208446698323109490189787797442950297104925269214732286824478753101332824680214951851877118871150193327703016093576246391386087041355467009711675786765374663746392275465859934124152424100800822355254436778245960545158629213033282868680294205697313438056630112369578629, 'E': 65537}, '20': {'N': 109449437077904640395882965989185369885130071277136826400544745970047758906507406048012059798678644543541986093159008974530440407447684809915960072298475608899436585624666271174868670543637498402225762440159545841007513944715300138939157616740595213429821289761459939833893462546259121018261959815087575629249, 'E': 65537}}
2023-05-27 19:15:48 INFO     PROCESS:Signature:<0xc46b0f7f8bf00bde042073a4ba8bbd47a66bd35954c7aaedaf53fc8becd1fde54baed7eb2a722c5d5c7305019d2839f743010e8dcaeb8b9d993d846c4a886fc2c48bebffc2e074334da47555991dd941d8d0d1e47c87760f63c46e12f099d658e606051012d91e9742d8e9fb1adfa7e1c6646b7a7c79198c8606c2f2993d195e>
2023-05-27 19:15:48 INFO     PROCESS:Signature check exit:<True>
2023-05-27 19:15:48 INFO     PROCESS:Signature check exit:<True>
2023-05-27 19:15:48 INFO     PROCESS:Vote message:{'FLAG': 'VOTE', 'MSG': 'xvqvyiilfybkdygjyoipzvrusjqorphqxjrpwgjbdjngnofnobuovclfjqsxtljjllmkwgyxawrcjbxwyxfnghdqnfiosfjdhmcesqvljhhnogebklptpjkxdfshjmkqqehygjpxoemmvavezszmhvzhdbqhdyribokflevpwmvdbmhuecbebtaipysodtirlhbecuzbaqhyxwrknvpcyotldveqbhcgkivqzovfggrfiozazvanmjlzurvihqmjpojkuvkihfbnejctbprzrgivmlsfwadybgkshjojqkfkdmipfvpquonoxrcxoncixfyvoncdkghiezpmetdtfpjivudvhzmbcynbbsjjsrwfmkahhwcpfblmuaczoilmnuxbvsphbjrhuiikzvcqoomwbutuhtabxcwrfwzbzcfcpisslrwtnkafumewowpuhyjokpcwnoergmkwlksbkhuwdaqxuyzciixnwebkineobwvsncdzgvxbtyvedlik', 'SIGN': 137929554340434537179328340643137727346870208753175298160590582652046871726677713449417145995434022801666751696512799791243860621787945241997221298515351029022015301159221529434250776942546345592381340348287167611427609326425629899418337384397776712057417971360435985054629778868735488903153173169582185978206, 'TYPE': 1, 'FROM': 3},broadcasted successfully
2023-05-27 19:15:48 INFO     PROCESS:Signature check exit:<True>
2023-05-27 19:15:48 INFO     PROCESS:Signature check exit:<True>
2023-05-27 19:15:48 INFO     PROCESS:Signature check exit:<True>
2023-05-27 19:15:48 INFO     PROCESS:Signature check exit:<True>
2023-05-27 19:15:48 INFO     PROCESS:Signature check exit:<True>
2023-05-27 19:15:48 INFO     PROCESS:Signature check exit:<True>
2023-05-27 19:15:48 INFO     PROCESS:Signature check exit:<True>
2023-05-27 19:15:48 INFO     PROCESS:Signature check exit:<True>
2023-05-27 19:15:48 INFO     PROCESS:Signature check exit:<True>
2023-05-27 19:15:48 INFO     PROCESS:Signature check exit:<True>
2023-05-27 19:15:48 INFO     PROCESS:Signature check exit:<True>
2023-05-27 19:15:48 INFO     PROCESS:Signature check exit:<True>
2023-05-27 19:15:48 INFO     PROCESS:Already delivered not re-broadcast all the signed vote messages
2023-05-27 19:15:48 INFO     PROCESS:Signature check exit:<True>
2023-05-27 19:15:48 INFO     PROCESS:Signature check exit:<True>
2023-05-27 19:15:48 INFO     PROCESS:Signature check exit:<True>
2023-05-27 19:15:48 INFO     PROCESS:Signature check exit:<True>
2023-05-27 19:15:49 INFO     PROCESS:Already delivered not re-broadcast all the signed vote messages
2023-05-27 19:15:49 INFO     PROCESS:Already delivered not re-broadcast all the signed vote messages
2023-05-27 19:15:49 INFO     ----- MESSAGE DELIVERED, time: 1685207749710.1453, size: 0.870265007019043
2023-05-27 19:15:49 INFO     BYTES SENT: 205
2023-05-27 19:15:49 INFO     ----- MESSAGE DELIVERED, time: 1685207749711.8298, size: 0.0
2023-05-27 19:15:49 INFO     BYTES SENT: 205
2023-05-27 19:15:49 INFO     PROCESS:Already delivered not re-broadcast all the signed vote messages
2023-05-27 19:15:49 INFO     PROCESS:Already delivered not re-broadcast all the signed vote messages
2023-05-27 19:15:49 INFO     PROCESS:Already delivered not re-broadcast all the signed vote messages
2023-05-27 19:15:49 INFO     PROCESS:Already delivered not re-broadcast all the signed vote messages
2023-05-27 19:15:49 INFO     PROCESS:Already delivered not re-broadcast all the signed vote messages
2023-05-27 19:15:49 INFO     PROCESS:Already delivered not re-broadcast all the signed vote messages
2023-05-27 19:15:49 INFO     PROCESS:Already delivered not re-broadcast all the signed vote messages
2023-05-27 19:15:49 INFO     PROCESS:Already delivered not re-broadcast all the signed vote messages
2023-05-27 19:15:49 INFO     PROCESS:Already delivered not re-broadcast all the signed vote messages
2023-05-27 19:15:49 INFO     PROCESS:Already delivered not re-broadcast all the signed vote messages
2023-05-27 19:15:50 INFO     PROCESS:Already delivered not re-broadcast all the signed vote messages
2023-05-27 19:15:50 INFO     PROCESS:Already delivered not re-broadcast all the signed vote messages
2023-05-27 19:15:50 INFO     PROCESS:Already delivered not re-broadcast all the signed vote messages
2023-05-27 19:15:50 INFO     PROCESS:Already delivered not re-broadcast all the signed vote messages
2023-05-27 19:15:50 INFO     PROCESS:Already delivered not re-broadcast all the signed vote messages
2023-05-27 19:15:50 INFO     PROCESS:Already delivered not re-broadcast all the signed vote messages
2023-05-27 19:15:50 INFO     PROCESS:Already delivered not re-broadcast all the signed vote messages
2023-05-27 19:15:50 INFO     PROCESS:Already delivered not re-broadcast all the signed vote messages
2023-05-27 19:15:50 INFO     PROCESS:Already delivered not re-broadcast all the signed vote messages
2023-05-27 19:15:50 INFO     PROCESS:Already delivered not re-broadcast all the signed vote messages
2023-05-27 19:15:50 INFO     PROCESS:Already delivered not re-broadcast all the signed vote messages
2023-05-27 19:15:50 INFO     PROCESS:Already delivered not re-broadcast all the signed vote messages
2023-05-27 19:15:51 INFO     PROCESS:Already delivered not re-broadcast all the signed vote messages
2023-05-27 19:15:51 INFO     BYTES SENT: 395
2023-05-27 19:15:51 INFO     BYTES SENT: 395
2023-05-27 19:15:51 INFO     PROCESS:Already delivered not re-broadcast all the signed vote messages
2023-05-27 19:15:51 INFO     BYTES SENT: 407
2023-05-27 19:15:51 INFO     PROCESS:Already delivered not re-broadcast all the signed vote messages
2023-05-27 19:15:51 INFO     BYTES SENT: 418
2023-05-27 19:15:51 INFO     PROCESS:Already delivered not re-broadcast all the signed vote messages
2023-05-27 19:15:51 INFO     PROCESS:Already delivered not re-broadcast all the signed vote messages
2023-05-27 19:15:51 INFO     PROCESS:Already delivered not re-broadcast all the signed vote messages
2023-05-27 19:15:51 INFO     PROCESS:Already delivered not re-broadcast all the signed vote messages
2023-05-27 19:15:51 INFO     PROCESS:Already delivered not re-broadcast all the signed vote messages
2023-05-27 19:15:51 INFO     PROCESS:Already delivered not re-broadcast all the signed vote messages
2023-05-27 19:15:51 INFO     PROCESS:Already delivered not re-broadcast all the signed vote messages
2023-05-27 19:15:51 INFO     PROCESS:Already delivered not re-broadcast all the signed vote messages
2023-05-27 19:15:51 INFO     PROCESS:Already delivered not re-broadcast all the signed vote messages
2023-05-27 19:15:51 INFO     PROCESS:Already delivered not re-broadcast all the signed vote messages
2023-05-27 19:15:51 INFO     PROCESS:Already delivered not re-broadcast all the signed vote messages
2023-05-27 19:15:51 INFO     PROCESS:Already delivered not re-broadcast all the signed vote messages
2023-05-27 19:15:51 INFO     PROCESS:Already delivered not re-broadcast all the signed vote messages
2023-05-27 19:15:51 INFO     PROCESS:Already delivered not re-broadcast all the signed vote messages
2023-05-27 19:15:51 INFO     PROCESS:Already delivered not re-broadcast all the signed vote messages
2023-05-27 19:15:51 INFO     PROCESS:Already delivered not re-broadcast all the signed vote messages
2023-05-27 19:15:51 INFO     BYTES SENT: 569
2023-05-27 19:15:51 INFO     PROCESS:Already delivered not re-broadcast all the signed vote messages
2023-05-27 19:15:51 INFO     PROCESS:Already delivered not re-broadcast all the signed vote messages
2023-05-27 19:15:51 INFO     BYTES SENT: 607
2023-05-27 19:15:51 INFO     BYTES SENT: 619
2023-05-27 19:15:52 INFO     PROCESS:Already delivered not re-broadcast all the signed vote messages
2023-05-27 19:15:52 INFO     BYTES SENT: 656
2023-05-27 19:15:52 INFO     BYTES SENT: 656
2023-05-27 19:15:53 INFO     PROCESS:Already delivered not re-broadcast all the signed vote messages
2023-05-27 19:15:53 INFO     PROCESS:Already delivered not re-broadcast all the signed vote messages
2023-05-27 19:15:54 INFO     PROCESS:Already delivered not re-broadcast all the signed vote messages
2023-05-27 19:15:54 INFO     PROCESS:Already delivered not re-broadcast all the signed vote messages
2023-05-27 19:15:54 INFO     PROCESS:Already delivered not re-broadcast all the signed vote messages
2023-05-27 19:15:54 INFO     PROCESS:Already delivered not re-broadcast all the signed vote messages
2023-05-27 19:15:54 INFO     PROCESS:Already delivered not re-broadcast all the signed vote messages
2023-05-27 19:15:54 INFO     PROCESS:Already delivered not re-broadcast all the signed vote messages
2023-05-27 19:15:54 INFO     PROCESS:Already delivered not re-broadcast all the signed vote messages
2023-05-27 19:15:54 INFO     PROCESS:Already delivered not re-broadcast all the signed vote messages
2023-05-27 19:15:54 INFO     PROCESS:Already delivered not re-broadcast all the signed vote messages
2023-05-27 19:15:54 INFO     PROCESS:Already delivered not re-broadcast all the signed vote messages
2023-05-27 19:15:54 INFO     PROCESS:Already delivered not re-broadcast all the signed vote messages
2023-05-27 19:15:54 INFO     PROCESS:Already delivered not re-broadcast all the signed vote messages
2023-05-27 19:15:54 INFO     PROCESS:Already delivered not re-broadcast all the signed vote messages
2023-05-27 19:15:54 INFO     PROCESS:Already delivered not re-broadcast all the signed vote messages
2023-05-27 19:15:54 INFO     BYTES SENT: 781
2023-05-27 19:15:54 INFO     BYTES SENT: 781
2023-05-27 19:15:54 INFO     PROCESS:Already delivered not re-broadcast all the signed vote messages
2023-05-27 19:15:55 INFO     PROCESS:Already delivered not re-broadcast all the signed vote messages
2023-05-27 19:15:55 INFO     PROCESS:Already delivered not re-broadcast all the signed vote messages
2023-05-27 19:15:56 INFO     BYTES SENT: 868
2023-05-27 19:15:56 INFO     BYTES SENT: 880
2023-05-27 19:15:56 INFO     PROCESS:Already delivered not re-broadcast all the signed vote messages
2023-05-27 19:15:56 INFO     PROCESS:Already delivered not re-broadcast all the signed vote messages
2023-05-27 19:15:56 INFO     BYTES SENT: 905
2023-05-27 19:15:56 INFO     PROCESS:Already delivered not re-broadcast all the signed vote messages
2023-05-27 19:15:56 INFO     BYTES SENT: 917
2023-05-27 19:15:56 INFO     PROCESS:Already delivered not re-broadcast all the signed vote messages
2023-05-27 19:15:56 INFO     BYTES SENT: 928
2023-05-27 19:15:56 INFO     PROCESS:Already delivered not re-broadcast all the signed vote messages
2023-05-27 19:15:56 INFO     BYTES SENT: 940
2023-05-27 19:15:56 INFO     PROCESS:Already delivered not re-broadcast all the signed vote messages
2023-05-27 19:15:56 INFO     PROCESS:Already delivered not re-broadcast all the signed vote messages
2023-05-27 19:15:56 INFO     PROCESS:Already delivered not re-broadcast all the signed vote messages
2023-05-27 19:15:57 INFO     PROCESS:Already delivered not re-broadcast all the signed vote messages
2023-05-27 19:15:57 INFO     BYTES SENT: 966
2023-05-27 19:15:57 INFO     BYTES SENT: 978
2023-05-27 19:15:57 INFO     PROCESS:Already delivered not re-broadcast all the signed vote messages
2023-05-27 19:15:57 INFO     PROCESS:Already delivered not re-broadcast all the signed vote messages
2023-05-27 19:15:58 INFO     PROCESS:Already delivered not re-broadcast all the signed vote messages
2023-05-27 19:15:58 INFO     PROCESS:Already delivered not re-broadcast all the signed vote messages
2023-05-27 19:15:58 INFO     PROCESS:Already delivered not re-broadcast all the signed vote messages
2023-05-27 19:15:58 INFO     PROCESS:Already delivered not re-broadcast all the signed vote messages
2023-05-27 19:15:58 INFO     PROCESS:Already delivered not re-broadcast all the signed vote messages
2023-05-27 19:15:58 INFO     PROCESS:Already delivered not re-broadcast all the signed vote messages
2023-05-27 19:15:58 INFO     PROCESS:Already delivered not re-broadcast all the signed vote messages
2023-05-27 19:15:58 INFO     PROCESS:Already delivered not re-broadcast all the signed vote messages
2023-05-27 19:15:58 INFO     PROCESS:Already delivered not re-broadcast all the signed vote messages
2023-05-27 19:15:58 INFO     PROCESS:Already delivered not re-broadcast all the signed vote messages
2023-05-27 19:15:58 INFO     PROCESS:Already delivered not re-broadcast all the signed vote messages
2023-05-27 19:15:58 INFO     PROCESS:Already delivered not re-broadcast all the signed vote messages
2023-05-27 19:15:58 INFO     PROCESS:Already delivered not re-broadcast all the signed vote messages
2023-05-27 19:15:58 INFO     PROCESS:Already delivered not re-broadcast all the signed vote messages
2023-05-27 19:15:58 INFO     PROCESS:Already delivered not re-broadcast all the signed vote messages
