2023-05-27 19:16:04 INFO     PROCESS:Calling KDS to get key pair
2023-05-27 19:16:04 INFO     PROCESS:Connecting to KDS
2023-05-27 19:16:05 DEBUG    PROCESS: id list: [1, 2, 3, 4, 5, 6, 7, 8, 9, 10, 11, 12, 13, 14, 15, 16, 17, 18, 19, 20],ip list ['10.0.0.1', '10.0.0.2', '10.0.0.3', '10.0.0.4', '10.0.0.5', '10.0.0.6', '10.0.0.7', '10.0.0.8', '10.0.0.9', '10.0.0.10', '10.0.0.11', '10.0.0.12', '10.0.0.13', '10.0.0.14', '10.0.0.15', '10.0.0.16', '10.0.0.17', '10.0.0.18', '10.0.0.19', '10.0.0.20']
2023-05-27 19:16:06 INFO     ----- EVALUATION CHECKPOINT: message receiving, time: 1685207766644.9875 -----
2023-05-27 19:16:06 INFO     AUTH: <10.0.0.1, 1> is the one with this key: {1: b'\xa7\xc8\xd3\x1f\xddf7\x1fX6\x03\xc1m\x17%\xd9\xca \xd7\xa0T\xdcVGl\x84\x85\x1d\x90\xff\xa6\xcf'}
2023-05-27 19:16:06 INFO     PROCESS:Connecting to KDS
2023-05-27 19:16:06 INFO     PROCESS:Connecting to KDS
2023-05-27 19:16:06 INFO     PROCESS:Connecting to KDS
2023-05-27 19:16:06 INFO     PROCESS:Connecting to KDS
2023-05-27 19:16:06 INFO     PROCESS:Connecting to KDS
2023-05-27 19:16:06 INFO     PROCESS:Connecting to KDS
2023-05-27 19:16:06 INFO     PROCESS:Connecting to KDS
2023-05-27 19:16:06 INFO     PROCESS:Connecting to KDS
2023-05-27 19:16:06 INFO     PROCESS:Connecting to KDS
2023-05-27 19:16:07 INFO     PROCESS:Connecting to KDS
2023-05-27 19:16:07 INFO     PROCESS:Connecting to KDS
2023-05-27 19:16:07 INFO     PROCESS:Connecting to KDS
2023-05-27 19:16:07 INFO     PROCESS:Connecting to KDS
2023-05-27 19:16:07 INFO     PROCESS:Connecting to KDS
2023-05-27 19:16:07 INFO     PROCESS:Connecting to KDS
2023-05-27 19:16:07 INFO     PROCESS:Connecting to KDS
2023-05-27 19:16:07 INFO     PROCESS:Connecting to KDS
2023-05-27 19:16:07 INFO     PROCESS:Connecting to KDS
2023-05-27 19:16:07 INFO     PROCESS:Connecting to KDS
2023-05-27 19:16:07 INFO     PROCESS:Connecting to KDS
2023-05-27 19:16:07 INFO     PUBLIC KEYS: {'1': {'N': 124829601173507576486027000573439673424299987761693350563333922463339980932087843274245009042268417511180163658350865331569022022922117541629481999580701029298749614191619092466080412459685459490227387077932449525373795828889325382894220736531402385762618068867857483468001864886517524456475850786981944891019, 'E': 65537}, '2': {'N': 133797765224009572031909445369518740720704869691803010463994617477076301524415231880268470157087298575000089141748677801310818127785319352996774379716663177483327468427536184706170846331810253545287141626802966753307030780126706918475011407646892910587071107286631699020029162249404539918105536578412985391313, 'E': 65537}, '3': {'N': 124912605070096256150069815805552339748250884063308045922328736658155976725879420047803058858815379465719626056491126602892363313348589932385410663321469285849540147428275306833187710876571893125931069964693271108242254656454706596690691222044953760749345151817426022627880873876087236364806544118308265064661, 'E': 65537}, '4': {'N': 142660075010492232887030721385696990835584122318857747390069482446797169039207764404313303728789603664310450622676324077456246141476110264329370469052090871066643516328471279238439195156063026425585652965273166726859279868826088749220417233326297250322176029590322347110375727965268751292565648079942709540737, 'E': 65537}, '5': {'N': 130511676077566183539733389758486129039977508001687137396587966216511920688982988868756204355175068690416228394657646127656907786141938452686223616610560857732815986157396187190486166121250867108288799509905102830597870527970667673811493103075429503678323086376431774428721342597370311723155047705988712997743, 'E': 65537}, '6': {'N': 159523320007168886841369254565414424564612055048976053871171097332102189479460529419976197929482250265303669691959843426537709828239075847574428785572095611283835500293104539595712728584307130812197633237375054278582191405997622629656317214034931444774744762361617173513582890834703409858119246413390509403779, 'E': 65537}, '7': {'N': 131824520551994271259873034065729327134940183101335660051748297405530317508573646235403784093254881401312773217617051090468663732435862011772963391770278202984919832085682674270968998154526115751134579180565142819527331143706986772582011204595427315649395585189469632819136798105438958694750241670826832829091, 'E': 65537}, '8': {'N': 124517111822862532404624664843659104526856798240968866814941997725509590243555477840254680347509484828958087613419408903205758193594479140591050307918309987380193864744060802457007810042234603275420394185880421012629789953534354751971175809258738457583876588253453866632872945088527405922506911923857688192703, 'E': 65537}, '9': {'N': 108318066846326400591099964358407235834205476114783495186761636730064939318746181738666129439072141852177855291566568662363079129397950035709966050992556013202809819582340609977905404072100798345358083364608765752643123456580065285542716841752031134325488154623547007550171522079696049662528424072715232075599, 'E': 65537}, '10': {'N': 137488473891758144408484094450290490168621614738260186481575193060404340602692681659652195475662710675970040464841978781096995165168292711121388680172375629590658254272117314324062973239379027539955465165768726931868701560616954245133737162757965855977978638570067715877862150253410200783340968306050667957033, 'E': 65537}, '11': {'N': 143145210681863569819041350087311041071449208970834762373336734479885132289663835892042743062202562219384439292014831834709704539324600831431510329355330598004302762225452306190530114240729230380094950748975191703615720779582129823769637034765136204845162879826470305292844441262469732949160123035664460108413, 'E': 65537}, '12': {'N': 124315028308625032383389463234455490399322083103463803683568123774801630275228277470794897890594095349338993336744929614741677816733137645419819555795745377092325482352767381239488031049750141171293855305017812828460440295305785230177063668220829524811472391557436399508895518240904187413702611494101821319107, 'E': 65537}, '13': {'N': 145862484645008509812415322252653630211814819811277991470249702582788754338579977268583732323404352310187030016268828841345500647230143163444303817284893721820975149261935579380184772208109503293472470510258939373917937639866478831970121533528203565371801765671155064478201367139910873994943144149613258315199, 'E': 65537}, '14': {'N': 148695771350929809849106081762014369628906429713986176647111666380519785813477427068014745337198374142822781834523490192744021580705852443889169620929522299904097818531687236678921569278829813340395054367805593947406194182160956988090489726546640342969432526760361132661982044135210242089370534090703336182439, 'E': 65537}, '15': {'N': 133619938832967050500119670424490759951195443405517685034161672123129661546477509135802626607983529154580723678149271977310758720266543286872306856877460503305502523047119084379823062582978559001205037351642409379823809136347261607045334373092518805733146181592821241378316520215730057800252973219179780647483, 'E': 65537}, '16': {'N': 150387144579561128532233035737957215859137626495924618936388944754854826877892870432097765625464906066946449368515508087327636983259348731536623646443483359357095224690822330412243145739177264536164535203055706847747507999503806677048737099918982189302088241199176591005530151961105810733763020688374756821013, 'E': 65537}, '17': {'N': 140911553431903911710046528075867976412835933102724254244329831428296449309016888021800304993515707173063019454512727443504343158930312934494831608637511458001528937798463288824394448331848055020351399814256972389963997231975370495397972392445622380535887202918107048285000660711127543731296717081289663309459, 'E': 65537}, '18': {'N': 120173706497781417933563926865293002317984571853844802887604829714112685413174887664182440693707598748948915943951741776742029747131494839353822540266587859168164565852477037704991570528261416022116316861627380865341869853029195768915618353396812775953383123451320753794736827538629702612323122672172617281413, 'E': 65537}, '19': {'N': 110523294791656898766615161528916002004739345385925131120275147190603751055865080502741739511344437891253051227994868092752466115039334425528958537058834985462260870720010835180559153123965777467782550860993469006964409173198930573232252309040857259787008317108342949613150837482255187163395849264042837845729, 'E': 65537}, '20': {'N': 123906943684676716419440299092082414483125541728154010919985522322009332788920550608140016436495147621008806109091549730197398742097250395718166813664632472213889736608377457925258386246732355454888226626668702458169754725440014854907219933161515619940309008218935548576573630245673395389356652146259797922837, 'E': 65537}}
2023-05-27 19:16:07 INFO     PROCESS:Signature:<0x26f5a0aee0c470702f2fc84610386071eb97ac1fc43038ee966bcdd434ddc345f16f31fa24baeacbba1010fcc38f4739d65639fc65a7a36d7bfe4bf6c02e330f7c308fe43c2a1d3c9af6f1a84ecd6577e293b6cd3152df60ebfbf082e33d997636c40399aa7b16fea8d91fdb98cd99422204631ab7b2c72c0250984db4e253f0>
2023-05-27 19:16:07 INFO     PROCESS:Signature check exit:<True>
2023-05-27 19:16:07 INFO     PROCESS:Signature check exit:<True>
2023-05-27 19:16:07 INFO     PROCESS:Signature check exit:<True>
2023-05-27 19:16:07 INFO     PROCESS:Signature check exit:<True>
2023-05-27 19:16:07 INFO     PROCESS:Signature check exit:<True>
2023-05-27 19:16:07 INFO     PROCESS:Signature check exit:<True>
2023-05-27 19:16:07 INFO     PROCESS:Signature check exit:<True>
2023-05-27 19:16:07 INFO     PROCESS:Signature check exit:<True>
2023-05-27 19:16:07 INFO     PROCESS:Vote message:{'FLAG': 'VOTE', 'MSG': 'yltlecmwltwlkzlmwwshbxymlxlupfnvhcgganijiuzdbkfsuppipqrsarvjgsudqjgtlqjrcphsckpwyuhxfynosuojojdmwqumqwnpfktephtajjpypzniqqoxcjrodavimmslupoxwfbhceqqawgvpxvbvcikpwnxmsccvgqulyszhyvsrupfwzeqzhpgjnrmvenamebrrthrumhgneavqnxyvpwkgrncffguhmzdgxdwzkabmlvxuyanxniopqjfbxdedgqwsgjldbacdqkvjqacxuxdlqdaomabpillepjiivdfaprbinyqpwugfafqfecxnavzyaifweexbtllbjzyldlmuxjqhzknpbixioetmtqwocabagducrpocavduokxytjeljgiyvsuewxrpyfufvohaacyqxacxahrlatolgyyzvoqhlihpuzupabvvoetacvreszvwjsyecgputvdlbxedoguzzffmtoyaycadpkvnmaemrbkfmaz', 'SIGN': 27358279402470580078245617809510603976674644503324018022086971048427438083604077737638322735315554502144961514181355868170131276926206961729309937285162531613768539142579186354921609011747142704992844275396493227862454394610030996795072873263387788259639690030267072205051224108737657783612753852833831474160, 'TYPE': 1, 'FROM': 2},broadcasted successfully
2023-05-27 19:16:07 INFO     PROCESS:Signature check exit:<True>
2023-05-27 19:16:07 INFO     PROCESS:Signature check exit:<True>
2023-05-27 19:16:07 INFO     PROCESS:Signature check exit:<True>
2023-05-27 19:16:07 INFO     PROCESS:Signature check exit:<True>
2023-05-27 19:16:07 INFO     PROCESS:Signature check exit:<True>
2023-05-27 19:16:07 INFO     PROCESS:Signature check exit:<True>
2023-05-27 19:16:07 INFO     PROCESS:Signature check exit:<True>
2023-05-27 19:16:07 INFO     PROCESS:Signature check exit:<True>
2023-05-27 19:16:07 INFO     PROCESS:Already delivered not re-broadcast all the signed vote messages
2023-05-27 19:16:07 INFO     PROCESS:Already delivered not re-broadcast all the signed vote messages
2023-05-27 19:16:07 INFO     PROCESS:Signature check exit:<True>
2023-05-27 19:16:07 INFO     PROCESS:Signature check exit:<True>
2023-05-27 19:16:07 INFO     PROCESS:Signature check exit:<True>
2023-05-27 19:16:07 INFO     PROCESS:Signature check exit:<True>
2023-05-27 19:16:09 INFO     ----- MESSAGE DELIVERED, time: 1685207769099.8018, size: 0.91204833984375
2023-05-27 19:16:09 INFO     BYTES SENT: 195
2023-05-27 19:16:09 INFO     BYTES SENT: 207
2023-05-27 19:16:09 INFO     PROCESS:Already delivered not re-broadcast all the signed vote messages
2023-05-27 19:16:09 INFO     BYTES SENT: 219
2023-05-27 19:16:09 INFO     PROCESS:Already delivered not re-broadcast all the signed vote messages
2023-05-27 19:16:09 INFO     BYTES SENT: 231
2023-05-27 19:16:09 INFO     PROCESS:Already delivered not re-broadcast all the signed vote messages
2023-05-27 19:16:09 INFO     PROCESS:Already delivered not re-broadcast all the signed vote messages
2023-05-27 19:16:09 INFO     PROCESS:Already delivered not re-broadcast all the signed vote messages
2023-05-27 19:16:09 INFO     PROCESS:Already delivered not re-broadcast all the signed vote messages
2023-05-27 19:16:09 INFO     PROCESS:Already delivered not re-broadcast all the signed vote messages
2023-05-27 19:16:09 INFO     PROCESS:Already delivered not re-broadcast all the signed vote messages
2023-05-27 19:16:09 INFO     PROCESS:Already delivered not re-broadcast all the signed vote messages
2023-05-27 19:16:09 INFO     PROCESS:Already delivered not re-broadcast all the signed vote messages
2023-05-27 19:16:09 INFO     PROCESS:Already delivered not re-broadcast all the signed vote messages
2023-05-27 19:16:10 INFO     PROCESS:Already delivered not re-broadcast all the signed vote messages
2023-05-27 19:16:10 INFO     PROCESS:Already delivered not re-broadcast all the signed vote messages
2023-05-27 19:16:10 INFO     PROCESS:Already delivered not re-broadcast all the signed vote messages
2023-05-27 19:16:10 INFO     PROCESS:Already delivered not re-broadcast all the signed vote messages
2023-05-27 19:16:10 INFO     PROCESS:Already delivered not re-broadcast all the signed vote messages
2023-05-27 19:16:10 INFO     PROCESS:Already delivered not re-broadcast all the signed vote messages
2023-05-27 19:16:10 INFO     PROCESS:Already delivered not re-broadcast all the signed vote messages
2023-05-27 19:16:10 INFO     PROCESS:Already delivered not re-broadcast all the signed vote messages
2023-05-27 19:16:10 INFO     PROCESS:Already delivered not re-broadcast all the signed vote messages
2023-05-27 19:16:10 INFO     PROCESS:Already delivered not re-broadcast all the signed vote messages
2023-05-27 19:16:10 INFO     PROCESS:Already delivered not re-broadcast all the signed vote messages
2023-05-27 19:16:10 INFO     PROCESS:Already delivered not re-broadcast all the signed vote messages
2023-05-27 19:16:10 INFO     PROCESS:Already delivered not re-broadcast all the signed vote messages
2023-05-27 19:16:10 INFO     PROCESS:Already delivered not re-broadcast all the signed vote messages
2023-05-27 19:16:10 INFO     PROCESS:Already delivered not re-broadcast all the signed vote messages
2023-05-27 19:16:10 INFO     PROCESS:Already delivered not re-broadcast all the signed vote messages
2023-05-27 19:16:10 INFO     PROCESS:Already delivered not re-broadcast all the signed vote messages
2023-05-27 19:16:10 INFO     PROCESS:Already delivered not re-broadcast all the signed vote messages
2023-05-27 19:16:10 INFO     PROCESS:Already delivered not re-broadcast all the signed vote messages
2023-05-27 19:16:10 INFO     PROCESS:Already delivered not re-broadcast all the signed vote messages
2023-05-27 19:16:10 INFO     PROCESS:Already delivered not re-broadcast all the signed vote messages
2023-05-27 19:16:10 INFO     PROCESS:Already delivered not re-broadcast all the signed vote messages
2023-05-27 19:16:10 INFO     PROCESS:Already delivered not re-broadcast all the signed vote messages
2023-05-27 19:16:10 INFO     PROCESS:Already delivered not re-broadcast all the signed vote messages
2023-05-27 19:16:10 INFO     PROCESS:Already delivered not re-broadcast all the signed vote messages
2023-05-27 19:16:10 INFO     PROCESS:Already delivered not re-broadcast all the signed vote messages
2023-05-27 19:16:10 INFO     PROCESS:Already delivered not re-broadcast all the signed vote messages
2023-05-27 19:16:10 INFO     PROCESS:Already delivered not re-broadcast all the signed vote messages
2023-05-27 19:16:10 INFO     PROCESS:Already delivered not re-broadcast all the signed vote messages
2023-05-27 19:16:10 INFO     PROCESS:Already delivered not re-broadcast all the signed vote messages
2023-05-27 19:16:10 INFO     PROCESS:Already delivered not re-broadcast all the signed vote messages
2023-05-27 19:16:10 INFO     BYTES SENT: 407
2023-05-27 19:16:10 INFO     PROCESS:Already delivered not re-broadcast all the signed vote messages
2023-05-27 19:16:10 INFO     BYTES SENT: 419
2023-05-27 19:16:11 INFO     PROCESS:Already delivered not re-broadcast all the signed vote messages
2023-05-27 19:16:11 INFO     PROCESS:Already delivered not re-broadcast all the signed vote messages
2023-05-27 19:16:11 INFO     PROCESS:Already delivered not re-broadcast all the signed vote messages
2023-05-27 19:16:11 INFO     PROCESS:Already delivered not re-broadcast all the signed vote messages
2023-05-27 19:16:12 INFO     PROCESS:Already delivered not re-broadcast all the signed vote messages
2023-05-27 19:16:12 INFO     PROCESS:Already delivered not re-broadcast all the signed vote messages
2023-05-27 19:16:13 INFO     PROCESS:Already delivered not re-broadcast all the signed vote messages
2023-05-27 19:16:13 INFO     PROCESS:Already delivered not re-broadcast all the signed vote messages
2023-05-27 19:16:13 INFO     PROCESS:Already delivered not re-broadcast all the signed vote messages
2023-05-27 19:16:13 INFO     PROCESS:Already delivered not re-broadcast all the signed vote messages
2023-05-27 19:16:13 INFO     PROCESS:Already delivered not re-broadcast all the signed vote messages
2023-05-27 19:16:13 INFO     BYTES SENT: 533
2023-05-27 19:16:13 INFO     PROCESS:Already delivered not re-broadcast all the signed vote messages
2023-05-27 19:16:13 INFO     BYTES SENT: 545
2023-05-27 19:16:13 INFO     PROCESS:Already delivered not re-broadcast all the signed vote messages
2023-05-27 19:16:13 INFO     PROCESS:Already delivered not re-broadcast all the signed vote messages
2023-05-27 19:16:13 INFO     PROCESS:Already delivered not re-broadcast all the signed vote messages
2023-05-27 19:16:13 INFO     PROCESS:Already delivered not re-broadcast all the signed vote messages
2023-05-27 19:16:13 INFO     PROCESS:Already delivered not re-broadcast all the signed vote messages
2023-05-27 19:16:13 INFO     PROCESS:Already delivered not re-broadcast all the signed vote messages
2023-05-27 19:16:14 INFO     PROCESS:Already delivered not re-broadcast all the signed vote messages
2023-05-27 19:16:14 INFO     PROCESS:Already delivered not re-broadcast all the signed vote messages
2023-05-27 19:16:15 INFO     PROCESS:Already delivered not re-broadcast all the signed vote messages
2023-05-27 19:16:15 INFO     PROCESS:Already delivered not re-broadcast all the signed vote messages
2023-05-27 19:16:15 INFO     PROCESS:Already delivered not re-broadcast all the signed vote messages
2023-05-27 19:16:15 INFO     PROCESS:Already delivered not re-broadcast all the signed vote messages
2023-05-27 19:16:16 INFO     PROCESS:Already delivered not re-broadcast all the signed vote messages
2023-05-27 19:16:16 INFO     PROCESS:Already delivered not re-broadcast all the signed vote messages
2023-05-27 19:16:16 INFO     PROCESS:Already delivered not re-broadcast all the signed vote messages
2023-05-27 19:16:16 INFO     PROCESS:Already delivered not re-broadcast all the signed vote messages
2023-05-27 19:16:16 INFO     PROCESS:Already delivered not re-broadcast all the signed vote messages
2023-05-27 19:16:16 INFO     PROCESS:Already delivered not re-broadcast all the signed vote messages
2023-05-27 19:16:16 INFO     BYTES SENT: 658
2023-05-27 19:16:16 INFO     BYTES SENT: 670
2023-05-27 19:16:16 INFO     PROCESS:Already delivered not re-broadcast all the signed vote messages
