2023-05-28 10:58:10 INFO     PROCESS:Calling KDS to get key pair
2023-05-28 10:58:10 INFO     PROCESS:Connecting to KDS
2023-05-28 10:58:10 DEBUG    PROCESS: id list: [1, 2, 3, 4],ip list ['10.0.0.1', '10.0.0.2', '10.0.0.3', '10.0.0.4']
2023-05-28 10:58:15 INFO     ----- EVALUATION CHECKPOINT: message receiving, time: 1685264295698.7163 -----
2023-05-28 10:58:15 INFO     AUTH: <10.0.0.1, 1> is the one with this key: {1: b'\x9c\xf4\xa5\xf6\x9a\xb1\xab\xff\xd3F\xa6\xc5\xf6\xf0\xd9\xae\xb6\\\x83\xfd\x17\xce>\xd3\xea\x83\x94\xe1T\x12@\x16'}
2023-05-28 10:58:15 INFO     PROCESS:Connecting to KDS
2023-05-28 10:58:15 INFO     PROCESS:Connecting to KDS
2023-05-28 10:58:15 INFO     PROCESS:Connecting to KDS
2023-05-28 10:58:15 INFO     PROCESS:Connecting to KDS
2023-05-28 10:58:15 INFO     PUBLIC KEYS: {'1': {'N': 110075168469495716490090232307769149973963243920651788565561466308830385553338646213991463848574960699522336140677185864606621165636560835804349960940507203588911077471323125622439880121730021278327688279528782432447936116898444179890566809570654569411306695719198852310389677957267166317412276156037169334827, 'E': 65537}, '2': {'N': 142031892346208121419266834718812388400812009742871355649841265132537301208525366373428627489864078777582434534373664667625697259400564137714598113963453759176080777744702836889236939891988971692601884892405605859509874750355988003464180296236140595840456236636065786888923402948286471746083803406299591673943, 'E': 65537}, '3': {'N': 144000538871142176829705020245574093357662787195065999817265762250210441884144756929513257847620806108993939065127678519094480232033291861925439957935333092181029971345389197831132036455444336457667137844140596545274377388608492593535564556502727335839492341916632577952497104788470244704819373208119906855981, 'E': 65537}, '4': {'N': 143127866189702006397356365453164763501790141951249821309308033188996157889473482806289388003577684785930469050899208139797197015237121512536928184419193624565792940304739115097207102529292928752726737130625381536406878933195162869560212183112049341959662826138694605825697372536247830729108370319969622272001, 'E': 65537}}
2023-05-28 10:58:15 INFO     PROCESS:Signature:<0xb334100d92d507097d805b5af949ad41f0c79bd3ceeb7b1d5d14d9f1320e9b65c515748522c8fd0c60acdd3c49254e6764c1983b2fe18ff76f2f3e8b288ec595325b76a8deb64c264c8f4c5879daf15dc941729b39b450f48b66bfa248d5af12f998dccf8f1e782d948cb790266cba7b174b9121beed9b5c58ace4e7e178c0ec>
2023-05-28 10:58:15 INFO     PROCESS:Signature check exit:<True>
2023-05-28 10:58:15 INFO     PROCESS:Signature check exit:<True>
2023-05-28 10:58:15 INFO     PROCESS:Vote message:{'FLAG': 'VOTE', 'MSG': 'hello', 'SIGN': 125840885899499188208592653477154742264904814319600658912678341524045151509533027052292144700581668774689005120964314805905883421809626610199546797297112965218068433842470916498730430546741573103606634546647109615071624212964465542250057287867862641600038851466863665505175146800305508395435996552311208460524, 'TYPE': 1, 'FROM': 2},broadcasted successfully
2023-05-28 10:58:15 INFO     PROCESS:Signature check exit:<True>
2023-05-28 10:58:15 INFO     ----- MESSAGE DELIVERED, time: 1685264295818.0896, size: 0.08657646179199219
2023-05-28 10:58:15 INFO     BYTES SENT: 4
2023-05-28 10:58:15 INFO     PROCESS:Already delivered not re-broadcast all the signed vote messages
2023-05-28 10:58:15 INFO     BYTES SENT: 5
2023-05-28 10:58:15 INFO     BYTES SENT: 6
2023-05-28 10:58:15 INFO     PROCESS:Already delivered not re-broadcast all the signed vote messages
2023-05-28 10:58:15 INFO     BYTES SENT: 8
2023-05-28 10:58:15 INFO     BYTES SENT: 10
2023-05-28 10:58:15 INFO     PROCESS:Already delivered not re-broadcast all the signed vote messages
2023-05-28 10:58:15 INFO     PROCESS:Already delivered not re-broadcast all the signed vote messages
2023-05-28 10:58:15 INFO     BYTES SENT: 11
2023-05-28 10:58:15 INFO     PROCESS:Already delivered not re-broadcast all the signed vote messages
2023-05-28 10:58:15 INFO     BYTES SENT: 13
2023-05-28 10:58:15 INFO     BYTES SENT: 14
2023-05-28 10:58:15 INFO     BYTES SENT: 15
2023-05-28 10:58:15 INFO     PROCESS:Already delivered not re-broadcast all the signed vote messages
2023-05-28 10:58:15 INFO     PROCESS:Already delivered not re-broadcast all the signed vote messages
2023-05-28 10:58:15 INFO     BYTES SENT: 16
2023-05-28 10:58:15 INFO     BYTES SENT: 18
2023-05-28 10:58:15 INFO     BYTES SENT: 19
2023-05-28 10:58:16 INFO     PROCESS:Already delivered not re-broadcast all the signed vote messages
2023-05-28 10:58:16 INFO     PROCESS:Already delivered not re-broadcast all the signed vote messages
2023-05-28 10:58:16 INFO     PROCESS:Already delivered not re-broadcast all the signed vote messages
2023-05-28 10:58:16 INFO     PROCESS:Already delivered not re-broadcast all the signed vote messages
2023-05-28 10:58:16 INFO     PROCESS:Already delivered not re-broadcast all the signed vote messages
2023-05-28 10:58:16 INFO     PROCESS:Already delivered not re-broadcast all the signed vote messages
2023-05-28 10:58:16 INFO     PROCESS:Already delivered not re-broadcast all the signed vote messages
2023-05-28 10:58:16 INFO     PROCESS:Already delivered not re-broadcast all the signed vote messages
2023-05-28 10:58:16 INFO     PROCESS:Already delivered not re-broadcast all the signed vote messages
2023-05-28 10:58:16 INFO     PROCESS:Signature check exit:<True>
2023-05-28 10:58:16 INFO     PROCESS:Already delivered not re-broadcast all the signed vote messages
2023-05-28 10:58:16 INFO     PROCESS:Already delivered not re-broadcast all the signed vote messages
2023-05-28 10:58:16 INFO     PROCESS:Already delivered not re-broadcast all the signed vote messages
