2023-05-28 10:58:11 INFO     PROCESS:Calling KDS to get key pair
2023-05-28 10:58:11 INFO     PROCESS:Connecting to KDS
2023-05-28 10:58:11 DEBUG    PROCESS: id list: [1, 2, 3, 4],ip list ['10.0.0.1', '10.0.0.2', '10.0.0.3', '10.0.0.4']
2023-05-28 10:58:15 INFO     ----- EVALUATION CHECKPOINT: message receiving, time: 1685264295748.6638 -----
2023-05-28 10:58:15 INFO     AUTH: <10.0.0.1, 1> is the one with this key: {1: b"\x88R'IF\t\x9d\x03\x16c>\xc3\xe1\xb3Z% \xbe\x0cD0\x89.\xe6\x1a\x9f[\xbd\xa1\xa9\x06i"}
2023-05-28 10:58:15 INFO     PROCESS:Connecting to KDS
2023-05-28 10:58:15 INFO     PROCESS:Signature check exit:<True>
2023-05-28 10:58:15 INFO     PROCESS:Signature check exit:<True>
2023-05-28 10:58:15 INFO     PROCESS:Signature check exit:<True>
2023-05-28 10:58:15 INFO     PROCESS:Connecting to KDS
2023-05-28 10:58:15 INFO     PROCESS:Signature check exit:<True>
2023-05-28 10:58:15 INFO     PROCESS:Signature check exit:<True>
2023-05-28 10:58:16 INFO     PROCESS:Signature check exit:<True>
2023-05-28 10:58:16 INFO     PROCESS:Connecting to KDS
2023-05-28 10:58:16 INFO     PROCESS:Signature check exit:<True>
2023-05-28 10:58:16 INFO     PROCESS:Signature check exit:<True>
2023-05-28 10:58:16 INFO     PROCESS:Signature check exit:<True>
2023-05-28 10:58:16 INFO     PROCESS:Signature check exit:<True>
2023-05-28 10:58:16 INFO     PROCESS:Connecting to KDS
2023-05-28 10:58:16 INFO     PROCESS:Signature check exit:<True>
2023-05-28 10:58:16 INFO     ----- MESSAGE DELIVERED, time: 1685264296082.8494, size: 0.14345073699951172
2023-05-28 10:58:16 INFO     BYTES SENT: 1
2023-05-28 10:58:16 INFO     PROCESS:Already delivered not re-broadcast all the signed vote messages
2023-05-28 10:58:16 INFO     PUBLIC KEYS: {'1': {'N': 110075168469495716490090232307769149973963243920651788565561466308830385553338646213991463848574960699522336140677185864606621165636560835804349960940507203588911077471323125622439880121730021278327688279528782432447936116898444179890566809570654569411306695719198852310389677957267166317412276156037169334827, 'E': 65537}, '2': {'N': 142031892346208121419266834718812388400812009742871355649841265132537301208525366373428627489864078777582434534373664667625697259400564137714598113963453759176080777744702836889236939891988971692601884892405605859509874750355988003464180296236140595840456236636065786888923402948286471746083803406299591673943, 'E': 65537}, '3': {'N': 144000538871142176829705020245574093357662787195065999817265762250210441884144756929513257847620806108993939065127678519094480232033291861925439957935333092181029971345389197831132036455444336457667137844140596545274377388608492593535564556502727335839492341916632577952497104788470244704819373208119906855981, 'E': 65537}, '4': {'N': 143127866189702006397356365453164763501790141951249821309308033188996157889473482806289388003577684785930469050899208139797197015237121512536928184419193624565792940304739115097207102529292928752726737130625381536406878933195162869560212183112049341959662826138694605825697372536247830729108370319969622272001, 'E': 65537}}
2023-05-28 10:58:16 INFO     PROCESS:Signature:<0x750fe48d4eb007ef037ad8ececf59baa15a46b852a9fa6c793d3637203046d951188b6794b823d456177ecb9cf8d6d6f7010f233c8357f3bd0c8d39af0e06b7087e634a7039fd985f250f7c33a36fab503c3391af713ab6cbbb00722ed034fa3f358ffa0da263c657ee55dce086a60ef6ae3edd7c10fa767ee363ce779ea1725>
2023-05-28 10:58:16 INFO     BYTES SENT: 3
2023-05-28 10:58:16 INFO     BYTES SENT: 3
2023-05-28 10:58:16 INFO     PROCESS:Already delivered not re-broadcast all the signed vote messages
2023-05-28 10:58:16 INFO     PROCESS:Already delivered not re-broadcast all the signed vote messages
2023-05-28 10:58:16 INFO     BYTES SENT: 6
2023-05-28 10:58:16 INFO     BYTES SENT: 7
2023-05-28 10:58:16 INFO     BYTES SENT: 8
2023-05-28 10:58:16 INFO     BYTES SENT: 8
2023-05-28 10:58:16 INFO     BYTES SENT: 9
2023-05-28 10:58:16 INFO     BYTES SENT: 12
2023-05-28 10:58:16 INFO     BYTES SENT: 13
2023-05-28 10:58:16 INFO     BYTES SENT: 14
2023-05-28 10:58:16 INFO     BYTES SENT: 18
2023-05-28 10:58:16 INFO     BYTES SENT: 18
2023-05-28 10:58:16 INFO     PROCESS:Already delivered not re-broadcast all the signed vote messages
2023-05-28 10:58:16 INFO     BYTES SENT: 21
2023-05-28 10:58:16 INFO     BYTES SENT: 21
2023-05-28 10:58:16 INFO     BYTES SENT: 21
2023-05-28 10:58:16 INFO     PROCESS:Already delivered not re-broadcast all the signed vote messages
2023-05-28 10:58:16 INFO     BYTES SENT: 25
2023-05-28 10:58:16 INFO     BYTES SENT: 25
2023-05-28 10:58:16 INFO     PROCESS:Already delivered not re-broadcast all the signed vote messages
2023-05-28 10:58:16 INFO     BYTES SENT: 27
2023-05-28 10:58:16 INFO     BYTES SENT: 27
2023-05-28 10:58:16 INFO     BYTES SENT: 28
2023-05-28 10:58:16 INFO     PROCESS:Already delivered not re-broadcast all the signed vote messages
2023-05-28 10:58:16 INFO     BYTES SENT: 31
2023-05-28 10:58:16 INFO     PROCESS:Signature check exit:<True>
2023-05-28 10:58:16 INFO     BYTES SENT: 32
2023-05-28 10:58:16 INFO     BYTES SENT: 32
2023-05-28 10:58:16 INFO     PROCESS:Vote message:{'FLAG': 'VOTE', 'MSG': 'hello', 'SIGN': 82203788938928485688520856236435036369154931406143400239341147325130811808368106698942332840829081645462881387638980211970482090381517410289990314285066852952185432008335645097192409287665940811542698670261239731882654365925284693054238889095221523117352737871819706461417503858771107281494909243303479875365, 'TYPE': 1, 'FROM': 4},broadcasted successfully
2023-05-28 10:58:16 INFO     BYTES SENT: 33
2023-05-28 10:58:16 INFO     PROCESS:Already delivered not re-broadcast all the signed vote messages
2023-05-28 10:58:16 INFO     BYTES SENT: 34
2023-05-28 10:58:16 INFO     PROCESS:Already delivered not re-broadcast all the signed vote messages
2023-05-28 10:58:16 INFO     BYTES SENT: 35
2023-05-28 10:58:16 INFO     BYTES SENT: 36
2023-05-28 10:58:16 INFO     PROCESS:Already delivered not re-broadcast all the signed vote messages
2023-05-28 10:58:16 INFO     PROCESS:Already delivered not re-broadcast all the signed vote messages
2023-05-28 10:58:16 INFO     PROCESS:Already delivered not re-broadcast all the signed vote messages
2023-05-28 10:58:16 INFO     PROCESS:Already delivered not re-broadcast all the signed vote messages
2023-05-28 10:58:16 INFO     PROCESS:Already delivered not re-broadcast all the signed vote messages
2023-05-28 10:58:16 INFO     PROCESS:Already delivered not re-broadcast all the signed vote messages
