2023-05-27 19:18:10 INFO     PROCESS:Calling KDS to get key pair
2023-05-27 19:18:10 INFO     PROCESS:Connecting to KDS
2023-05-27 19:18:11 DEBUG    PROCESS: id list: [1, 2, 3, 4, 5, 6, 7, 8, 9, 10, 11, 12, 13, 14, 15, 16, 17, 18, 19, 20],ip list ['10.0.0.1', '10.0.0.2', '10.0.0.3', '10.0.0.4', '10.0.0.5', '10.0.0.6', '10.0.0.7', '10.0.0.8', '10.0.0.9', '10.0.0.10', '10.0.0.11', '10.0.0.12', '10.0.0.13', '10.0.0.14', '10.0.0.15', '10.0.0.16', '10.0.0.17', '10.0.0.18', '10.0.0.19', '10.0.0.20']
2023-05-27 19:18:12 INFO     ----- EVALUATION CHECKPOINT: message receiving, time: 1685207892030.4873 -----
2023-05-27 19:18:12 INFO     AUTH: <10.0.0.1, 1> is the one with this key: {1: b'<\xf3j\xbbh\\\xe0R\xb8c\x0c\xaa\x1e\xaa\xc2\xebh\xe4\xcc\x03\xe7\xe6\xf3Z%\xf1\x1dp\xd7\xab\xc5v'}
2023-05-27 19:18:12 INFO     PROCESS:Connecting to KDS
2023-05-27 19:18:12 INFO     PROCESS:Connecting to KDS
2023-05-27 19:18:12 INFO     PROCESS:Connecting to KDS
2023-05-27 19:18:12 INFO     PROCESS:Connecting to KDS
2023-05-27 19:18:12 INFO     PROCESS:Connecting to KDS
2023-05-27 19:18:12 INFO     PROCESS:Connecting to KDS
2023-05-27 19:18:12 INFO     PROCESS:Connecting to KDS
2023-05-27 19:18:12 INFO     PROCESS:Connecting to KDS
2023-05-27 19:18:12 INFO     PROCESS:Connecting to KDS
2023-05-27 19:18:12 INFO     PROCESS:Connecting to KDS
2023-05-27 19:18:12 INFO     PROCESS:Connecting to KDS
2023-05-27 19:18:12 INFO     PROCESS:Connecting to KDS
2023-05-27 19:18:12 INFO     PROCESS:Connecting to KDS
2023-05-27 19:18:12 INFO     PROCESS:Connecting to KDS
2023-05-27 19:18:12 INFO     PROCESS:Connecting to KDS
2023-05-27 19:18:12 INFO     PROCESS:Connecting to KDS
2023-05-27 19:18:12 INFO     PROCESS:Connecting to KDS
2023-05-27 19:18:12 INFO     PROCESS:Connecting to KDS
2023-05-27 19:18:12 INFO     PROCESS:Connecting to KDS
2023-05-27 19:18:12 INFO     PROCESS:Connecting to KDS
2023-05-27 19:18:12 INFO     PUBLIC KEYS: {'1': {'N': 150458931074457954168769286808812664698502817327137828673586548447789794248549773760482318371151636669442333589998284078774553774511118012185557852159932294931360345437032284456031551305429488363366238424009787926158723131052840757319075874447605581819835885642114750259963092098702721483821534769862988397563, 'E': 65537}, '2': {'N': 157520799957105622017576786708186141817299696601191281777560676276547389666562376071616978882656791829015799688890221818744275426046697508736891139207740824551583134042428150931452323990473473098420188034588149689557395128399086406282551643400588290655867867206791581243967172847312148166412515609680536766559, 'E': 65537}, '3': {'N': 122186261519911092308523797014124102284664986525966919134807171633249020272996627844387080024661687117654225609456541618498694479945722264022511177602784235667925710074485729737952563947260259938297909198398299620769263866023481161617005601290493220303400538926010491309543407460461775475556867631536902239837, 'E': 65537}, '4': {'N': 115177515810133149649927257627531861845060132259664620302988563282333081212824772219697008479800762414800497565425528871501695071562959338909348476441609034258554627640491025716913027229357943289514847111669486676011366662214057645878442428603156783997682990434329157561649411209907534919145383014875098617241, 'E': 65537}, '5': {'N': 125226641265318370589329483430217947519168870469549989929712094154140667015568924706942494329140050223008670039888125327183352783846582074607455423340348179392653802880003307512552703136451191645015105848679504055091477291600456220751972390497692314552772535719573371733694668423722405365917398285459444432119, 'E': 65537}, '6': {'N': 134747422931397469656021082670089143780136881545402160367915391270845137810755493672316994594980479113957419398894039233519229454576113327596922604636474365262605612595737966953240867425462794887207499002104814686577231970020828020945465240918050530646218937669785746488844007563072696979372892492727367878801, 'E': 65537}, '7': {'N': 153090890863859587447096766193652255585788550227904952530123275682182987465575592350838664907290524665477891161146972613190645340540194734400867866785141176047589711364795022790292607723939786945447678052966651171858480260333044365372541914052034457731134054772123225864072835623030300728217532219905867301717, 'E': 65537}, '8': {'N': 121777682405113576071186621723064852680311418589394041181567302980628899557613047246840308029495494330046609620619679996959552977829509124658717707510027054713530651082283977578969454120634073759919766434010334597672803209787696127066020222074284056902385064971748632630207370276393656958765582379767443875459, 'E': 65537}, '9': {'N': 137666736751400488792118061264610903038068267825086686162085173010704246786974640876133495644599660098733705254115888799737879087715121274643690199465458165602942237819571705281757814428077443719531130145848860144366226451569181249708754748155471333211372962415722984569930744687673260307425716638157749240677, 'E': 65537}, '10': {'N': 149024071073478939418461158379100908066581389440865715996730287724715893703618055992654201434532923214403797075671629622115047207817637576307665748899292509724171624290258669568449613489138643138715757358205822310709320062847341848179250584417300415200345958456577943966393959919738744645114803862459618580819, 'E': 65537}, '11': {'N': 135358478294644499332369425355099418579806243022228015474581779476136846062571023084598337867006266511563736907735595265058687119096447871861128961549917738888269483323580261822461263217766293383325751898057272584205252458790350166043892766729380161947589346788927048229731645502350393265346045941341578414749, 'E': 65537}, '12': {'N': 100325024370968051346932192215242203575747267630571289674893312591980566867000388116371569209459982833044931711863367890752842347809853555949664979719502954018697135244357705095365831856038256341566578281502965929794045931852687148869176589524478018986666774999590631409417719981300084701111990324960135808663, 'E': 65537}, '13': {'N': 153998291971143225997641006273603156871011169760519677816073728047346761792554483043193376364514936454436983983038180154724865409428918731638823253171017347343786488900598994885117626182451488181138049624527493036414490619971181225837067728166637434748731245373298324904092094465500264104989988292227211976431, 'E': 65537}, '14': {'N': 95307048442585379950270829940558163397140494440670633751753504755069848520065848876659737953081814825451579753714928380511002889223832218856963531783661711258259285670533420419282690965403481480674432399680437175158460019557372094088868866563048563871231442666442201375239129643461837675249319812771869673497, 'E': 65537}, '15': {'N': 95200038184957749481633192566465761587151186902731847398100245974193732171955362089316018000459549357006610470405532919091362066193360661119767145387893250137320173380018770981589731129468579997991791756104568637136265219968027833358867981030778740645431206220184443828816238833222592759964090883330563739377, 'E': 65537}, '16': {'N': 114377895483071553968702423760919663068182194049201248893625612223158687696090835959581820777517008488896009763410951290965111598137068622128505312924405323977382489988211727265802678833684665871385305491741540482945872169507736959206701570501241626443069875132984251515413013370501764711283592718997321038199, 'E': 65537}, '17': {'N': 127900948514635744496033399103088242968538857728520088700149343416923475017498746582743243858854576730201455010325901674246593754410664586357163820329103219654802481974476097870078512199899613712547715916297212458490491968151351187585335935401110129617389137146047318015872052420851425734566656697302581783341, 'E': 65537}, '18': {'N': 117489307266208892902250962979017404300757848429543033128180327530364519648440286664478128396726849711067001036912263303110699963248502610151757153600567158257021312335492051450804630421253910835490505517381635264962263048628847963887214170433841417318150439491707246375880260561429549696264052312008544132337, 'E': 65537}, '19': {'N': 123053465911931652773543942416631200956433745405950347543834615501033255704819918995721892166409944369583801895664832702643022838581916606085853316737094125917920472767143477333687209907074615206767828937299017298052069625644988970567071521777210267566259658081584256268758129113237675133086457784745092891327, 'E': 65537}, '20': {'N': 144591413497039568848884756392028286590516065575270450584111772378053274202088619267231117750673870176976486299842473342098347949123370958476545551133733029242880415075133117176601310010387525403967621476655169025936234871908958754952728172463269042691463426142896138600413303162933301862225603226325402189179, 'E': 65537}}
2023-05-27 19:18:12 INFO     PROCESS:Signature:<0x3036949cbce5e79161aabbecd2528255386ceebf18bb2f9570afaee144b2816dd87c79fad1128474727c01c153d9d00baac4d94140c0087a685e0b29385628c09ee041284c29e0c1e429a3e607e3e72145a3f82fb1419c9595d20b90d932183fb3242bb0a370a063d8ca645f550e3e670b29d5eb7f355deb8efb3aa1fddd6ddc>
2023-05-27 19:18:12 INFO     PROCESS:Signature check exit:<True>
2023-05-27 19:18:12 INFO     PROCESS:Signature check exit:<True>
2023-05-27 19:18:12 INFO     PROCESS:Signature check exit:<True>
2023-05-27 19:18:13 INFO     PROCESS:Signature check exit:<True>
2023-05-27 19:18:13 INFO     PROCESS:Signature check exit:<True>
2023-05-27 19:18:13 INFO     PROCESS:Signature check exit:<True>
2023-05-27 19:18:13 INFO     PROCESS:Signature check exit:<True>
2023-05-27 19:18:13 INFO     PROCESS:Signature check exit:<True>
2023-05-27 19:18:13 INFO     PROCESS:Signature check exit:<True>
2023-05-27 19:18:13 INFO     PROCESS:Signature check exit:<True>
2023-05-27 19:18:13 INFO     PROCESS:Signature check exit:<True>
2023-05-27 19:18:13 INFO     PROCESS:Signature check exit:<True>
2023-05-27 19:18:13 INFO     PROCESS:Signature check exit:<True>
2023-05-27 19:18:13 INFO     PROCESS:Signature check exit:<True>
2023-05-27 19:18:13 INFO     PROCESS:Signature check exit:<True>
2023-05-27 19:18:13 INFO     PROCESS:Signature check exit:<True>
2023-05-27 19:18:13 INFO     PROCESS:Signature check exit:<True>
2023-05-27 19:18:13 INFO     PROCESS:Signature check exit:<True>
2023-05-27 19:18:13 INFO     PROCESS:Signature check exit:<True>
2023-05-27 19:18:13 INFO     PROCESS:Vote message:{'FLAG': 'VOTE', 'MSG': 'nsnmmqejnqtdlsvzfrrbffqzzhhymchbopcocgwvebmptphilolhtbhabhziewgqwhurfuzoigqklmlfnfzjrnuaxslvwtvmsnuczpwsurptkvcmlrofjpkhpjqyjyvvhvftdfxvknebsluxwztoewieckeijymupcutqdtzvwbxfzgqokkgdcvybdzockjseuwurrhftlbdblskaagfjsfdxnlmpctzuldhotzvyuncztiqgpeusdkttjyzdxdy', 'SIGN': 33856464021654753248416274640149378173490749531336803549005126332983170886611522017824570864396990563850279878718953352660439287811936220482850830247928401628449943996336754340133684661400847721016234292633579717016760498392187295603098400259007911683118170013335139788832555599788502035362819119997586861532, 'TYPE': 1, 'FROM': 19},broadcasted successfully
2023-05-27 19:18:14 INFO     PROCESS:Already delivered not re-broadcast all the signed vote messages
2023-05-27 19:18:15 INFO     PROCESS:Already delivered not re-broadcast all the signed vote messages
2023-05-27 19:18:15 INFO     PROCESS:Already delivered not re-broadcast all the signed vote messages
2023-05-27 19:18:15 INFO     PROCESS:Signature check exit:<True>
2023-05-27 19:18:16 INFO     PROCESS:Already delivered not re-broadcast all the signed vote messages
2023-05-27 19:18:16 INFO     ----- MESSAGE DELIVERED, time: 1685207896442.662, size: 0.4736461639404297
2023-05-27 19:18:16 INFO     BYTES SENT: 208
2023-05-27 19:18:16 INFO     BYTES SENT: 226
2023-05-27 19:18:16 INFO     PROCESS:Already delivered not re-broadcast all the signed vote messages
2023-05-27 19:18:16 INFO     BYTES SENT: 263
2023-05-27 19:18:16 INFO     PROCESS:Already delivered not re-broadcast all the signed vote messages
2023-05-27 19:18:16 INFO     BYTES SENT: 271
2023-05-27 19:18:16 INFO     PROCESS:Already delivered not re-broadcast all the signed vote messages
2023-05-27 19:18:16 INFO     PROCESS:Already delivered not re-broadcast all the signed vote messages
2023-05-27 19:18:16 INFO     PROCESS:Already delivered not re-broadcast all the signed vote messages
2023-05-27 19:18:16 INFO     BYTES SENT: 299
2023-05-27 19:18:16 INFO     PROCESS:Already delivered not re-broadcast all the signed vote messages
2023-05-27 19:18:16 INFO     PROCESS:Already delivered not re-broadcast all the signed vote messages
2023-05-27 19:18:17 INFO     PROCESS:Already delivered not re-broadcast all the signed vote messages
2023-05-27 19:18:17 INFO     PROCESS:Already delivered not re-broadcast all the signed vote messages
2023-05-27 19:18:17 INFO     PROCESS:Already delivered not re-broadcast all the signed vote messages
2023-05-27 19:18:17 INFO     BYTES SENT: 365
2023-05-27 19:18:17 INFO     PROCESS:Already delivered not re-broadcast all the signed vote messages
2023-05-27 19:18:17 INFO     PROCESS:Already delivered not re-broadcast all the signed vote messages
2023-05-27 19:18:17 INFO     PROCESS:Already delivered not re-broadcast all the signed vote messages
2023-05-27 19:18:17 INFO     PROCESS:Already delivered not re-broadcast all the signed vote messages
2023-05-27 19:18:17 INFO     PROCESS:Already delivered not re-broadcast all the signed vote messages
2023-05-27 19:18:17 INFO     BYTES SENT: 451
2023-05-27 19:18:17 INFO     PROCESS:Already delivered not re-broadcast all the signed vote messages
2023-05-27 19:18:17 INFO     PROCESS:Already delivered not re-broadcast all the signed vote messages
2023-05-27 19:18:17 INFO     PROCESS:Already delivered not re-broadcast all the signed vote messages
2023-05-27 19:18:17 INFO     BYTES SENT: 459
2023-05-27 19:18:17 INFO     PROCESS:Already delivered not re-broadcast all the signed vote messages
2023-05-27 19:18:17 INFO     BYTES SENT: 495
2023-05-27 19:18:17 INFO     BYTES SENT: 504
2023-05-27 19:18:17 INFO     BYTES SENT: 512
2023-05-27 19:18:17 INFO     PROCESS:Already delivered not re-broadcast all the signed vote messages
2023-05-27 19:18:17 INFO     BYTES SENT: 570
2023-05-27 19:18:17 INFO     BYTES SENT: 587
2023-05-27 19:18:17 INFO     PROCESS:Already delivered not re-broadcast all the signed vote messages
2023-05-27 19:18:18 INFO     BYTES SENT: 595
2023-05-27 19:18:18 INFO     PROCESS:Already delivered not re-broadcast all the signed vote messages
2023-05-27 19:18:18 INFO     BYTES SENT: 614
2023-05-27 19:18:18 INFO     BYTES SENT: 623
2023-05-27 19:18:18 INFO     BYTES SENT: 631
2023-05-27 19:18:18 INFO     BYTES SENT: 640
2023-05-27 19:18:18 INFO     PROCESS:Already delivered not re-broadcast all the signed vote messages
2023-05-27 19:18:18 INFO     PROCESS:Already delivered not re-broadcast all the signed vote messages
2023-05-27 19:18:18 INFO     BYTES SENT: 708
2023-05-27 19:18:18 INFO     BYTES SENT: 716
2023-05-27 19:18:18 INFO     PROCESS:Already delivered not re-broadcast all the signed vote messages
2023-05-27 19:18:18 INFO     PROCESS:Already delivered not re-broadcast all the signed vote messages
2023-05-27 19:18:18 INFO     PROCESS:Already delivered not re-broadcast all the signed vote messages
2023-05-27 19:18:18 INFO     PROCESS:Already delivered not re-broadcast all the signed vote messages
2023-05-27 19:18:18 INFO     BYTES SENT: 743
2023-05-27 19:18:18 INFO     PROCESS:Already delivered not re-broadcast all the signed vote messages
2023-05-27 19:18:18 INFO     BYTES SENT: 781
2023-05-27 19:18:18 INFO     BYTES SENT: 790
2023-05-27 19:18:18 INFO     PROCESS:Already delivered not re-broadcast all the signed vote messages
2023-05-27 19:18:18 INFO     PROCESS:Already delivered not re-broadcast all the signed vote messages
2023-05-27 19:18:18 INFO     PROCESS:Already delivered not re-broadcast all the signed vote messages
2023-05-27 19:18:19 INFO     BYTES SENT: 854
2023-05-27 19:18:19 INFO     BYTES SENT: 854
2023-05-27 19:18:19 INFO     PROCESS:Already delivered not re-broadcast all the signed vote messages
2023-05-27 19:18:19 INFO     PROCESS:Already delivered not re-broadcast all the signed vote messages
2023-05-27 19:18:19 INFO     PROCESS:Already delivered not re-broadcast all the signed vote messages
2023-05-27 19:18:19 INFO     BYTES SENT: 895
2023-05-27 19:18:19 INFO     PROCESS:Already delivered not re-broadcast all the signed vote messages
2023-05-27 19:18:19 INFO     PROCESS:Already delivered not re-broadcast all the signed vote messages
2023-05-27 19:18:19 INFO     BYTES SENT: 939
2023-05-27 19:18:19 INFO     BYTES SENT: 939
2023-05-27 19:18:19 INFO     BYTES SENT: 957
2023-05-27 19:18:19 INFO     BYTES SENT: 966
2023-05-27 19:18:19 INFO     PROCESS:Already delivered not re-broadcast all the signed vote messages
2023-05-27 19:18:19 INFO     PROCESS:Already delivered not re-broadcast all the signed vote messages
2023-05-27 19:18:19 INFO     PROCESS:Already delivered not re-broadcast all the signed vote messages
2023-05-27 19:18:19 INFO     PROCESS:Already delivered not re-broadcast all the signed vote messages
2023-05-27 19:18:19 INFO     BYTES SENT: 1015
2023-05-27 19:18:19 INFO     BYTES SENT: 1024
2023-05-27 19:18:19 INFO     BYTES SENT: 1032
2023-05-27 19:18:19 INFO     PROCESS:Already delivered not re-broadcast all the signed vote messages
2023-05-27 19:18:19 INFO     BYTES SENT: 1051
2023-05-27 19:18:20 INFO     PROCESS:Already delivered not re-broadcast all the signed vote messages
2023-05-27 19:18:20 INFO     PROCESS:Already delivered not re-broadcast all the signed vote messages
2023-05-27 19:18:20 INFO     BYTES SENT: 1100
2023-05-27 19:18:20 INFO     PROCESS:Already delivered not re-broadcast all the signed vote messages
2023-05-27 19:18:20 INFO     PROCESS:Already delivered not re-broadcast all the signed vote messages
2023-05-27 19:18:20 INFO     BYTES SENT: 1109
2023-05-27 19:18:20 INFO     PROCESS:Already delivered not re-broadcast all the signed vote messages
2023-05-27 19:18:20 INFO     BYTES SENT: 1180
2023-05-27 19:18:20 INFO     PROCESS:Already delivered not re-broadcast all the signed vote messages
2023-05-27 19:18:20 INFO     PROCESS:Already delivered not re-broadcast all the signed vote messages
2023-05-27 19:18:20 INFO     PROCESS:Already delivered not re-broadcast all the signed vote messages
2023-05-27 19:18:20 INFO     BYTES SENT: 1247
2023-05-27 19:18:20 INFO     BYTES SENT: 1277
2023-05-27 19:18:20 INFO     BYTES SENT: 1285
2023-05-27 19:18:21 INFO     BYTES SENT: 1303
2023-05-27 19:18:21 INFO     PROCESS:Already delivered not re-broadcast all the signed vote messages
2023-05-27 19:18:21 INFO     PROCESS:Already delivered not re-broadcast all the signed vote messages
2023-05-27 19:18:21 INFO     PROCESS:Already delivered not re-broadcast all the signed vote messages
2023-05-27 19:18:21 INFO     PROCESS:Already delivered not re-broadcast all the signed vote messages
2023-05-27 19:18:21 INFO     BYTES SENT: 1363
2023-05-27 19:18:21 INFO     PROCESS:Already delivered not re-broadcast all the signed vote messages
2023-05-27 19:18:21 INFO     PROCESS:Already delivered not re-broadcast all the signed vote messages
2023-05-27 19:18:21 INFO     BYTES SENT: 1372
2023-05-27 19:18:21 INFO     PROCESS:Already delivered not re-broadcast all the signed vote messages
2023-05-27 19:18:21 INFO     PROCESS:Already delivered not re-broadcast all the signed vote messages
2023-05-27 19:18:21 INFO     PROCESS:Already delivered not re-broadcast all the signed vote messages
2023-05-27 19:18:21 INFO     PROCESS:Already delivered not re-broadcast all the signed vote messages
2023-05-27 19:18:21 INFO     PROCESS:Already delivered not re-broadcast all the signed vote messages
2023-05-27 19:18:21 INFO     BYTES SENT: 1432
2023-05-27 19:18:21 INFO     PROCESS:Already delivered not re-broadcast all the signed vote messages
2023-05-27 19:18:21 INFO     PROCESS:Already delivered not re-broadcast all the signed vote messages
2023-05-27 19:18:22 INFO     PROCESS:Already delivered not re-broadcast all the signed vote messages
2023-05-27 19:18:22 INFO     BYTES SENT: 1506
2023-05-27 19:18:22 INFO     BYTES SENT: 1514
2023-05-27 19:18:22 INFO     BYTES SENT: 1534
2023-05-27 19:18:22 INFO     BYTES SENT: 1543
2023-05-27 19:18:22 INFO     PROCESS:Already delivered not re-broadcast all the signed vote messages
2023-05-27 19:18:22 INFO     PROCESS:Already delivered not re-broadcast all the signed vote messages
2023-05-27 19:18:22 INFO     BYTES SENT: 1574
2023-05-27 19:18:22 INFO     PROCESS:Already delivered not re-broadcast all the signed vote messages
2023-05-27 19:18:22 INFO     BYTES SENT: 1582
2023-05-27 19:18:22 INFO     BYTES SENT: 1602
2023-05-27 19:18:22 INFO     BYTES SENT: 1610
2023-05-27 19:18:22 INFO     PROCESS:Already delivered not re-broadcast all the signed vote messages
2023-05-27 19:18:22 INFO     PROCESS:Already delivered not re-broadcast all the signed vote messages
2023-05-27 19:18:22 INFO     PROCESS:Already delivered not re-broadcast all the signed vote messages
2023-05-27 19:18:22 INFO     PROCESS:Already delivered not re-broadcast all the signed vote messages
2023-05-27 19:18:22 INFO     BYTES SENT: 1619
2023-05-27 19:18:22 INFO     BYTES SENT: 1627
2023-05-27 19:18:22 INFO     BYTES SENT: 1636
2023-05-27 19:18:22 INFO     PROCESS:Already delivered not re-broadcast all the signed vote messages
2023-05-27 19:18:22 INFO     PROCESS:Already delivered not re-broadcast all the signed vote messages
2023-05-27 19:18:22 INFO     PROCESS:Already delivered not re-broadcast all the signed vote messages
2023-05-27 19:18:22 INFO     BYTES SENT: 1667
2023-05-27 19:18:22 INFO     PROCESS:Already delivered not re-broadcast all the signed vote messages
2023-05-27 19:18:22 INFO     PROCESS:Already delivered not re-broadcast all the signed vote messages
2023-05-27 19:18:22 INFO     PROCESS:Already delivered not re-broadcast all the signed vote messages
2023-05-27 19:18:22 INFO     BYTES SENT: 1675
2023-05-27 19:18:22 INFO     BYTES SENT: 1684
2023-05-27 19:18:22 INFO     PROCESS:Already delivered not re-broadcast all the signed vote messages
2023-05-27 19:18:23 INFO     BYTES SENT: 1692
2023-05-27 19:18:23 INFO     PROCESS:Already delivered not re-broadcast all the signed vote messages
2023-05-27 19:18:23 INFO     BYTES SENT: 1701
2023-05-27 19:18:23 INFO     BYTES SENT: 1721
2023-05-27 19:18:23 INFO     BYTES SENT: 1729
2023-05-27 19:18:23 INFO     BYTES SENT: 1738
2023-05-27 19:18:23 INFO     BYTES SENT: 1746
2023-05-27 19:18:23 INFO     BYTES SENT: 1754
2023-05-27 19:18:23 INFO     PROCESS:Already delivered not re-broadcast all the signed vote messages
2023-05-27 19:18:23 INFO     BYTES SENT: 1763
2023-05-27 19:18:23 INFO     BYTES SENT: 1771
2023-05-27 19:18:23 INFO     PROCESS:Already delivered not re-broadcast all the signed vote messages
2023-05-27 19:18:23 INFO     BYTES SENT: 1780
2023-05-27 19:18:23 INFO     PROCESS:Already delivered not re-broadcast all the signed vote messages
2023-05-27 19:18:23 INFO     PROCESS:Already delivered not re-broadcast all the signed vote messages
2023-05-27 19:18:23 INFO     BYTES SENT: 1788
2023-05-27 19:18:23 INFO     BYTES SENT: 1797
2023-05-27 19:18:23 INFO     BYTES SENT: 1805
2023-05-27 19:18:23 INFO     PROCESS:Already delivered not re-broadcast all the signed vote messages
2023-05-27 19:18:23 INFO     PROCESS:Already delivered not re-broadcast all the signed vote messages
2023-05-27 19:18:23 INFO     BYTES SENT: 1814
2023-05-27 19:18:23 INFO     PROCESS:Already delivered not re-broadcast all the signed vote messages
2023-05-27 19:18:23 INFO     PROCESS:Already delivered not re-broadcast all the signed vote messages
2023-05-27 19:18:23 INFO     BYTES SENT: 1822
2023-05-27 19:18:23 INFO     BYTES SENT: 1830
2023-05-27 19:18:23 INFO     PROCESS:Already delivered not re-broadcast all the signed vote messages
2023-05-27 19:18:23 INFO     PROCESS:Already delivered not re-broadcast all the signed vote messages
2023-05-27 19:18:23 INFO     PROCESS:Already delivered not re-broadcast all the signed vote messages
