2023-05-27 19:18:10 INFO     PROCESS:Calling KDS to get key pair
2023-05-27 19:18:10 INFO     PROCESS:Connecting to KDS
2023-05-27 19:18:12 DEBUG    PROCESS: id list: [1, 2, 3, 4, 5, 6, 7, 8, 9, 10, 11, 12, 13, 14, 15, 16, 17, 18, 19, 20],ip list ['10.0.0.1', '10.0.0.2', '10.0.0.3', '10.0.0.4', '10.0.0.5', '10.0.0.6', '10.0.0.7', '10.0.0.8', '10.0.0.9', '10.0.0.10', '10.0.0.11', '10.0.0.12', '10.0.0.13', '10.0.0.14', '10.0.0.15', '10.0.0.16', '10.0.0.17', '10.0.0.18', '10.0.0.19', '10.0.0.20']
2023-05-27 19:18:12 INFO     ----- EVALUATION CHECKPOINT: message receiving, time: 1685207892009.2358 -----
2023-05-27 19:18:12 INFO     AUTH: <10.0.0.1, 1> is the one with this key: {1: b"\x81ow\x05'\x04}\xa8D\xf2p\xdb\xd9\x03\xbf\xa5\x94q,^\x0c\xd36BDw\x1b\xc3xKs\xe3"}
2023-05-27 19:18:12 INFO     PROCESS:Connecting to KDS
2023-05-27 19:18:12 INFO     PROCESS:Connecting to KDS
2023-05-27 19:18:12 INFO     PROCESS:Connecting to KDS
2023-05-27 19:18:12 INFO     PROCESS:Connecting to KDS
2023-05-27 19:18:12 INFO     PROCESS:Connecting to KDS
2023-05-27 19:18:12 INFO     PROCESS:Connecting to KDS
2023-05-27 19:18:12 INFO     PROCESS:Connecting to KDS
2023-05-27 19:18:12 INFO     PROCESS:Connecting to KDS
2023-05-27 19:18:12 INFO     PROCESS:Connecting to KDS
2023-05-27 19:18:12 INFO     PROCESS:Connecting to KDS
2023-05-27 19:18:12 INFO     PROCESS:Connecting to KDS
2023-05-27 19:18:12 INFO     PROCESS:Connecting to KDS
2023-05-27 19:18:12 INFO     PROCESS:Connecting to KDS
2023-05-27 19:18:12 INFO     PROCESS:Connecting to KDS
2023-05-27 19:18:12 INFO     PROCESS:Connecting to KDS
2023-05-27 19:18:12 INFO     PROCESS:Connecting to KDS
2023-05-27 19:18:12 INFO     PROCESS:Connecting to KDS
2023-05-27 19:18:12 INFO     PROCESS:Connecting to KDS
2023-05-27 19:18:12 INFO     PROCESS:Connecting to KDS
2023-05-27 19:18:12 INFO     PROCESS:Connecting to KDS
2023-05-27 19:18:12 INFO     PUBLIC KEYS: {'1': {'N': 150458931074457954168769286808812664698502817327137828673586548447789794248549773760482318371151636669442333589998284078774553774511118012185557852159932294931360345437032284456031551305429488363366238424009787926158723131052840757319075874447605581819835885642114750259963092098702721483821534769862988397563, 'E': 65537}, '2': {'N': 157520799957105622017576786708186141817299696601191281777560676276547389666562376071616978882656791829015799688890221818744275426046697508736891139207740824551583134042428150931452323990473473098420188034588149689557395128399086406282551643400588290655867867206791581243967172847312148166412515609680536766559, 'E': 65537}, '3': {'N': 122186261519911092308523797014124102284664986525966919134807171633249020272996627844387080024661687117654225609456541618498694479945722264022511177602784235667925710074485729737952563947260259938297909198398299620769263866023481161617005601290493220303400538926010491309543407460461775475556867631536902239837, 'E': 65537}, '4': {'N': 115177515810133149649927257627531861845060132259664620302988563282333081212824772219697008479800762414800497565425528871501695071562959338909348476441609034258554627640491025716913027229357943289514847111669486676011366662214057645878442428603156783997682990434329157561649411209907534919145383014875098617241, 'E': 65537}, '5': {'N': 125226641265318370589329483430217947519168870469549989929712094154140667015568924706942494329140050223008670039888125327183352783846582074607455423340348179392653802880003307512552703136451191645015105848679504055091477291600456220751972390497692314552772535719573371733694668423722405365917398285459444432119, 'E': 65537}, '6': {'N': 134747422931397469656021082670089143780136881545402160367915391270845137810755493672316994594980479113957419398894039233519229454576113327596922604636474365262605612595737966953240867425462794887207499002104814686577231970020828020945465240918050530646218937669785746488844007563072696979372892492727367878801, 'E': 65537}, '7': {'N': 153090890863859587447096766193652255585788550227904952530123275682182987465575592350838664907290524665477891161146972613190645340540194734400867866785141176047589711364795022790292607723939786945447678052966651171858480260333044365372541914052034457731134054772123225864072835623030300728217532219905867301717, 'E': 65537}, '8': {'N': 121777682405113576071186621723064852680311418589394041181567302980628899557613047246840308029495494330046609620619679996959552977829509124658717707510027054713530651082283977578969454120634073759919766434010334597672803209787696127066020222074284056902385064971748632630207370276393656958765582379767443875459, 'E': 65537}, '9': {'N': 137666736751400488792118061264610903038068267825086686162085173010704246786974640876133495644599660098733705254115888799737879087715121274643690199465458165602942237819571705281757814428077443719531130145848860144366226451569181249708754748155471333211372962415722984569930744687673260307425716638157749240677, 'E': 65537}, '10': {'N': 149024071073478939418461158379100908066581389440865715996730287724715893703618055992654201434532923214403797075671629622115047207817637576307665748899292509724171624290258669568449613489138643138715757358205822310709320062847341848179250584417300415200345958456577943966393959919738744645114803862459618580819, 'E': 65537}, '11': {'N': 135358478294644499332369425355099418579806243022228015474581779476136846062571023084598337867006266511563736907735595265058687119096447871861128961549917738888269483323580261822461263217766293383325751898057272584205252458790350166043892766729380161947589346788927048229731645502350393265346045941341578414749, 'E': 65537}, '12': {'N': 100325024370968051346932192215242203575747267630571289674893312591980566867000388116371569209459982833044931711863367890752842347809853555949664979719502954018697135244357705095365831856038256341566578281502965929794045931852687148869176589524478018986666774999590631409417719981300084701111990324960135808663, 'E': 65537}, '13': {'N': 153998291971143225997641006273603156871011169760519677816073728047346761792554483043193376364514936454436983983038180154724865409428918731638823253171017347343786488900598994885117626182451488181138049624527493036414490619971181225837067728166637434748731245373298324904092094465500264104989988292227211976431, 'E': 65537}, '14': {'N': 95307048442585379950270829940558163397140494440670633751753504755069848520065848876659737953081814825451579753714928380511002889223832218856963531783661711258259285670533420419282690965403481480674432399680437175158460019557372094088868866563048563871231442666442201375239129643461837675249319812771869673497, 'E': 65537}, '15': {'N': 95200038184957749481633192566465761587151186902731847398100245974193732171955362089316018000459549357006610470405532919091362066193360661119767145387893250137320173380018770981589731129468579997991791756104568637136265219968027833358867981030778740645431206220184443828816238833222592759964090883330563739377, 'E': 65537}, '16': {'N': 114377895483071553968702423760919663068182194049201248893625612223158687696090835959581820777517008488896009763410951290965111598137068622128505312924405323977382489988211727265802678833684665871385305491741540482945872169507736959206701570501241626443069875132984251515413013370501764711283592718997321038199, 'E': 65537}, '17': {'N': 127900948514635744496033399103088242968538857728520088700149343416923475017498746582743243858854576730201455010325901674246593754410664586357163820329103219654802481974476097870078512199899613712547715916297212458490491968151351187585335935401110129617389137146047318015872052420851425734566656697302581783341, 'E': 65537}, '18': {'N': 117489307266208892902250962979017404300757848429543033128180327530364519648440286664478128396726849711067001036912263303110699963248502610151757153600567158257021312335492051450804630421253910835490505517381635264962263048628847963887214170433841417318150439491707246375880260561429549696264052312008544132337, 'E': 65537}, '19': {'N': 123053465911931652773543942416631200956433745405950347543834615501033255704819918995721892166409944369583801895664832702643022838581916606085853316737094125917920472767143477333687209907074615206767828937299017298052069625644988970567071521777210267566259658081584256268758129113237675133086457784745092891327, 'E': 65537}, '20': {'N': 144591413497039568848884756392028286590516065575270450584111772378053274202088619267231117750673870176976486299842473342098347949123370958476545551133733029242880415075133117176601310010387525403967621476655169025936234871908958754952728172463269042691463426142896138600413303162933301862225603226325402189179, 'E': 65537}}
2023-05-27 19:18:12 INFO     PROCESS:Signature:<0x86a88752999d3abe0fa94233251d303f6bcee953f10220ad1f0e2b6217d4569205f3f17e724e4c320e01a481dd5a8ca60cc67dca16e4c2fefe2f1a84d741d0ef7d18adb8d70581d2407a2be1e0edffa30d7ceecf2c7216a78e81e2ce1e84a0182d1c34b551d2de5f81f8e51cd0fef1bb570147b6b82030192bc50a040ca47181>
2023-05-27 19:18:12 INFO     PROCESS:Signature check exit:<True>
2023-05-27 19:18:12 INFO     PROCESS:Signature check exit:<True>
2023-05-27 19:18:12 INFO     PROCESS:Signature check exit:<True>
2023-05-27 19:18:12 INFO     PROCESS:Signature check exit:<True>
2023-05-27 19:18:12 INFO     PROCESS:Signature check exit:<True>
2023-05-27 19:18:12 INFO     PROCESS:Signature check exit:<True>
2023-05-27 19:18:12 INFO     PROCESS:Signature check exit:<True>
2023-05-27 19:18:12 INFO     PROCESS:Signature check exit:<True>
2023-05-27 19:18:12 INFO     PROCESS:Signature check exit:<True>
2023-05-27 19:18:12 INFO     PROCESS:Signature check exit:<True>
2023-05-27 19:18:12 INFO     PROCESS:Signature check exit:<True>
2023-05-27 19:18:13 INFO     PROCESS:Signature check exit:<True>
2023-05-27 19:18:13 INFO     PROCESS:Signature check exit:<True>
2023-05-27 19:18:13 INFO     PROCESS:Signature check exit:<True>
2023-05-27 19:18:13 INFO     PROCESS:Signature check exit:<True>
2023-05-27 19:18:13 INFO     PROCESS:Signature check exit:<True>
2023-05-27 19:18:13 INFO     PROCESS:Signature check exit:<True>
2023-05-27 19:18:13 INFO     PROCESS:Vote message:{'FLAG': 'VOTE', 'MSG': 'nsnmmqejnqtdlsvzfrrbffqzzhhymchbopcocgwvebmptphilolhtbhabhziewgqwhurfuzoigqklmlfnfzjrnuaxslvwtvmsnuczpwsurptkvcmlrofjpkhpjqyjyvvhvftdfxvknebsluxwztoewieckeijymupcutqdtzvwbxfzgqokkgdcvybdzockjseuwurrhftlbdblskaagfjsfdxnlmpctzuldhotzvyuncztiqgpeusdkttjyzdxdy', 'SIGN': 94560284443639528004808311087084682273782621017513701049588238122566503298320714030877629011270710981441421257763838691172105866613135601969819003252363097969708708465629322102933617768851610352948159931840236636381581098163016565980379478709640297215801441305520761735827426807090581746445202787480574914945, 'TYPE': 1, 'FROM': 14},broadcasted successfully
2023-05-27 19:18:13 INFO     PROCESS:Signature check exit:<True>
2023-05-27 19:18:13 INFO     PROCESS:Signature check exit:<True>
2023-05-27 19:18:14 INFO     PROCESS:Already delivered not re-broadcast all the signed vote messages
2023-05-27 19:18:14 INFO     PROCESS:Signature check exit:<True>
2023-05-27 19:18:14 INFO     PROCESS:Already delivered not re-broadcast all the signed vote messages
2023-05-27 19:18:15 INFO     PROCESS:Already delivered not re-broadcast all the signed vote messages
2023-05-27 19:18:15 INFO     PROCESS:Already delivered not re-broadcast all the signed vote messages
2023-05-27 19:18:15 INFO     PROCESS:Already delivered not re-broadcast all the signed vote messages
2023-05-27 19:18:15 INFO     PROCESS:Already delivered not re-broadcast all the signed vote messages
2023-05-27 19:18:15 INFO     PROCESS:Already delivered not re-broadcast all the signed vote messages
2023-05-27 19:18:15 INFO     PROCESS:Already delivered not re-broadcast all the signed vote messages
2023-05-27 19:18:15 INFO     PROCESS:Already delivered not re-broadcast all the signed vote messages
2023-05-27 19:18:15 INFO     PROCESS:Already delivered not re-broadcast all the signed vote messages
2023-05-27 19:18:15 INFO     PROCESS:Already delivered not re-broadcast all the signed vote messages
2023-05-27 19:18:15 INFO     PROCESS:Already delivered not re-broadcast all the signed vote messages
2023-05-27 19:18:15 INFO     PROCESS:Already delivered not re-broadcast all the signed vote messages
2023-05-27 19:18:16 INFO     PROCESS:Already delivered not re-broadcast all the signed vote messages
2023-05-27 19:18:16 INFO     PROCESS:Already delivered not re-broadcast all the signed vote messages
2023-05-27 19:18:16 INFO     PROCESS:Already delivered not re-broadcast all the signed vote messages
2023-05-27 19:18:16 INFO     PROCESS:Already delivered not re-broadcast all the signed vote messages
2023-05-27 19:18:16 INFO     PROCESS:Already delivered not re-broadcast all the signed vote messages
2023-05-27 19:18:16 INFO     ----- MESSAGE DELIVERED, time: 1685207896324.3516, size: 0.7284984588623047
2023-05-27 19:18:16 INFO     BYTES SENT: 573
2023-05-27 19:18:16 INFO     BYTES SENT: 582
2023-05-27 19:18:16 INFO     BYTES SENT: 598
2023-05-27 19:18:16 INFO     BYTES SENT: 598
2023-05-27 19:18:16 INFO     BYTES SENT: 607
2023-05-27 19:18:16 INFO     PROCESS:Already delivered not re-broadcast all the signed vote messages
2023-05-27 19:18:16 INFO     PROCESS:Already delivered not re-broadcast all the signed vote messages
2023-05-27 19:18:16 INFO     PROCESS:Already delivered not re-broadcast all the signed vote messages
2023-05-27 19:18:16 INFO     PROCESS:Already delivered not re-broadcast all the signed vote messages
2023-05-27 19:18:16 INFO     PROCESS:Already delivered not re-broadcast all the signed vote messages
2023-05-27 19:18:16 INFO     PROCESS:Already delivered not re-broadcast all the signed vote messages
2023-05-27 19:18:16 INFO     BYTES SENT: 686
2023-05-27 19:18:16 INFO     BYTES SENT: 714
2023-05-27 19:18:17 INFO     PROCESS:Already delivered not re-broadcast all the signed vote messages
2023-05-27 19:18:17 INFO     PROCESS:Already delivered not re-broadcast all the signed vote messages
2023-05-27 19:18:17 INFO     PROCESS:Already delivered not re-broadcast all the signed vote messages
2023-05-27 19:18:17 INFO     PROCESS:Already delivered not re-broadcast all the signed vote messages
2023-05-27 19:18:17 INFO     PROCESS:Already delivered not re-broadcast all the signed vote messages
2023-05-27 19:18:17 INFO     PROCESS:Already delivered not re-broadcast all the signed vote messages
2023-05-27 19:18:17 INFO     PROCESS:Already delivered not re-broadcast all the signed vote messages
2023-05-27 19:18:17 INFO     PROCESS:Already delivered not re-broadcast all the signed vote messages
2023-05-27 19:18:17 INFO     PROCESS:Already delivered not re-broadcast all the signed vote messages
2023-05-27 19:18:17 INFO     PROCESS:Already delivered not re-broadcast all the signed vote messages
2023-05-27 19:18:17 INFO     BYTES SENT: 845
2023-05-27 19:18:17 INFO     BYTES SENT: 853
2023-05-27 19:18:17 INFO     BYTES SENT: 862
2023-05-27 19:18:17 INFO     PROCESS:Already delivered not re-broadcast all the signed vote messages
2023-05-27 19:18:17 INFO     BYTES SENT: 870
2023-05-27 19:18:17 INFO     BYTES SENT: 879
2023-05-27 19:18:17 INFO     BYTES SENT: 887
2023-05-27 19:18:17 INFO     PROCESS:Already delivered not re-broadcast all the signed vote messages
2023-05-27 19:18:17 INFO     BYTES SENT: 926
2023-05-27 19:18:17 INFO     PROCESS:Already delivered not re-broadcast all the signed vote messages
2023-05-27 19:18:17 INFO     PROCESS:Already delivered not re-broadcast all the signed vote messages
2023-05-27 19:18:17 INFO     BYTES SENT: 935
2023-05-27 19:18:17 INFO     BYTES SENT: 943
2023-05-27 19:18:17 INFO     PROCESS:Already delivered not re-broadcast all the signed vote messages
2023-05-27 19:18:17 INFO     PROCESS:Already delivered not re-broadcast all the signed vote messages
2023-05-27 19:18:17 INFO     BYTES SENT: 973
2023-05-27 19:18:17 INFO     PROCESS:Already delivered not re-broadcast all the signed vote messages
2023-05-27 19:18:17 INFO     BYTES SENT: 992
2023-05-27 19:18:17 INFO     BYTES SENT: 1000
2023-05-27 19:18:17 INFO     BYTES SENT: 1017
2023-05-27 19:18:17 INFO     BYTES SENT: 1017
2023-05-27 19:18:18 INFO     PROCESS:Already delivered not re-broadcast all the signed vote messages
2023-05-27 19:18:18 INFO     BYTES SENT: 1046
2023-05-27 19:18:18 INFO     BYTES SENT: 1054
2023-05-27 19:18:18 INFO     BYTES SENT: 1063
2023-05-27 19:18:18 INFO     BYTES SENT: 1093
2023-05-27 19:18:18 INFO     PROCESS:Already delivered not re-broadcast all the signed vote messages
2023-05-27 19:18:18 INFO     PROCESS:Already delivered not re-broadcast all the signed vote messages
2023-05-27 19:18:18 INFO     BYTES SENT: 1101
2023-05-27 19:18:18 INFO     PROCESS:Already delivered not re-broadcast all the signed vote messages
2023-05-27 19:18:18 INFO     PROCESS:Already delivered not re-broadcast all the signed vote messages
2023-05-27 19:18:18 INFO     BYTES SENT: 1129
2023-05-27 19:18:18 INFO     BYTES SENT: 1129
2023-05-27 19:18:18 INFO     PROCESS:Already delivered not re-broadcast all the signed vote messages
2023-05-27 19:18:18 INFO     BYTES SENT: 1156
2023-05-27 19:18:18 INFO     BYTES SENT: 1156
2023-05-27 19:18:18 INFO     BYTES SENT: 1175
2023-05-27 19:18:18 INFO     PROCESS:Already delivered not re-broadcast all the signed vote messages
2023-05-27 19:18:18 INFO     PROCESS:Already delivered not re-broadcast all the signed vote messages
2023-05-27 19:18:18 INFO     PROCESS:Already delivered not re-broadcast all the signed vote messages
2023-05-27 19:18:18 INFO     BYTES SENT: 1184
2023-05-27 19:18:18 INFO     PROCESS:Already delivered not re-broadcast all the signed vote messages
2023-05-27 19:18:18 INFO     BYTES SENT: 1204
2023-05-27 19:18:18 INFO     BYTES SENT: 1212
2023-05-27 19:18:18 INFO     PROCESS:Already delivered not re-broadcast all the signed vote messages
2023-05-27 19:18:18 INFO     BYTES SENT: 1229
2023-05-27 19:18:18 INFO     BYTES SENT: 1229
2023-05-27 19:18:18 INFO     PROCESS:Already delivered not re-broadcast all the signed vote messages
2023-05-27 19:18:18 INFO     BYTES SENT: 1246
2023-05-27 19:18:18 INFO     BYTES SENT: 1246
2023-05-27 19:18:19 INFO     PROCESS:Already delivered not re-broadcast all the signed vote messages
2023-05-27 19:18:19 INFO     BYTES SENT: 1277
2023-05-27 19:18:19 INFO     BYTES SENT: 1294
2023-05-27 19:18:19 INFO     BYTES SENT: 1294
2023-05-27 19:18:19 INFO     BYTES SENT: 1302
2023-05-27 19:18:19 INFO     BYTES SENT: 1311
2023-05-27 19:18:19 INFO     PROCESS:Already delivered not re-broadcast all the signed vote messages
2023-05-27 19:18:19 INFO     BYTES SENT: 1319
2023-05-27 19:18:19 INFO     BYTES SENT: 1327
2023-05-27 19:18:19 INFO     PROCESS:Already delivered not re-broadcast all the signed vote messages
2023-05-27 19:18:19 INFO     PROCESS:Already delivered not re-broadcast all the signed vote messages
2023-05-27 19:18:19 INFO     PROCESS:Already delivered not re-broadcast all the signed vote messages
2023-05-27 19:18:19 INFO     BYTES SENT: 1358
2023-05-27 19:18:19 INFO     BYTES SENT: 1375
2023-05-27 19:18:19 INFO     BYTES SENT: 1375
2023-05-27 19:18:19 INFO     BYTES SENT: 1392
2023-05-27 19:18:19 INFO     BYTES SENT: 1392
2023-05-27 19:18:19 INFO     PROCESS:Already delivered not re-broadcast all the signed vote messages
2023-05-27 19:18:19 INFO     PROCESS:Already delivered not re-broadcast all the signed vote messages
2023-05-27 19:18:19 INFO     BYTES SENT: 1434
2023-05-27 19:18:19 INFO     BYTES SENT: 1450
2023-05-27 19:18:19 INFO     BYTES SENT: 1450
2023-05-27 19:18:19 INFO     BYTES SENT: 1470
2023-05-27 19:18:19 INFO     PROCESS:Already delivered not re-broadcast all the signed vote messages
2023-05-27 19:18:19 INFO     PROCESS:Already delivered not re-broadcast all the signed vote messages
2023-05-27 19:18:19 INFO     BYTES SENT: 1490
2023-05-27 19:18:20 INFO     BYTES SENT: 1498
2023-05-27 19:18:20 INFO     BYTES SENT: 1507
2023-05-27 19:18:20 INFO     PROCESS:Already delivered not re-broadcast all the signed vote messages
2023-05-27 19:18:20 INFO     PROCESS:Already delivered not re-broadcast all the signed vote messages
2023-05-27 19:18:20 INFO     BYTES SENT: 1523
2023-05-27 19:18:20 INFO     BYTES SENT: 1523
2023-05-27 19:18:20 INFO     BYTES SENT: 1543
2023-05-27 19:18:20 INFO     PROCESS:Already delivered not re-broadcast all the signed vote messages
2023-05-27 19:18:20 INFO     PROCESS:Already delivered not re-broadcast all the signed vote messages
2023-05-27 19:18:20 INFO     BYTES SENT: 1571
2023-05-27 19:18:20 INFO     BYTES SENT: 1571
2023-05-27 19:18:20 INFO     BYTES SENT: 1579
2023-05-27 19:18:20 INFO     BYTES SENT: 1588
2023-05-27 19:18:20 INFO     BYTES SENT: 1605
2023-05-27 19:18:20 INFO     BYTES SENT: 1605
2023-05-27 19:18:20 INFO     PROCESS:Already delivered not re-broadcast all the signed vote messages
2023-05-27 19:18:20 INFO     PROCESS:Already delivered not re-broadcast all the signed vote messages
2023-05-27 19:18:20 INFO     PROCESS:Already delivered not re-broadcast all the signed vote messages
2023-05-27 19:18:20 INFO     PROCESS:Already delivered not re-broadcast all the signed vote messages
2023-05-27 19:18:20 INFO     BYTES SENT: 1633
2023-05-27 19:18:20 INFO     BYTES SENT: 1633
2023-05-27 19:18:20 INFO     PROCESS:Already delivered not re-broadcast all the signed vote messages
2023-05-27 19:18:20 INFO     PROCESS:Already delivered not re-broadcast all the signed vote messages
2023-05-27 19:18:20 INFO     PROCESS:Already delivered not re-broadcast all the signed vote messages
2023-05-27 19:18:20 INFO     BYTES SENT: 1652
2023-05-27 19:18:20 INFO     BYTES SENT: 1661
2023-05-27 19:18:20 INFO     BYTES SENT: 1669
2023-05-27 19:18:20 INFO     PROCESS:Already delivered not re-broadcast all the signed vote messages
2023-05-27 19:18:20 INFO     PROCESS:Already delivered not re-broadcast all the signed vote messages
2023-05-27 19:18:20 INFO     BYTES SENT: 1689
2023-05-27 19:18:20 INFO     BYTES SENT: 1697
2023-05-27 19:18:21 INFO     PROCESS:Already delivered not re-broadcast all the signed vote messages
2023-05-27 19:18:21 INFO     BYTES SENT: 1717
2023-05-27 19:18:21 INFO     BYTES SENT: 1734
2023-05-27 19:18:21 INFO     BYTES SENT: 1734
2023-05-27 19:18:21 INFO     BYTES SENT: 1762
2023-05-27 19:18:21 INFO     BYTES SENT: 1762
2023-05-27 19:18:21 INFO     BYTES SENT: 1770
2023-05-27 19:18:21 INFO     PROCESS:Already delivered not re-broadcast all the signed vote messages
2023-05-27 19:18:21 INFO     PROCESS:Already delivered not re-broadcast all the signed vote messages
2023-05-27 19:18:21 INFO     BYTES SENT: 1801
2023-05-27 19:18:21 INFO     BYTES SENT: 1810
2023-05-27 19:18:21 INFO     PROCESS:Already delivered not re-broadcast all the signed vote messages
2023-05-27 19:18:21 INFO     BYTES SENT: 1827
2023-05-27 19:18:21 INFO     BYTES SENT: 1827
2023-05-27 19:18:21 INFO     BYTES SENT: 1835
2023-05-27 19:18:21 INFO     BYTES SENT: 1844
2023-05-27 19:18:21 INFO     PROCESS:Already delivered not re-broadcast all the signed vote messages
2023-05-27 19:18:21 INFO     PROCESS:Already delivered not re-broadcast all the signed vote messages
2023-05-27 19:18:21 INFO     BYTES SENT: 1852
2023-05-27 19:18:21 INFO     PROCESS:Already delivered not re-broadcast all the signed vote messages
2023-05-27 19:18:21 INFO     BYTES SENT: 1871
2023-05-27 19:18:21 INFO     BYTES SENT: 1880
2023-05-27 19:18:21 INFO     BYTES SENT: 1897
2023-05-27 19:18:21 INFO     BYTES SENT: 1897
2023-05-27 19:18:21 INFO     PROCESS:Already delivered not re-broadcast all the signed vote messages
2023-05-27 19:18:21 INFO     PROCESS:Already delivered not re-broadcast all the signed vote messages
2023-05-27 19:18:21 INFO     PROCESS:Already delivered not re-broadcast all the signed vote messages
2023-05-27 19:18:21 INFO     BYTES SENT: 1917
2023-05-27 19:18:21 INFO     PROCESS:Already delivered not re-broadcast all the signed vote messages
2023-05-27 19:18:22 INFO     PROCESS:Already delivered not re-broadcast all the signed vote messages
2023-05-27 19:18:22 INFO     BYTES SENT: 1925
2023-05-27 19:18:22 INFO     BYTES SENT: 1933
2023-05-27 19:18:22 INFO     PROCESS:Already delivered not re-broadcast all the signed vote messages
2023-05-27 19:18:22 INFO     PROCESS:Already delivered not re-broadcast all the signed vote messages
2023-05-27 19:18:22 INFO     PROCESS:Already delivered not re-broadcast all the signed vote messages
2023-05-27 19:18:22 INFO     BYTES SENT: 1953
2023-05-27 19:18:22 INFO     BYTES SENT: 1970
2023-05-27 19:18:22 INFO     BYTES SENT: 1970
2023-05-27 19:18:22 INFO     PROCESS:Already delivered not re-broadcast all the signed vote messages
2023-05-27 19:18:22 INFO     PROCESS:Already delivered not re-broadcast all the signed vote messages
2023-05-27 19:18:22 INFO     PROCESS:Already delivered not re-broadcast all the signed vote messages
2023-05-27 19:18:22 INFO     BYTES SENT: 1979
2023-05-27 19:18:22 INFO     BYTES SENT: 1987
2023-05-27 19:18:22 INFO     BYTES SENT: 1996
2023-05-27 19:18:22 INFO     BYTES SENT: 2004
2023-05-27 19:18:22 INFO     BYTES SENT: 2012
2023-05-27 19:18:22 INFO     PROCESS:Already delivered not re-broadcast all the signed vote messages
2023-05-27 19:18:22 INFO     PROCESS:Already delivered not re-broadcast all the signed vote messages
2023-05-27 19:18:22 INFO     PROCESS:Already delivered not re-broadcast all the signed vote messages
2023-05-27 19:18:22 INFO     PROCESS:Already delivered not re-broadcast all the signed vote messages
2023-05-27 19:18:22 INFO     PROCESS:Already delivered not re-broadcast all the signed vote messages
2023-05-27 19:18:22 INFO     BYTES SENT: 2032
2023-05-27 19:18:22 INFO     PROCESS:Already delivered not re-broadcast all the signed vote messages
2023-05-27 19:18:22 INFO     PROCESS:Already delivered not re-broadcast all the signed vote messages
2023-05-27 19:18:22 INFO     BYTES SENT: 2041
2023-05-27 19:18:22 INFO     BYTES SENT: 2049
2023-05-27 19:18:22 INFO     BYTES SENT: 2058
2023-05-27 19:18:22 INFO     PROCESS:Already delivered not re-broadcast all the signed vote messages
2023-05-27 19:18:22 INFO     PROCESS:Already delivered not re-broadcast all the signed vote messages
2023-05-27 19:18:22 INFO     PROCESS:Already delivered not re-broadcast all the signed vote messages
2023-05-27 19:18:22 INFO     PROCESS:Already delivered not re-broadcast all the signed vote messages
2023-05-27 19:18:22 INFO     BYTES SENT: 2066
2023-05-27 19:18:22 INFO     BYTES SENT: 2075
2023-05-27 19:18:22 INFO     PROCESS:Already delivered not re-broadcast all the signed vote messages
2023-05-27 19:18:23 INFO     BYTES SENT: 2083
2023-05-27 19:18:23 INFO     BYTES SENT: 2103
2023-05-27 19:18:23 INFO     PROCESS:Already delivered not re-broadcast all the signed vote messages
2023-05-27 19:18:23 INFO     PROCESS:Already delivered not re-broadcast all the signed vote messages
2023-05-27 19:18:23 INFO     PROCESS:Already delivered not re-broadcast all the signed vote messages
2023-05-27 19:18:23 INFO     PROCESS:Already delivered not re-broadcast all the signed vote messages
2023-05-27 19:18:23 INFO     BYTES SENT: 2111
2023-05-27 19:18:23 INFO     PROCESS:Already delivered not re-broadcast all the signed vote messages
2023-05-27 19:18:23 INFO     PROCESS:Already delivered not re-broadcast all the signed vote messages
2023-05-27 19:18:23 INFO     BYTES SENT: 2120
2023-05-27 19:18:23 INFO     BYTES SENT: 2128
2023-05-27 19:18:23 INFO     PROCESS:Already delivered not re-broadcast all the signed vote messages
2023-05-27 19:18:23 INFO     BYTES SENT: 2137
2023-05-27 19:18:23 INFO     PROCESS:Already delivered not re-broadcast all the signed vote messages
2023-05-27 19:18:23 INFO     BYTES SENT: 2154
2023-05-27 19:18:23 INFO     BYTES SENT: 2154
2023-05-27 19:18:23 INFO     BYTES SENT: 2174
2023-05-27 19:18:23 INFO     PROCESS:Already delivered not re-broadcast all the signed vote messages
2023-05-27 19:18:23 INFO     BYTES SENT: 2190
2023-05-27 19:18:23 INFO     BYTES SENT: 2190
2023-05-27 19:18:23 INFO     PROCESS:Already delivered not re-broadcast all the signed vote messages
2023-05-27 19:18:23 INFO     PROCESS:Already delivered not re-broadcast all the signed vote messages
2023-05-27 19:18:23 INFO     PROCESS:Already delivered not re-broadcast all the signed vote messages
2023-05-27 19:18:23 INFO     PROCESS:Already delivered not re-broadcast all the signed vote messages
2023-05-27 19:18:23 INFO     PROCESS:Already delivered not re-broadcast all the signed vote messages
2023-05-27 19:18:23 INFO     BYTES SENT: 2199
2023-05-27 19:18:23 INFO     BYTES SENT: 2207
2023-05-27 19:18:23 INFO     BYTES SENT: 2216
2023-05-27 19:18:23 INFO     PROCESS:Already delivered not re-broadcast all the signed vote messages
2023-05-27 19:18:23 INFO     BYTES SENT: 2224
2023-05-27 19:18:23 INFO     BYTES SENT: 2241
2023-05-27 19:18:23 INFO     PROCESS:Already delivered not re-broadcast all the signed vote messages
2023-05-27 19:18:23 INFO     BYTES SENT: 2241
2023-05-27 19:18:23 INFO     PROCESS:Already delivered not re-broadcast all the signed vote messages
2023-05-27 19:18:23 INFO     PROCESS:Already delivered not re-broadcast all the signed vote messages
2023-05-27 19:18:23 INFO     PROCESS:Already delivered not re-broadcast all the signed vote messages
2023-05-27 19:18:23 INFO     PROCESS:Already delivered not re-broadcast all the signed vote messages
2023-05-27 19:18:23 INFO     BYTES SENT: 2261
2023-05-27 19:18:23 INFO     PROCESS:Already delivered not re-broadcast all the signed vote messages
2023-05-27 19:18:23 INFO     BYTES SENT: 2269
2023-05-27 19:18:23 INFO     BYTES SENT: 2278
2023-05-27 19:18:23 INFO     PROCESS:Already delivered not re-broadcast all the signed vote messages
2023-05-27 19:18:23 INFO     PROCESS:Already delivered not re-broadcast all the signed vote messages
2023-05-27 19:18:23 INFO     BYTES SENT: 2295
2023-05-27 19:18:23 INFO     BYTES SENT: 2295
2023-05-27 19:18:23 INFO     PROCESS:Already delivered not re-broadcast all the signed vote messages
2023-05-27 19:18:23 INFO     BYTES SENT: 2303
2023-05-27 19:18:23 INFO     PROCESS:Already delivered not re-broadcast all the signed vote messages
2023-05-27 19:18:23 INFO     PROCESS:Already delivered not re-broadcast all the signed vote messages
2023-05-27 19:18:24 INFO     PROCESS:Already delivered not re-broadcast all the signed vote messages
2023-05-27 19:18:24 INFO     BYTES SENT: 2312
2023-05-27 19:18:24 INFO     PROCESS:Already delivered not re-broadcast all the signed vote messages
2023-05-27 19:18:24 INFO     PROCESS:Already delivered not re-broadcast all the signed vote messages
2023-05-27 19:18:24 INFO     PROCESS:Already delivered not re-broadcast all the signed vote messages
2023-05-27 19:18:24 INFO     PROCESS:Already delivered not re-broadcast all the signed vote messages
